[2012/6/23 - 15:47:37] Drake DeNapo has edited DoorID 0's Exterior.
[2012/6/23 - 15:47:55] Drake DeNapo has edited door ID 0's name to Lake House Sweet.
[2012/6/23 - 15:48:8] Drake DeNapo has edited DoorID 0's Interior.
[2012/6/23 - 15:48:33] Drake DeNapo has edited DoorID 0's CustomInterior.
[2012/6/23 - 15:48:41] Drake DeNapo has edited DoorID 0's CustomExterior.
[2012/6/23 - 15:49:11] Drake DeNapo has edited DoorID 1's Exterior.
[2012/6/23 - 15:49:32] Drake DeNapo has edited DoorID 1's Interior.
[2012/6/23 - 15:49:45] Drake DeNapo has edited door ID 1's name to Drake's Lake Resort.
[2012/6/23 - 15:50:0] Drake DeNapo has edited door ID 0's name to Drake's Lake Resort.
[2012/6/23 - 15:50:32] Drake DeNapo has edited DoorID 2's Exterior.
[2012/6/23 - 15:50:43] Drake DeNapo has edited door ID 2's name to Drake's Lake Resort.
[2012/6/23 - 15:51:10] Drake DeNapo has edited DoorID 2's Interior.
[2012/6/23 - 15:51:19] Drake DeNapo has edited DoorID 1's CustomInterior.
[2012/6/23 - 15:51:20] Drake DeNapo has edited DoorID 2's CustomInterior.
[2012/6/23 - 15:51:27] Drake DeNapo has edited DoorID 2's CustomExterior.
[2012/6/23 - 15:51:29] Drake DeNapo has edited DoorID 1's CustomExterior.
[2012/6/23 - 15:52:10] Drake DeNapo has edited DoorID 3's Exterior.
[2012/6/23 - 15:52:23] Drake DeNapo has edited DoorID 3's Interior.
[2012/6/23 - 15:52:33] Drake DeNapo has edited door ID 3's name to Drake's Lake Resort.
[2012/6/23 - 15:52:44] Drake DeNapo has edited DoorID 3's CustomInterior.
[2012/6/23 - 15:52:48] Drake DeNapo has edited DoorID 3's CustomExterior.
[2012/12/21 - 17:30:30] Sa lem has edited DoorID 34's PickupModel.
[2012/12/21 - 17:30:32] Sa lem has edited DoorID 34's PickupModel.
[2012/12/21 - 17:30:35] Sa lem has edited DoorID 34's PickupModel.
[2012/12/21 - 17:30:38] Sa lem has edited DoorID 34's PickupModel.
[2012/12/21 - 17:31:0] Sa lem has edited DoorID 34's PickupModel.
[2012/12/21 - 17:31:3] Sa lem has edited DoorID 34's PickupModel.
[2012/12/21 - 17:31:6] Sa lem has edited DoorID 34's PickupModel.
[2012/12/21 - 17:31:9] Sa lem has edited DoorID 34's PickupModel.
[2012/12/21 - 17:31:12] Sa lem has edited DoorID 34's PickupModel.
[2012/12/21 - 17:31:19] Sa lem has edited DoorID 34's PickupModel.
[2012/12/21 - 17:31:21] Sa lem has edited DoorID 34's PickupModel.
[2012/12/23 - 13:52:31] Sa lem has edited DoorID 202's Exterior.
[2012/12/27 - 18:19:54] Sa lem has edited DoorID 39's Interior.
[2012/12/27 - 18:20:36] Sa lem has edited DoorID 39's Exterior.
[2012/12/27 - 18:20:44] Sa lem has edited door ID 39's name to Taxi HQ.
[2012/12/27 - 18:20:49] Sa lem has edited door ID 39's name to HQ Taxi.
[2012/12/27 - 18:20:56] Sa lem has edited DoorID 39's PickupModel.
[2012/12/27 - 18:20:58] Sa lem has edited DoorID 39's PickupModel.
[2012/12/27 - 18:21:0] Sa lem has edited DoorID 39's PickupModel.
[2012/12/27 - 18:21:3] Sa lem has edited DoorID 39's PickupModel.
[2012/12/27 - 18:21:6] Sa lem has edited DoorID 39's PickupModel.
[2012/12/27 - 18:21:7] Sa lem has edited DoorID 39's PickupModel.
[2012/12/27 - 18:21:10] Sa lem has edited DoorID 39's PickupModel.
[2012/12/27 - 18:21:11] Sa lem has edited DoorID 39's PickupModel.
[2012/12/27 - 18:21:15] Sa lem has edited DoorID 39's PickupModel.
[2012/12/27 - 18:21:27] Sa lem has edited DoorID 39's Exterior.
[2012/12/27 - 18:21:33] Sa lem has edited DoorID 39's Exterior.
[2012/12/27 - 18:21:47] Sa lem has edited DoorID 39's Exterior.
[2012/12/27 - 18:27:24] Sa lem has edited DoorID 39's CustomExterior.
[2012/12/27 - 18:28:26] Sa lem has edited DoorID 39's CustomInterior.
[2012/12/27 - 18:28:29] Sa lem has edited DoorID 39's CustomInterior.
[2012/12/27 - 18:40:54] Sa lem has edited DoorID 38's CustomExterior.
[2012/12/27 - 18:41:0] Sa lem has edited DoorID 2's CustomExterior.
[2012/12/27 - 18:41:1] Sa lem has edited DoorID 2's CustomExterior.
[2012/12/27 - 18:41:4] Sa lem has edited DoorID 1's CustomExterior.
[2012/12/27 - 18:41:5] Sa lem has edited DoorID 1's CustomExterior.
[2012/12/27 - 18:48:14] Sa lem has edited DoorID 13's PickupModel.
[2012/12/27 - 18:48:21] Sa lem has edited DoorID 13's PickupModel.
[2012/12/27 - 18:48:22] Sa lem has edited DoorID 13's PickupModel.
[2012/12/27 - 18:48:25] Sa lem has edited DoorID 13's PickupModel.
[2012/12/27 - 18:48:30] Sa lem has edited DoorID 13's PickupModel.
[2012/12/27 - 18:48:32] Sa lem has edited DoorID 13's PickupModel.
[2012/12/27 - 18:48:33] Sa lem has edited DoorID 13's PickupModel.
[2012/12/27 - 18:48:36] Sa lem has edited DoorID 13's PickupModel.
[2012/12/27 - 18:48:39] Sa lem has edited DoorID 13's PickupModel.
[2012/12/27 - 18:48:42] Sa lem has edited DoorID 13's PickupModel.
[2012/12/27 - 18:48:44] Sa lem has edited DoorID 13's PickupModel.
[2012/12/27 - 18:48:50] Sa lem has edited DoorID 13's PickupModel.
[2012/12/27 - 18:48:54] Sa lem has edited DoorID 13's PickupModel.
[2012/12/27 - 18:48:57] Sa lem has edited DoorID 13's PickupModel.
[2012/12/27 - 18:49:0] Sa lem has edited DoorID 13's PickupModel.
[2012/12/27 - 18:49:1] Sa lem has edited DoorID 13's PickupModel.
[2012/12/30 - 6:40:38] Sa lem has edited DoorID 14's PickupModel.
[2012/12/30 - 6:40:41] Sa lem has edited DoorID 14's PickupModel.
[2012/12/30 - 6:40:44] Sa lem has edited DoorID 14's PickupModel.
[2012/12/30 - 6:40:46] Sa lem has edited DoorID 14's PickupModel.
[2012/12/30 - 6:40:48] Sa lem has edited DoorID 14's PickupModel.
[2012/12/30 - 6:40:50] Sa lem has edited DoorID 14's PickupModel.
[2012/12/30 - 6:40:51] Sa lem has edited DoorID 14's PickupModel.
[2012/12/30 - 6:40:53] Sa lem has edited DoorID 14's PickupModel.
[2012/12/30 - 6:40:55] Sa lem has edited DoorID 14's PickupModel.
[2012/12/30 - 6:40:57] Sa lem has edited DoorID 14's PickupModel.
[2012/12/30 - 6:40:58] Sa lem has edited DoorID 14's PickupModel.
[2012/12/30 - 6:41:0] Sa lem has edited DoorID 14's PickupModel.
[2012/12/30 - 6:41:1] Sa lem has edited DoorID 14's PickupModel.
[2012/12/30 - 6:41:3] Sa lem has edited DoorID 14's PickupModel.
[2012/12/30 - 6:41:5] Sa lem has edited DoorID 14's PickupModel.
[2012/12/30 - 6:41:7] Sa lem has edited DoorID 14's PickupModel.
[2012/12/30 - 6:41:10] Sa lem has edited DoorID 14's PickupModel.
[2012/12/30 - 6:41:12] Sa lem has edited DoorID 14's PickupModel.
[2012/12/30 - 6:41:14] Sa lem has edited DoorID 14's PickupModel.
[2012/12/30 - 6:41:15] Sa lem has edited DoorID 14's PickupModel.
[2012/12/30 - 6:41:18] Sa lem has edited DoorID 14's PickupModel.
[2012/12/30 - 6:41:21] Sa lem has edited DoorID 14's PickupModel.
[2012/12/30 - 6:41:23] Sa lem has edited DoorID 14's PickupModel.
[2012/12/30 - 6:46:24] Sa lem has edited DoorID 45's Interior.
[2012/12/30 - 6:48:37] Sa lem has edited DoorID 45's Exterior.
[2012/12/30 - 6:48:45] Sa lem has edited door ID 45's name to Relax Room.
[2012/12/30 - 6:48:52] Sa lem has edited DoorID 45's PickupModel.
[2012/12/30 - 6:48:54] Sa lem has edited DoorID 45's PickupModel.
[2012/12/30 - 6:48:56] Sa lem has edited DoorID 45's PickupModel.
[2012/12/30 - 6:49:0] Sa lem has edited DoorID 45's PickupModel.
[2012/12/30 - 6:49:3] Sa lem has edited DoorID 45's PickupModel.
[2012/12/30 - 6:49:6] Sa lem has edited DoorID 45's PickupModel.
[2012/12/30 - 6:49:10] Sa lem has edited DoorID 45's PickupModel.
[2012/12/30 - 6:49:12] Sa lem has edited DoorID 45's PickupModel.
[2012/12/30 - 6:49:16] Sa lem has edited DoorID 45's PickupModel.
[2012/12/30 - 6:49:19] Sa lem has edited DoorID 45's PickupModel.
[2012/12/30 - 6:49:21] Sa lem has edited DoorID 45's PickupModel.
[2012/12/30 - 6:49:24] Sa lem has edited DoorID 45's PickupModel.
[2012/12/30 - 6:49:28] Sa lem has edited DoorID 45's PickupModel.
[2012/12/30 - 6:49:32] Sa lem has edited DoorID 45's PickupModel.
[2012/12/30 - 6:49:34] Sa lem has edited DoorID 45's PickupModel.
[2012/12/30 - 6:49:39] Sa lem has edited DoorID 45's PickupModel.
[2012/12/30 - 6:49:42] Sa lem has edited DoorID 45's PickupModel.
[2012/12/30 - 6:49:45] Sa lem has edited DoorID 45's PickupModel.
[2012/12/30 - 6:49:49] Sa lem has edited DoorID 45's PickupModel.
[2012/12/30 - 6:55:23] Sa lem has edited DoorID 242's PickupModel.
[2012/12/30 - 6:55:25] Sa lem has edited DoorID 242's PickupModel.
[2012/12/30 - 6:55:27] Sa lem has edited DoorID 242's PickupModel.
[2012/12/30 - 6:55:29] Sa lem has edited DoorID 242's PickupModel.
[2012/12/30 - 6:55:31] Sa lem has edited DoorID 242's PickupModel.
[2012/12/30 - 6:55:33] Sa lem has edited DoorID 242's PickupModel.
[2012/12/30 - 6:55:35] Sa lem has edited DoorID 242's PickupModel.
[2012/12/30 - 6:55:47] Sa lem has edited DoorID 242's CustomExterior.
[2012/12/30 - 6:55:54] Sa lem has edited DoorID 242's Exterior.
[2012/12/30 - 6:56:18] Sa lem has edited DoorID 46's Exterior.
[2012/12/30 - 6:56:34] Sa lem has edited DoorID 46's Interior.
[2012/12/30 - 6:58:12] Sa lem has edited door ID 46's name to Crack Lab.
[2012/12/30 - 6:58:18] Sa lem has edited DoorID 46's PickupModel.
[2012/12/30 - 6:58:22] Sa lem has edited DoorID 46's PickupModel.
[2012/12/30 - 6:58:25] Sa lem has edited DoorID 46's PickupModel.
[2012/12/30 - 6:58:27] Sa lem has edited DoorID 46's PickupModel.
[2012/12/30 - 7:8:28] Sa lem has edited DoorID 45's PickupModel.
[2012/12/30 - 7:8:31] Sa lem has edited DoorID 45's PickupModel.
[2012/12/30 - 7:8:36] Sa lem has edited DoorID 45's PickupModel.
[2012/12/30 - 7:8:39] Sa lem has edited DoorID 45's PickupModel.
[2012/12/31 - 20:45:9] Sa lem has edited DoorID 6's PickupModel.
[2012/12/31 - 20:45:11] Sa lem has edited DoorID 6's PickupModel.
[2012/12/31 - 20:45:14] Sa lem has edited DoorID 6's PickupModel.
[2012/12/31 - 20:45:16] Sa lem has edited DoorID 6's PickupModel.
[2012/12/31 - 20:45:19] Sa lem has edited DoorID 6's PickupModel.
[2012/12/31 - 20:46:7] Sa lem has edited DoorID 35's Exterior.
[2012/12/31 - 20:46:19] Sa lem has edited DoorID 35's Exterior.
[2012/12/31 - 20:46:24] Sa lem has edited DoorID 35's Exterior.
[2012/12/31 - 20:46:29] Sa lem has edited DoorID 35's Exterior.
[2012/12/31 - 20:52:26] Sa lem has edited DoorID 38's Interior.
[2013/1/1 - 16:25:30] Sa lem has edited DoorID 4's PickupModel.
[2013/1/1 - 16:25:45] Sa lem has edited DoorID 4's Exterior.
[2013/1/1 - 16:25:52] Sa lem has edited DoorID 4's Exterior.
[2013/1/1 - 16:25:58] Sa lem has edited DoorID 4's Exterior.
[2013/1/1 - 16:26:20] Sa lem has edited DoorID 4's PickupModel.
[2013/1/1 - 16:26:28] Sa lem has edited DoorID 4's PickupModel.
[2013/1/1 - 16:26:57] Sa lem has edited DoorID 345's PickupModel.
[2013/1/1 - 16:27:12] Sa lem has edited DoorID 345's Exterior.
[2013/1/1 - 16:27:19] Sa lem has edited DoorID 345's Exterior.
[2013/1/1 - 16:27:59] Sa lem has edited DoorID 0's Color.
[2013/1/1 - 16:28:1] Sa lem has edited DoorID 0's Color.
[2013/1/1 - 16:28:4] Sa lem has edited DoorID 0's Color.
[2013/1/1 - 16:28:6] Sa lem has edited DoorID 0's Color.
[2013/1/1 - 16:28:10] Sa lem has edited DoorID 0's Color.
[2013/1/1 - 16:28:12] Sa lem has edited DoorID 0's Color.
[2013/1/1 - 16:28:15] Sa lem has edited DoorID 0's Color.
[2013/1/1 - 16:28:18] Sa lem has edited DoorID 0's Color.
[2013/1/1 - 16:28:21] Sa lem has edited DoorID 0's Color.
[2013/1/1 - 16:28:24] Sa lem has edited DoorID 0's Color.
[2013/1/1 - 16:28:27] Sa lem has edited DoorID 0's Color.
[2013/1/1 - 16:28:42] Sa lem has edited door ID 0's name to Los Angeles Police Deparment.
[2013/1/1 - 16:29:36] Sa lem has edited DoorID 38's Color.
[2013/1/1 - 16:29:41] Sa lem has edited DoorID 38's Color.
[2013/1/1 - 16:29:44] Sa lem has edited DoorID 38's Color.
[2013/1/1 - 16:29:48] Sa lem has edited DoorID 38's Color.
[2013/1/1 - 16:29:50] Sa lem has edited DoorID 38's Color.
[2013/1/1 - 16:29:53] Sa lem has edited DoorID 38's Color.
[2013/1/1 - 16:29:57] Sa lem has edited DoorID 38's Color.
[2013/1/1 - 16:29:59] Sa lem has edited DoorID 38's Color.
[2013/1/1 - 16:30:1] Sa lem has edited DoorID 38's Color.
[2013/1/1 - 16:30:5] Sa lem has edited DoorID 38's Color.
[2013/1/1 - 16:30:7] Sa lem has edited DoorID 38's Color.
[2013/1/1 - 16:30:15] Sa lem has edited DoorID 38's Color.
[2013/1/1 - 16:30:18] Sa lem has edited DoorID 38's Color.
[2013/1/1 - 16:30:20] Sa lem has edited DoorID 38's Color.
[2013/1/1 - 16:30:25] Sa lem has edited DoorID 38's Color.
[2013/1/1 - 16:30:42] Sa lem has edited DoorID 2's Color.
[2013/1/11 - 17:53:51] Sa lem has edited DoorID 50's Interior.
[2013/1/11 - 17:56:1] Sa lem has edited DoorID 50's Exterior.
[2013/1/11 - 17:56:12] Sa lem has edited door ID 50's name to Onduty FDSA.
[2013/1/11 - 17:57:3] Sa lem has edited DoorID 51's Interior.
[2013/1/11 - 17:57:48] Sa lem has edited DoorID 51's Exterior.
[2013/1/11 - 17:57:53] Sa lem has deleted DoorID 15.
[2013/1/11 - 17:58:4] Sa lem has edited door ID 51's name to FDSA HQ.
[2013/1/11 - 18:22:40] Sa lem has edited door ID 50's name to FDSA Duty.
[2013/1/11 - 18:24:7] Sa lem has edited DoorID 52's Exterior.
[2013/1/11 - 18:24:20] Sa lem has edited door ID 52's name to Grovement Mainsion.
[2013/1/11 - 18:25:35] Sa lem has edited DoorID 52's Interior.
[2013/1/11 - 18:33:27] Sa lem has edited DoorID 53's Interior.
[2013/1/11 - 18:35:5] Sa lem has edited DoorID 53's Exterior.
[2013/1/11 - 18:35:10] Sa lem has edited door ID 53's name to Restaurent.
[2013/1/11 - 18:35:20] Sa lem has edited DoorID 53's CustomInterior.
[2013/1/11 - 18:35:22] Sa lem has edited DoorID 53's CustomInterior.
[2013/1/11 - 18:35:25] Sa lem has edited DoorID 52's CustomInterior.
[2013/1/11 - 18:35:27] Sa lem has edited DoorID 52's CustomInterior.
[2013/1/11 - 18:42:24] Sa lem has edited DoorID 54's Exterior.
[2013/1/11 - 18:47:0] Sa lem has edited DoorID 54's Interior.
[2013/1/11 - 18:47:43] Sa lem has edited door ID 54's name to a.
[2013/1/11 - 18:47:46] Sa lem has deleted DoorID 54.
[2013/1/11 - 18:48:41] Sa lem has edited DoorID 23's Exterior.
[2013/1/11 - 18:53:10] Sa lem has edited door ID 53's name to Nha hang.
[2013/1/11 - 18:53:18] Sa lem has edited DoorID 54's Exterior.
[2013/1/11 - 18:54:9] Sa lem has edited DoorID 54's Interior.
[2013/1/11 - 18:54:50] Sa lem has edited door ID 54's name to Ballas Gang.
[2013/1/11 - 18:55:2] Sa lem has edited DoorID 54's PickupModel.
[2013/1/11 - 18:55:6] Sa lem has edited DoorID 54's PickupModel.
[2013/1/11 - 18:55:8] Sa lem has edited DoorID 54's PickupModel.
[2013/1/11 - 18:55:10] Sa lem has edited DoorID 54's PickupModel.
[2013/1/11 - 18:55:13] Sa lem has edited DoorID 54's PickupModel.
[2013/1/11 - 18:55:15] Sa lem has edited DoorID 54's PickupModel.
[2013/1/11 - 18:55:18] Sa lem has edited DoorID 54's PickupModel.
[2013/1/11 - 18:55:21] Sa lem has edited DoorID 54's PickupModel.
[2013/1/11 - 18:55:28] Sa lem has edited DoorID 54's Color.
[2013/1/11 - 18:55:31] Sa lem has edited DoorID 54's Color.
[2013/1/11 - 19:0:23] Sa lem has edited DoorID 55's Interior.
[2013/1/11 - 19:1:54] Sa lem has edited DoorID 55's Exterior.
[2013/1/11 - 19:2:1] Sa lem has edited door ID 55's name to Khu quay phim.
[2013/1/11 - 19:6:1] Sa lem has edited DoorID 56's Exterior.
[2013/1/11 - 19:6:13] Sa lem has edited door ID 56's name to WWE Station.
[2013/1/11 - 19:7:3] Sa lem has deleted DoorID 56.
[2013/1/11 - 19:29:31] Sa lem has edited DoorID 56's Interior.
[2013/1/11 - 19:31:48] Sa lem has edited DoorID 56's Exterior.
[2013/1/11 - 19:31:53] Sa lem has edited door ID 56's name to Nha Tho.
[2013/1/11 - 19:32:12] Sa lem has edited DoorID 56's CustomInterior.
[2013/1/11 - 19:35:35] Sa lem has edited DoorID 56's PickupModel.
[2013/1/11 - 19:35:37] Sa lem has edited DoorID 56's PickupModel.
[2013/1/11 - 19:35:39] Sa lem has edited DoorID 56's PickupModel.
[2013/1/11 - 19:35:41] Sa lem has edited DoorID 56's PickupModel.
[2013/1/11 - 19:35:43] Sa lem has edited DoorID 56's PickupModel.
[2013/1/11 - 19:35:47] Sa lem has edited DoorID 56's PickupModel.
[2013/1/11 - 19:35:49] Sa lem has edited DoorID 56's PickupModel.
[2013/1/11 - 19:35:52] Sa lem has edited DoorID 56's PickupModel.
[2013/1/11 - 19:35:55] Sa lem has edited DoorID 56's PickupModel.
[2013/1/11 - 19:35:59] Sa lem has edited DoorID 56's PickupModel.
[2013/1/11 - 19:36:1] Sa lem has edited DoorID 56's PickupModel.
[2013/1/11 - 19:36:3] Sa lem has edited DoorID 56's PickupModel.
[2013/1/11 - 19:36:6] Sa lem has edited DoorID 56's PickupModel.
[2013/1/11 - 19:36:8] Sa lem has edited DoorID 56's PickupModel.
[2013/1/11 - 19:36:10] Sa lem has edited DoorID 56's PickupModel.
[2013/1/11 - 19:36:12] Sa lem has edited DoorID 56's PickupModel.
[2013/1/11 - 19:36:15] Sa lem has edited DoorID 56's PickupModel.
[2013/1/11 - 19:36:17] Sa lem has edited DoorID 56's PickupModel.
[2013/1/11 - 19:36:20] Sa lem has edited DoorID 56's PickupModel.
[2013/1/11 - 19:36:23] Sa lem has edited DoorID 56's PickupModel.
[2013/1/11 - 19:36:26] Sa lem has edited DoorID 56's PickupModel.
[2013/1/11 - 19:36:29] Sa lem has edited DoorID 56's PickupModel.
[2013/1/11 - 19:36:38] Sa lem has edited DoorID 56's Exterior.
[2013/1/11 - 19:36:39] Sa lem has edited DoorID 56's Exterior.
[2013/1/11 - 19:36:51] Sa lem has edited DoorID 56's Exterior.
[2013/1/12 - 10:48:12] Sa lem has edited DoorID 13's Interior.
[2013/1/12 - 11:28:30] Sa lem has edited DoorID 57's Exterior.
[2013/1/12 - 11:29:21] Sa lem has edited DoorID 57's Interior.
[2013/1/12 - 11:30:9] Sa lem has edited door ID 57's name to Sex Shop.
[2013/1/12 - 11:30:55] Sa lem has edited DoorID 57's Exterior.
[2013/1/12 - 11:31:2] Sa lem has edited DoorID 57's Exterior.
[2013/1/12 - 20:14:55] Sa lem has edited DoorID 50's Interior.
[2013/1/12 - 20:55:26] Sa lem has edited DoorID 57's PickupModel.
[2013/1/12 - 20:55:28] Sa lem has edited DoorID 57's PickupModel.
[2013/1/13 - 8:25:40] Sa lem has edited DoorID 0's Interior.
[2013/1/14 - 12:20:50] Sa lem has edited DoorID 58's Exterior.
[2013/1/14 - 12:21:0] Sa lem has edited DoorID 58's Interior.
[2013/1/14 - 12:26:31] Sa lem has edited door ID 58's name to Drug Factory.
[2013/1/14 - 12:26:56] Sa lem has edited DoorID 59's Exterior.
[2013/1/14 - 12:28:32] Sa lem has edited DoorID 59's Interior.
[2013/1/14 - 12:28:42] Sa lem has edited door ID 59's name to Crack lab.
[2013/1/14 - 12:29:22] Sa lem has edited DoorID 46's Exterior.
[2013/1/14 - 12:29:55] Sa lem has edited DoorID 59's Exterior.
[2013/1/14 - 12:30:2] Sa lem has edited door ID 59's name to Drug House.
[2013/1/14 - 12:30:22] Sa lem has edited door ID 46's name to Drug House.
[2013/1/14 - 12:30:28] Sa lem has edited door ID 59's name to Crack lab.
[2013/1/20 - 11:18:9] Mickey Mouse has edited DoorID 4's PickupModel.
[2013/1/20 - 11:18:12] Mickey Mouse has edited DoorID 4's PickupModel.
[2013/1/20 - 11:18:18] Mickey Mouse has edited DoorID 4's PickupModel.
[2013/1/20 - 11:18:24] Mickey Mouse has edited DoorID 4's PickupModel.
[2013/1/20 - 11:18:28] Mickey Mouse has edited DoorID 4's PickupModel.
[2013/1/21 - 13:58:32] Sa lem has edited DoorID 4's PickupModel.
[2013/1/21 - 13:58:35] Sa lem has edited DoorID 4's PickupModel.
[2013/1/21 - 13:58:38] Sa lem has edited DoorID 4's PickupModel.
[2013/1/24 - 19:40:0] Sa lem has edited DoorID 56's Exterior.
[2013/1/24 - 19:40:4] Sa lem has edited DoorID 56's Exterior.
[2013/1/26 - 13:9:9] Mickey Mouse has edited door ID 56's name to Nha` Tho Duc' Ba`.
[2013/1/26 - 13:9:30] Mickey Mouse has edited door ID 56's name to Nha` Tho Duc' Ba` ( Cha : Mickey Mouse ).
[2013/1/26 - 13:36:5] Sa lem has edited door ID 54's name to Unknow Gangtaz.
[2013/1/26 - 13:36:17] Sa lem has edited DoorID 54's Color.
[2013/1/26 - 15:18:13] Mickey Mouse has edited DoorID 4's PickupModel.
[2013/1/26 - 15:18:15] Mickey Mouse has edited DoorID 4's PickupModel.
[2013/1/26 - 15:18:18] Mickey Mouse has edited DoorID 4's PickupModel.
[2013/1/26 - 15:42:36] Sa lem has edited door ID 25's name to Nha nghi trucker.
[2013/1/26 - 19:44:21] Sa lem has edited DoorID 7's Exterior.
[2013/1/26 - 21:51:0] Mickey Mouse has edited DoorID 61's Exterior.
[2013/1/26 - 21:51:9] Mickey Mouse has edited DoorID 61's Exterior.
[2013/1/26 - 21:51:14] Mickey Mouse has edited DoorID 61's Exterior.
[2013/1/26 - 21:51:38] Mickey Mouse has edited DoorID 61's PickupModel.
[2013/1/26 - 21:51:40] Mickey Mouse has edited DoorID 61's PickupModel.
[2013/1/26 - 21:51:54] Mickey Mouse has edited DoorID 61's PickupModel.
[2013/1/26 - 21:51:56] Mickey Mouse has edited DoorID 61's PickupModel.
[2013/1/26 - 21:51:58] Mickey Mouse has edited DoorID 61's PickupModel.
[2013/1/26 - 21:52:0] Mickey Mouse has edited DoorID 61's PickupModel.
[2013/1/26 - 21:52:2] Mickey Mouse has edited DoorID 61's PickupModel.
[2013/1/26 - 21:52:5] Mickey Mouse has edited DoorID 61's PickupModel.
[2013/1/26 - 21:52:8] Mickey Mouse has edited DoorID 61's PickupModel.
[2013/1/26 - 21:52:11] Mickey Mouse has edited DoorID 61's PickupModel.
[2013/1/26 - 21:52:14] Mickey Mouse has edited DoorID 61's PickupModel.
[2013/1/26 - 21:52:21] Mickey Mouse has edited DoorID 61's PickupModel.
[2013/1/26 - 21:52:25] Mickey Mouse has edited DoorID 61's PickupModel.
[2013/1/26 - 21:52:27] Mickey Mouse has edited DoorID 61's PickupModel.
[2013/1/26 - 21:52:30] Mickey Mouse has edited DoorID 61's PickupModel.
[2013/1/26 - 21:52:32] Mickey Mouse has edited DoorID 61's PickupModel.
[2013/1/26 - 21:52:35] Mickey Mouse has edited DoorID 61's PickupModel.
[2013/1/26 - 21:53:36] Mickey Mouse has edited door ID 61's name to Bonanno's Coporation Headquater [ Owned: ].
[2013/1/26 - 21:54:50] Mickey Mouse has edited door ID 61's name to Tru so chinh Tap Doan Bonanno ./..
[2013/1/26 - 21:55:13] Mickey Mouse has edited door ID 61's name to Tru so chinh Tap Doan Bonanno. [ Owner : Wach Thi Fai ].
[2013/1/26 - 21:58:57] Mickey Mouse has edited DoorID 61's Interior.
[2013/1/26 - 22:5:50] Mickey Mouse has edited DoorID 61's Interior.
[2013/1/26 - 22:19:23] Mickey Mouse has edited DoorID 61's Interior.
[2013/1/26 - 22:20:13] Mickey Mouse has edited DoorID 61's Interior.
[2013/1/26 - 22:21:51] Mickey Mouse has edited DoorID 61's Interior.
[2013/1/26 - 22:23:28] Mickey Mouse has edited DoorID 61's Interior.
[2013/1/26 - 22:29:50] Mickey Mouse has edited DoorID 61's Interior.
[2013/1/27 - 16:38:39] Sa lem has edited door ID 13's name to 24/7 for sale.
[2013/1/27 - 16:38:58] Sa lem has edited door ID 13's name to 24/7\nfor Sale.
[2013/1/27 - 16:39:19] Sa lem has edited door ID 13's name to 24/7 dang duoc ban' voi' gia' 200k.
[2013/1/27 - 16:39:28] Sa lem has edited door ID 13's name to 24/7 dang duoc ban' voi' gia' 200k - Contract voi' Sa_lem.
[2013/1/27 - 16:40:43] Sa lem has edited door ID 13's name to 24/7 dang duoc ban' voi' gia' 1m - Contract voi' Sa_lem.
[2013/1/27 - 16:41:23] Sa lem has edited door ID 13's name to Cua hang 24/7 [ Owner : Sale with $1,000,000 ].
[2013/1/27 - 16:41:42] Sa lem has edited door ID 13's name to Cua hang 24/7 [ Status : Sale with $2,000,000 ].
[2013/1/27 - 21:0:52] Mickey Mouse has edited door ID 61's name to Tru so chinh Tap Doan Bonanno. [ Owner : Tevin Doan ].
[2013/1/28 - 20:6:13] Mickey Mouse has edited DoorID 62's Exterior.
[2013/1/28 - 20:6:43] Mickey Mouse has edited door ID 62's name to The Bonanno Corporation'  cua? sau [ Owner: Tevin Doan ].
[2013/1/28 - 20:6:54] Mickey Mouse has edited DoorID 62's PickupModel.
[2013/1/28 - 20:6:56] Mickey Mouse has edited DoorID 62's PickupModel.
[2013/1/28 - 20:7:0] Mickey Mouse has edited DoorID 62's PickupModel.
[2013/1/28 - 20:7:3] Mickey Mouse has edited DoorID 62's PickupModel.
[2013/1/28 - 20:7:5] Mickey Mouse has edited DoorID 62's PickupModel.
[2013/1/28 - 20:7:9] Mickey Mouse has edited DoorID 62's PickupModel.
[2013/1/28 - 20:7:13] Mickey Mouse has edited DoorID 62's PickupModel.
[2013/1/28 - 20:7:16] Mickey Mouse has edited DoorID 62's PickupModel.
[2013/1/28 - 20:7:20] Mickey Mouse has edited DoorID 62's PickupModel.
[2013/1/28 - 20:7:24] Mickey Mouse has edited DoorID 62's PickupModel.
[2013/1/28 - 20:7:27] Mickey Mouse has edited DoorID 62's PickupModel.
[2013/1/28 - 20:7:30] Mickey Mouse has edited DoorID 62's PickupModel.
[2013/1/28 - 20:7:33] Mickey Mouse has edited DoorID 62's PickupModel.
[2013/1/28 - 20:7:35] Mickey Mouse has edited DoorID 62's PickupModel.
[2013/1/28 - 20:8:54] Mickey Mouse has edited DoorID 62's Interior.
[2013/1/29 - 18:53:24] Thomas Lee has edited door ID 3's name to 24/7 [So huu: Chua co] Dang duoc ban voi gia 2m5.
[2013/1/29 - 19:45:22] Thomas Lee has edited DoorID 46's PickupModel.
[2013/1/29 - 19:45:25] Thomas Lee has edited DoorID 46's PickupModel.
[2013/1/29 - 19:45:27] Thomas Lee has edited DoorID 46's PickupModel.
[2013/1/29 - 19:45:30] Thomas Lee has edited DoorID 46's PickupModel.
[2013/1/29 - 19:45:32] Thomas Lee has edited DoorID 46's PickupModel.
[2013/1/29 - 19:45:34] Thomas Lee has edited DoorID 46's PickupModel.
[2013/1/29 - 19:45:36] Thomas Lee has edited DoorID 46's PickupModel.
[2013/1/29 - 19:45:38] Thomas Lee has edited DoorID 46's PickupModel.
[2013/1/29 - 19:45:40] Thomas Lee has edited DoorID 46's PickupModel.
[2013/1/29 - 19:45:42] Thomas Lee has edited DoorID 46's PickupModel.
[2013/1/29 - 19:45:44] Thomas Lee has edited DoorID 46's PickupModel.
[2013/1/29 - 19:45:45] Thomas Lee has edited DoorID 46's PickupModel.
[2013/1/29 - 19:45:48] Thomas Lee has edited DoorID 46's PickupModel.
[2013/1/29 - 19:45:51] Thomas Lee has edited DoorID 46's PickupModel.
[2013/1/29 - 20:38:51] Thomas Lee has edited DoorID 54's Family.
[2013/1/30 - 18:15:19] Sa lem has edited door ID 13's name to Cua hang 24/7.
[2013/1/30 - 19:36:59] Sa lem has edited DoorID 83's Exterior.
[2013/1/30 - 19:37:6] Sa lem has edited door ID 83's name to Hoi dong quan tri.
[2013/1/30 - 19:39:4] Sa lem has edited DoorID 63's Interior.
[2013/1/30 - 19:39:44] Sa lem has deleted DoorID 83.
[2013/1/30 - 19:39:50] Sa lem has edited DoorID 63's Exterior.
[2013/1/30 - 19:39:56] Sa lem has edited door ID 63's name to Hoi dong quan tri.
[2013/1/31 - 12:35:36] Sa lem has edited door ID 36's name to San thuong.
[2013/2/1 - 13:55:5] Sa lem has edited door ID 3's name to Cua hang 24/7.
[2013/2/2 - 16:6:58] Lam King has edited door ID 56's name to Nha` tho` Duc' Ba` ( Cha : Lam King ).
[2013/2/2 - 16:7:12] Lam King has edited door ID 56's name to Nha` tho` Duc' Ba` ( Cha: Lam King ).
[2013/2/3 - 10:44:37] Sa lem has edited DoorID 64's Exterior.
[2013/2/3 - 10:44:48] Sa lem has edited DoorID 64's Interior.
[2013/2/3 - 10:44:59] Sa lem has deleted DoorID 123.
[2013/2/3 - 10:45:30] Sa lem has edited door ID 64's name to HQ SA NEWS.
[2013/2/4 - 6:42:55] Sa lem has edited DoorID 1's Exterior.
[2013/2/4 - 6:43:1] Sa lem has edited DoorID 1's Exterior.
[2013/2/4 - 6:43:24] Sa lem has edited DoorID 2's Exterior.
[2013/2/4 - 6:43:31] Sa lem has edited DoorID 38's Exterior.
[2013/2/4 - 6:43:41] Sa lem has edited DoorID 2's Exterior.
[2013/2/4 - 6:45:22] Sa lem has edited DoorID 63's Exterior.
[2013/2/4 - 6:47:23] Sa lem has edited DoorID 63's Exterior.
[2013/2/4 - 6:47:30] Sa lem has edited DoorID 63's Exterior.
[2013/2/4 - 7:4:4] Sa lem has edited DoorID 310's Interior.
[2013/2/4 - 7:5:6] Sa lem has edited DoorID 310's Interior.
[2013/2/4 - 7:5:47] Sa lem has edited DoorID 65's Exterior.
[2013/2/4 - 7:6:9] Sa lem has edited DoorID 65's Interior.
[2013/2/4 - 7:6:19] Sa lem has deleted DoorID 310.
[2013/2/4 - 7:6:28] Sa lem has edited door ID 65's name to Ngan hang nha nuoc.
[2013/2/5 - 20:13:43] Sa lem has edited DoorID 66's Interior.
[2013/2/5 - 20:13:56] Sa lem has edited DoorID 66's Exterior.
[2013/2/5 - 20:14:5] Sa lem has edited door ID 66's name to HQ Gang.
[2013/2/5 - 20:16:21] Sa lem has edited door ID 66's name to HQ Gang NeprofiT.
[2013/2/6 - 8:14:40] Sa lem has edited DoorID 67's Exterior.
[2013/2/6 - 8:14:49] Sa lem has edited DoorID 67's Exterior.
[2013/2/6 - 8:14:53] Sa lem has edited DoorID 67's Exterior.
[2013/2/6 - 8:22:14] Sa lem has edited DoorID 67's Interior.
[2013/2/6 - 8:22:42] Sa lem has edited door ID 67's name to Yakuza Street.
[2013/2/6 - 8:22:54] Sa lem has edited DoorID 67's PickupModel.
[2013/2/6 - 8:22:57] Sa lem has edited DoorID 67's PickupModel.
[2013/2/6 - 8:23:0] Sa lem has edited DoorID 67's PickupModel.
[2013/2/6 - 8:23:2] Sa lem has edited DoorID 67's PickupModel.
[2013/2/6 - 8:23:4] Sa lem has edited DoorID 67's PickupModel.
[2013/2/6 - 8:23:7] Sa lem has edited DoorID 67's PickupModel.
[2013/2/6 - 8:23:9] Sa lem has edited DoorID 67's PickupModel.
[2013/2/6 - 8:23:13] Sa lem has edited DoorID 67's PickupModel.
[2013/2/6 - 8:23:17] Sa lem has edited DoorID 67's PickupModel.
[2013/2/6 - 8:23:19] Sa lem has edited DoorID 67's PickupModel.
[2013/2/6 - 8:23:22] Sa lem has edited DoorID 67's PickupModel.
[2013/2/6 - 8:23:24] Sa lem has edited DoorID 67's PickupModel.
[2013/2/6 - 8:23:27] Sa lem has edited DoorID 67's PickupModel.
[2013/2/6 - 8:23:30] Sa lem has edited DoorID 67's PickupModel.
[2013/2/6 - 8:23:35] Sa lem has edited DoorID 67's PickupModel.
[2013/2/6 - 8:23:49] Sa lem has edited DoorID 67's PickupModel.
[2013/2/6 - 8:23:52] Sa lem has edited DoorID 67's PickupModel.
[2013/2/6 - 8:23:54] Sa lem has edited DoorID 67's PickupModel.
[2013/2/6 - 8:24:1] Sa lem has edited DoorID 67's PickupModel.
[2013/2/6 - 8:24:3] Sa lem has edited DoorID 67's PickupModel.
[2013/2/6 - 8:24:6] Sa lem has edited DoorID 67's PickupModel.
[2013/2/6 - 8:24:9] Sa lem has edited DoorID 67's PickupModel.
[2013/2/6 - 10:37:6] Sa lem has edited DoorID 68's Exterior.
[2013/2/6 - 10:38:15] Sa lem has edited DoorID 68's Interior.
[2013/2/6 - 10:39:15] Sa lem has edited DoorID 58's Interior.
[2013/2/6 - 10:40:39] Sa lem has edited DoorID 58's Interior.
[2013/2/6 - 10:40:53] Sa lem has edited DoorID 68's Interior.
[2013/2/6 - 10:42:16] Sa lem has edited DoorID 67's Interior.
[2013/2/6 - 10:42:42] Sa lem has edited door ID 68's name to HQ GANG NeprofiT.
[2013/2/6 - 10:42:55] Sa lem has deleted DoorID 66.
[2013/2/6 - 10:52:1] Sa lem has edited DoorID 67's Exterior.
[2013/2/6 - 17:47:22] Sa lem has edited DoorID 50's CustomExterior.
[2013/2/6 - 21:17:5] Lam Sid has edited door ID 56's name to Nha` Tho Duc' Ba` ( Cha: Lam Sid ).
[2013/2/7 - 7:11:42] Sa lem has edited DoorID 68's Interior.
[2013/2/7 - 7:12:49] Sa lem has edited DoorID 68's Interior.
[2013/2/7 - 8:46:45] Lam Sid has edited DoorID 62's Interior.
[2013/2/7 - 10:50:32] Sa lem has edited DoorID 68's CustomInterior.
[2013/2/7 - 10:50:34] Sa lem has edited DoorID 68's CustomInterior.
[2013/2/8 - 7:33:2] Sa lem has edited DoorID 25's Exterior.
[2013/2/8 - 9:32:30] Sa lem has edited DoorID 69's Exterior.
[2013/2/8 - 9:33:42] Sa lem has edited DoorID 69's Interior.
[2013/2/8 - 9:33:58] Sa lem has edited door ID 69's name to Yakuza Street.
[2013/2/8 - 9:35:21] Sa lem has edited DoorID 69's Interior.
[2013/2/10 - 20:33:58] Sa lem has deleted DoorID 62.
[2013/2/10 - 20:34:28] Sa lem has deleted DoorID 61.
[2013/2/11 - 0:21:44] TOP Sid has edited DoorID 431's Exterior.
[2013/2/11 - 0:22:12] TOP Sid has edited DoorID 431's Interior.
[2013/2/11 - 0:22:39] TOP Sid has edited door ID 431's name to Warehouse 1 [EV].
[2013/2/11 - 0:22:47] TOP Sid has edited DoorID 431's Color.
[2013/2/11 - 0:22:49] TOP Sid has edited DoorID 431's Color.
[2013/2/11 - 0:22:51] TOP Sid has edited DoorID 431's Color.
[2013/2/11 - 0:22:54] TOP Sid has edited DoorID 431's Color.
[2013/2/11 - 0:23:5] TOP Sid has edited DoorID 431's Exterior.
[2013/2/11 - 0:26:53] TOP Sid has edited DoorID 431's Exterior.
[2013/2/11 - 0:27:14] TOP Sid has edited door ID 431's name to Event.
[2013/2/11 - 0:39:20] TOP Sid has deleted DoorID 431.
[2013/2/11 - 0:46:1] TOP Sid has edited DoorID 431's Exterior.
[2013/2/11 - 0:47:26] TOP Sid has edited DoorID 431's Interior.
[2013/2/11 - 11:16:9] sa lem has edited DoorID 25's CustomExterior.
[2013/2/11 - 11:16:35] sa lem has edited DoorID 25's Exterior.
[2013/2/11 - 11:16:47] sa lem has edited DoorID 25's Exterior.
[2013/2/11 - 13:50:59] Sa lem has edited DoorID 10's Interior.
[2013/2/11 - 21:18:41] TOP Sid has edited DoorID 69's Exterior.
[2013/2/11 - 21:20:56] TOP Sid has edited DoorID 69's Exterior.
[2013/2/11 - 21:21:5] TOP Sid has edited DoorID 69's Exterior.
[2013/2/11 - 21:22:1] TOP Sid has edited DoorID 69's Exterior.
[2013/2/11 - 21:23:30] TOP Sid has edited DoorID 69's Exterior.
[2013/2/11 - 21:23:39] TOP Sid has edited DoorID 69's Exterior.
[2013/2/11 - 21:23:47] TOP Sid has edited DoorID 69's Exterior.
[2013/2/11 - 21:23:52] TOP Sid has edited DoorID 69's Exterior.
[2013/2/11 - 21:24:59] TOP Sid has edited DoorID 603's Exterior.
[2013/2/11 - 21:25:2] TOP Sid has edited DoorID 603's Exterior.
[2013/2/11 - 21:25:59] TOP Sid has edited DoorID 603's Interior.
[2013/2/11 - 21:26:26] TOP Sid has edited door ID 603's name to NeprofiT.
[2013/2/11 - 21:26:35] TOP Sid has edited door ID 603's name to HQ Gang NeprofiT [Cua sau].
[2013/2/12 - 7:51:41] Sa lem has edited DoorID 10's Exterior.
[2013/2/12 - 7:52:24] Sa lem has edited door ID 10's name to CHP HQ.
[2013/2/12 - 13:48:4] Sa lem has edited DoorID 66's Interior.
[2013/2/12 - 13:48:32] Sa lem has edited DoorID 66's CustomInterior.
[2013/2/12 - 13:48:48] Sa lem has edited DoorID 66's Exterior.
[2013/2/12 - 13:48:57] Sa lem has edited door ID 66's name to Ballas HQ.
[2013/2/12 - 13:49:12] Sa lem has edited door ID 66's name to Ballas King HQ.
[2013/2/12 - 15:41:35] Sa lem has edited DoorID 66's Exterior.
[2013/2/12 - 17:4:5] Lam Sid has edited DoorID 61's Exterior.
[2013/2/12 - 17:4:16] Lam Sid has edited door ID 61's name to Cac map ga`.
[2013/2/12 - 17:6:13] Lam Sid has edited DoorID 61's Interior.
[2013/2/12 - 17:6:38] Lam Sid has edited DoorID 61's Exterior.
[2013/2/12 - 17:6:56] Lam Sid has edited door ID 61's name to Cua? sau..
[2013/2/12 - 17:7:12] Lam Sid has edited DoorID 61's PickupModel.
[2013/2/12 - 17:7:14] Lam Sid has edited DoorID 61's PickupModel.
[2013/2/12 - 17:7:16] Lam Sid has edited DoorID 61's PickupModel.
[2013/2/12 - 17:7:19] Lam Sid has edited DoorID 61's PickupModel.
[2013/2/12 - 17:7:21] Lam Sid has edited DoorID 61's PickupModel.
[2013/2/12 - 17:7:24] Lam Sid has edited DoorID 61's PickupModel.
[2013/2/12 - 17:7:28] Lam Sid has edited DoorID 61's PickupModel.
[2013/2/12 - 17:7:31] Lam Sid has edited DoorID 61's PickupModel.
[2013/2/12 - 17:7:44] Lam Sid has edited DoorID 61's Exterior.
[2013/2/12 - 17:8:21] Lam Sid has edited door ID 61's name to Cua sau [ Owned : Dominic_Toretto ] ( Report: For move it ).
[2013/2/12 - 17:8:33] Lam Sid has edited door ID 61's name to Cua sau [ Owned: Dominic_Toretto ] ( Report: For move it ).
[2013/2/12 - 17:8:45] Lam Sid has edited DoorID 61's Color.
[2013/2/12 - 17:9:41] Lam Sid has edited door ID 61's name to Dom's Garage [ Owned: Dominic_Toretto ] .
[2013/2/12 - 17:45:51] TOP Sid has edited DoorID 69's Exterior.
[2013/2/12 - 17:46:10] TOP Sid has edited DoorID 69's Exterior.
[2013/2/12 - 23:37:42] TOP Sid has edited DoorID 597's Exterior.
[2013/2/12 - 23:38:36] TOP Sid has edited DoorID 597's Interior.
[2013/2/12 - 23:39:16] TOP Sid has edited DoorID 597's Exterior.
[2013/2/12 - 23:39:22] TOP Sid has edited DoorID 597's Exterior.
[2013/2/12 - 23:39:25] TOP Sid has edited DoorID 597's Exterior.
[2013/2/12 - 23:39:30] TOP Sid has edited DoorID 597's Exterior.
[2013/2/12 - 23:39:43] Lam Sid has edited door ID 597's name to 0.
[2013/2/13 - 7:22:51] Sa lem has edited DoorID 597's Exterior.
[2013/2/13 - 10:43:21] Sa lem has edited DoorID 597's Exterior.
[2013/2/13 - 10:45:34] Sa lem has deleted DoorID 597.
[2013/2/13 - 10:47:16] Sa lem has edited DoorID 431's Exterior.
[2013/2/13 - 10:47:50] Sa lem has edited DoorID 431's Exterior.
[2013/2/13 - 10:48:17] Sa lem has edited door ID 431's name to cac.
[2013/2/13 - 10:48:27] Sa lem has deleted DoorID 431.
[2013/2/13 - 11:28:12] Lam Sid has deleted DoorID 61.
[2013/2/14 - 7:55:38] Sa lem has edited DoorID 70's Interior.
[2013/2/14 - 7:55:51] Sa lem has edited DoorID 70's Exterior.
[2013/2/14 - 7:57:35] Sa lem has edited door ID 70's name to Tap doan Bonano [Ower : Duy_Smith].
[2013/2/14 - 9:29:29] Sa lem has edited DoorID 70's Interior.
[2013/2/14 - 9:30:3] Sa lem has edited DoorID 70's Exterior.
[2013/2/14 - 20:51:58] Sa lem has edited DoorID 63's CustomExterior.
[2013/2/17 - 17:29:11] Sa lem has edited door ID 70's name to Chicken Town.
[2013/2/17 - 18:33:26] Sa lem has edited door ID 4's name to GYM - Phong tap vo.
[2013/2/18 - 12:46:4] Sa lem has edited DoorID 34's VehicleAble.
[2013/2/18 - 18:45:12] Sa lem has edited DoorID 71's Interior.
[2013/2/18 - 18:45:45] Sa lem has edited DoorID 71's Exterior.
[2013/2/18 - 18:45:46] Sa lem has edited DoorID 71's Exterior.
[2013/2/18 - 18:46:38] Sa lem has edited door ID 71's name to Jack_Ky Door.
[2013/2/18 - 18:49:57] Sa lem has edited DoorID 71's Exterior.
[2013/2/18 - 18:52:47] Sa lem has edited DoorID 71's Exterior.
[2013/2/20 - 14:35:56] Galaxy Teno has edited door ID 67's name to The Mafia.
[2013/2/20 - 14:36:0] Galaxy Teno has edited DoorID 67's Exterior.
[2013/2/20 - 14:36:2] Galaxy Teno has edited DoorID 67's Exterior.
[2013/2/20 - 19:50:24] Sa lem has edited door ID 242's name to Jefferson Motel dang duoc ban voi gia' 150k VND.
[2013/2/20 - 19:50:40] Sa lem has edited door ID 242's name to Jefferson Motel dang duoc ban voi gia' 50k VND.
[2013/2/23 - 8:58:14] Sa lem has edited DoorID 70's Exterior.
[2013/2/23 - 10:54:18] Sa lem has edited DoorID 242's Interior.
[2013/2/23 - 10:54:26] Sa lem has edited door ID 242's name to Gang HQ.
[2013/2/23 - 10:54:46] Sa lem has edited door ID 242's name to CrowZero HQ.
[2013/2/23 - 10:54:53] Sa lem has edited door ID 242's name to CrowsZero HQ.
[2013/2/25 - 15:43:1] Sa lem has edited DoorID 242's Interior.
[2013/2/25 - 17:35:55] Sa lem has edited DoorID 72's Exterior.
[2013/2/25 - 17:36:16] Sa lem has edited DoorID 72's Interior.
[2013/2/25 - 17:52:45] Sa lem has edited DoorID 73's Interior.
[2013/2/25 - 17:55:7] Sa lem has edited DoorID 72's Exterior.
[2013/2/25 - 17:55:27] Sa lem has edited DoorID 73's Exterior.
[2013/2/25 - 17:56:16] Sa lem has edited door ID 73's name to Pirates Mafia Soc Trang.
[2013/2/25 - 17:56:40] Sa lem has edited door ID 72's name to Loi len thap.
[2013/2/25 - 17:57:52] Sa lem has edited DoorID 72's CustomExterior.
[2013/2/25 - 17:57:58] Sa lem has edited DoorID 72's CustomInterior.
[2013/2/27 - 14:26:25] Sa lem has edited DoorID 6's CustomExterior.
[2013/2/27 - 18:55:16] Sa lem has edited DoorID 4's Interior.
[2013/2/27 - 19:15:51] Sa lem has edited DoorID 73's Family.
[2013/2/27 - 20:0:11] Sa lem has edited DoorID 74's Interior.
[2013/2/27 - 20:0:22] Sa lem has edited DoorID 74's Exterior.
[2013/2/27 - 20:1:0] Sa lem has edited door ID 74's name to HQ The Bennetts.
[2013/2/27 - 20:5:10] Sa lem has edited DoorID 74's Exterior.
[2013/3/11 - 16:39:21] Jeff Rygaard has edited door ID 71's name to Nhim_Stone Door.
[2013/3/11 - 21:5:2] Jeff Rygaard has edited DoorID 960's Exterior.
[2013/3/11 - 21:6:7] Jeff Rygaard has edited DoorID 960's Interior.
[2013/3/11 - 21:6:29] Jeff Rygaard has edited door ID 960's name to HQ CrowZero.
[2013/3/11 - 21:6:43] Jeff Rygaard has edited door ID 960's name to HQ Garage CrowsZero.
[2013/3/11 - 21:17:16] Jeff Rygaard has edited DoorID 961's Exterior.
[2013/3/11 - 21:17:21] Jeff Rygaard has edited DoorID 961's Exterior.
[2013/3/11 - 21:17:28] Jeff Rygaard has edited DoorID 961's Exterior.
[2013/3/11 - 21:17:45] Jeff Rygaard has edited door ID 961's name to HQ Garage CrowsZero.
[2013/3/11 - 21:18:3] Jeff Rygaard has edited DoorID 961's PickupModel.
[2013/3/11 - 21:18:5] Jeff Rygaard has edited DoorID 961's PickupModel.
[2013/3/11 - 21:18:9] Jeff Rygaard has edited DoorID 961's PickupModel.
[2013/3/11 - 21:19:40] Jeff Rygaard has edited DoorID 961's Interior.
[2013/3/11 - 21:20:9] Jeff Rygaard has edited DoorID 961's Interior.
[2013/3/11 - 21:20:15] Jeff Rygaard has edited DoorID 961's Interior.
[2013/3/11 - 21:22:6] Jeff Rygaard has deleted DoorID 961.
[2013/3/11 - 21:30:38] Jeff Rygaard has edited DoorID 961's Exterior.
[2013/3/11 - 21:30:48] Jeff Rygaard has edited DoorID 961's PickupModel.
[2013/3/11 - 21:30:50] Jeff Rygaard has edited DoorID 961's PickupModel.
[2013/3/11 - 21:30:51] Jeff Rygaard has edited DoorID 961's PickupModel.
[2013/3/11 - 21:30:54] Jeff Rygaard has edited DoorID 961's PickupModel.
[2013/3/11 - 21:31:3] Jeff Rygaard has edited DoorID 961's Exterior.
[2013/3/11 - 21:31:7] Jeff Rygaard has edited DoorID 961's Exterior.
[2013/3/11 - 21:31:14] Jeff Rygaard has edited DoorID 961's Exterior.
[2013/3/11 - 21:31:18] Jeff Rygaard has edited DoorID 961's Exterior.
[2013/3/11 - 21:31:34] Jeff Rygaard has edited DoorID 961's Interior.
[2013/3/11 - 21:31:59] Jeff Rygaard has edited door ID 961's name to San Thuong HQ CrowsZero.
[2013/3/12 - 21:8:20] Follow Me has edited DoorID 289's Exterior.
[2013/3/12 - 21:10:38] Follow Me has edited DoorID 289's Faction.
[2013/3/12 - 21:10:39] Follow Me has edited DoorID 289's Faction.
[2013/3/12 - 21:10:41] Follow Me has edited DoorID 289's Faction.
[2013/3/12 - 21:10:42] Follow Me has edited DoorID 289's Faction.
[2013/3/12 - 21:10:44] Follow Me has edited DoorID 289's Faction.
[2013/3/12 - 21:14:42] Follow Me has edited door ID 289's name to Hello.
[2013/3/12 - 21:15:22] Follow Me has deleted DoorID 289.
[2013/3/12 - 21:37:58] Follow Me has edited door ID 57's name to Sex.
[2013/3/12 - 21:38:4] Follow Me has edited door ID 57's name to Sex Shop.
[2013/3/12 - 21:46:9] Follow Me has edited DoorID 300's Exterior.
[2013/3/12 - 21:52:10] Follow Me has edited DoorID 300's VIP Level.
[2013/3/12 - 21:52:35] Follow Me has edited DoorID 300's PickupModel.
[2013/3/12 - 21:52:37] Follow Me has edited DoorID 300's PickupModel.
[2013/3/12 - 21:52:42] Follow Me has edited DoorID 300's PickupModel.
[2013/3/12 - 21:52:45] Follow Me has edited DoorID 300's PickupModel.
[2013/3/12 - 21:52:49] Follow Me has edited DoorID 300's PickupModel.
[2013/3/12 - 21:52:51] Follow Me has edited DoorID 300's PickupModel.
[2013/3/12 - 21:52:54] Follow Me has edited DoorID 300's PickupModel.
[2013/3/12 - 21:52:56] Follow Me has edited DoorID 300's PickupModel.
[2013/3/12 - 21:52:59] Follow Me has edited DoorID 300's PickupModel.
[2013/3/12 - 21:53:2] Follow Me has edited DoorID 300's PickupModel.
[2013/3/12 - 21:53:6] Follow Me has edited DoorID 300's PickupModel.
[2013/3/12 - 21:53:9] Follow Me has edited DoorID 300's PickupModel.
[2013/3/12 - 21:53:16] Follow Me has edited DoorID 300's PickupModel.
[2013/3/12 - 21:53:21] Follow Me has edited DoorID 300's PickupModel.
[2013/3/12 - 21:53:24] Follow Me has edited DoorID 300's PickupModel.
[2013/3/12 - 21:53:26] Follow Me has edited DoorID 300's PickupModel.
[2013/3/12 - 21:53:28] Follow Me has edited DoorID 300's PickupModel.
[2013/3/12 - 21:53:36] Follow Me has edited DoorID 300's PickupModel.
[2013/3/12 - 21:53:38] Follow Me has edited DoorID 300's PickupModel.
[2013/3/12 - 21:53:40] Follow Me has edited DoorID 300's PickupModel.
[2013/3/12 - 21:53:45] Follow Me has edited DoorID 300's PickupModel.
[2013/3/12 - 21:54:20] Follow Me has edited DoorID 300's Exterior.
[2013/3/12 - 21:54:22] Follow Me has edited DoorID 300's Exterior.
[2013/3/13 - 21:52:27] Kh0ng Ten has edited DoorID 300's Interior.
[2013/3/14 - 0:54:48] Follow Me has edited DoorID 103's Exterior.
[2013/3/14 - 0:54:52] Follow Me has edited DoorID 103's Exterior.
[2013/3/14 - 0:55:2] Follow Me has edited DoorID 103's Exterior.
[2013/3/14 - 0:57:31] Follow Me has edited DoorID 103's Interior.
[2013/3/14 - 0:58:40] Follow Me has edited DoorID 103's PickupModel.
[2013/3/14 - 0:58:44] Follow Me has edited DoorID 103's PickupModel.
[2013/3/14 - 0:58:46] Follow Me has edited DoorID 103's PickupModel.
[2013/3/14 - 0:58:48] Follow Me has edited DoorID 103's PickupModel.
[2013/3/14 - 0:58:52] Follow Me has edited DoorID 103's PickupModel.
[2013/3/14 - 0:58:54] Follow Me has edited DoorID 103's PickupModel.
[2013/3/14 - 0:58:56] Follow Me has edited DoorID 103's PickupModel.
[2013/3/14 - 0:58:58] Follow Me has edited DoorID 103's PickupModel.
[2013/3/14 - 0:59:1] Follow Me has edited DoorID 103's PickupModel.
[2013/3/14 - 0:59:3] Follow Me has edited DoorID 103's PickupModel.
[2013/3/14 - 0:59:7] Follow Me has edited DoorID 103's PickupModel.
[2013/3/14 - 0:59:10] Follow Me has edited DoorID 103's PickupModel.
[2013/3/14 - 0:59:13] Follow Me has edited DoorID 103's PickupModel.
[2013/3/14 - 0:59:16] Follow Me has edited DoorID 103's PickupModel.
[2013/3/14 - 0:59:18] Follow Me has edited DoorID 103's PickupModel.
[2013/3/14 - 0:59:21] Follow Me has edited DoorID 103's PickupModel.
[2013/3/14 - 0:59:25] Follow Me has edited DoorID 103's PickupModel.
[2013/3/14 - 0:59:29] Follow Me has edited DoorID 103's PickupModel.
[2013/3/14 - 0:59:34] Follow Me has edited DoorID 103's PickupModel.
[2013/3/14 - 0:59:38] Follow Me has edited DoorID 103's PickupModel.
[2013/3/14 - 0:59:40] Follow Me has edited DoorID 103's PickupModel.
[2013/3/14 - 0:59:57] Follow Me has edited door ID 103's name to San Bay LV.
