[2013/1/13 - 13:30:12] Sa lem has edited MapIconID 9's Position.
[2013/1/13 - 13:33:2] Sa lem has edited MapIconID 15's Position.
[2013/1/13 - 13:33:18] Sa lem has edited MapIconID 15's Marker Type to 1.
[2013/1/13 - 13:33:22] Sa lem has edited MapIconID 15's Marker Type to 2.
[2013/1/13 - 13:33:24] Sa lem has edited MapIconID 15's Marker Type to 3.
[2013/1/13 - 13:33:28] Sa lem has edited MapIconID 15's Marker Type to 4.
[2013/1/13 - 13:33:30] Sa lem has edited MapIconID 15's Marker Type to 5.
[2013/1/13 - 13:33:31] Sa lem has edited MapIconID 15's Marker Type to 6.
[2013/1/13 - 13:33:34] Sa lem has edited MapIconID 15's Marker Type to 7.
[2013/1/13 - 13:33:40] Sa lem has edited MapIconID 15's Marker Type to 8.
[2013/1/13 - 13:33:42] Sa lem has edited MapIconID 15's Marker Type to 6.
[2013/1/13 - 13:33:45] Sa lem has edited MapIconID 15's Marker Type to 5.
[2013/1/13 - 13:33:47] Sa lem has edited MapIconID 15's Marker Type to 7.
[2013/1/13 - 13:34:25] Sa lem has edited MapIconID 15's Marker Type to 8.
[2013/1/13 - 13:34:31] Sa lem has edited MapIconID 15's Marker Type to 9.
[2013/1/13 - 13:34:42] Sa lem has edited MapIconID 15's Marker Type to 10.
[2013/1/13 - 13:34:44] Sa lem has edited MapIconID 15's Marker Type to 11.
[2013/1/13 - 13:34:46] Sa lem has edited MapIconID 15's Marker Type to 12.
[2013/1/13 - 13:34:49] Sa lem has edited MapIconID 15's Marker Type to 13.
[2013/1/13 - 13:34:50] Sa lem has edited MapIconID 15's Marker Type to 14.
[2013/1/13 - 13:34:52] Sa lem has edited MapIconID 15's Marker Type to 15.
[2013/1/13 - 13:34:54] Sa lem has edited MapIconID 15's Marker Type to 16.
[2013/1/13 - 13:34:56] Sa lem has edited MapIconID 15's Marker Type to 17.
[2013/1/13 - 13:34:59] Sa lem has edited MapIconID 15's Marker Type to 18.
[2013/1/13 - 13:35:5] Sa lem has edited MapIconID 15's Marker Type to 19.
[2013/1/13 - 13:35:7] Sa lem has edited MapIconID 15's Marker Type to 20.
[2013/1/13 - 13:35:9] Sa lem has edited MapIconID 15's Marker Type to 21.
[2013/1/13 - 13:35:11] Sa lem has edited MapIconID 15's Marker Type to 22.
[2013/1/13 - 13:35:13] Sa lem has edited MapIconID 15's Marker Type to 23.
[2013/1/13 - 13:35:14] Sa lem has edited MapIconID 15's Marker Type to 24.
[2013/1/13 - 13:35:16] Sa lem has edited MapIconID 15's Marker Type to 25.
[2013/1/13 - 13:35:17] Sa lem has edited MapIconID 15's Marker Type to 26.
[2013/1/13 - 13:35:19] Sa lem has edited MapIconID 15's Marker Type to 27.
[2013/1/13 - 13:35:21] Sa lem has edited MapIconID 15's Marker Type to 28.
[2013/1/13 - 13:35:24] Sa lem has edited MapIconID 15's Marker Type to 29.
[2013/1/13 - 13:35:28] Sa lem has edited MapIconID 15's Marker Type to 30.
[2013/1/13 - 13:35:31] Sa lem has edited MapIconID 15's Marker Type to 31.
[2013/1/13 - 13:35:34] Sa lem has edited MapIconID 15's Marker Type to 30.
[2013/1/13 - 13:35:37] Sa lem has edited MapIconID 15's Marker Type to 32.
[2013/1/13 - 13:35:39] Sa lem has edited MapIconID 15's Marker Type to 33.
[2013/1/13 - 13:35:41] Sa lem has edited MapIconID 15's Marker Type to 34.
[2013/1/13 - 13:35:43] Sa lem has edited MapIconID 15's Marker Type to 35.
[2013/1/13 - 13:35:45] Sa lem has edited MapIconID 15's Marker Type to 36.
[2013/1/13 - 13:35:47] Sa lem has edited MapIconID 15's Marker Type to 37.
[2013/1/13 - 13:35:49] Sa lem has edited MapIconID 15's Marker Type to 38.
[2013/1/13 - 13:35:51] Sa lem has edited MapIconID 15's Marker Type to 39.
[2013/1/13 - 13:35:54] Sa lem has edited MapIconID 15's Marker Type to 40.
[2013/1/13 - 13:35:56] Sa lem has edited MapIconID 15's Marker Type to 41.
[2013/1/13 - 13:35:59] Sa lem has edited MapIconID 15's Marker Type to 42.
[2013/1/13 - 13:36:0] Sa lem has edited MapIconID 15's Marker Type to 43.
[2013/1/13 - 13:36:3] Sa lem has edited MapIconID 15's Marker Type to 44.
[2013/1/13 - 13:36:4] Sa lem has edited MapIconID 15's Marker Type to 45.
[2013/1/13 - 13:36:7] Sa lem has edited MapIconID 15's Marker Type to 46.
[2013/1/13 - 13:36:9] Sa lem has edited MapIconID 15's Marker Type to 47.
[2013/1/13 - 13:36:11] Sa lem has edited MapIconID 15's Marker Type to 48.
[2013/1/13 - 13:36:14] Sa lem has edited MapIconID 15's Marker Type to 49.
[2013/1/13 - 13:36:15] Sa lem has edited MapIconID 15's Marker Type to 50.
[2013/1/13 - 13:36:18] Sa lem has edited MapIconID 15's Marker Type to 51.
[2013/1/13 - 13:36:49] Sa lem has edited MapIconID 15's Position.
[2013/1/13 - 13:36:53] Sa lem has edited MapIconID 15's Position.
[2013/1/13 - 13:38:1] Sa lem has edited MapIconID 15's Position.
[2013/1/13 - 13:38:19] Sa lem has edited MapIconID 16's Position.
[2013/1/13 - 13:38:27] Sa lem has edited MapIconID 44's Marker Type to 21.
[2013/1/13 - 13:38:35] Sa lem has edited MapIconID 45's Marker Type to 21.
[2013/1/13 - 13:38:51] Sa lem has edited MapIconID 16's Marker Type to 44.
[2013/1/13 - 13:38:53] Sa lem has edited MapIconID 16's Marker Type to 45.
[2013/1/13 - 13:39:44] Sa lem has edited MapIconID 17's Position.
[2013/1/13 - 13:39:52] Sa lem has edited MapIconID 17's Marker Type to 2.
[2013/1/13 - 13:39:56] Sa lem has edited MapIconID 17's Marker Type to 45.
[2013/1/13 - 13:39:59] Sa lem has edited MapIconID 17's Marker Type to 47.
[2013/1/13 - 13:40:1] Sa lem has edited MapIconID 17's Marker Type to 48.
[2013/1/13 - 13:40:4] Sa lem has edited MapIconID 17's Marker Type to 49.
[2013/1/13 - 13:40:6] Sa lem has edited MapIconID 17's Marker Type to 42.
[2013/1/13 - 13:40:7] Sa lem has edited MapIconID 17's Marker Type to 41.
[2013/1/13 - 13:40:10] Sa lem has edited MapIconID 17's Marker Type to 40.
[2013/1/13 - 13:40:13] Sa lem has edited MapIconID 17's Marker Type to 49.
[2013/1/13 - 13:40:16] Sa lem has edited MapIconID 17's Marker Type to 39.
[2013/1/13 - 13:40:22] Sa lem has edited MapIconID 17's Marker Type to 38.
[2013/1/13 - 13:40:27] Sa lem has edited MapIconID 17's Marker Type to 37.
[2013/1/13 - 13:40:29] Sa lem has edited MapIconID 17's Marker Type to 36.
[2013/1/13 - 13:40:31] Sa lem has edited MapIconID 17's Marker Type to 35.
[2013/1/13 - 13:40:33] Sa lem has edited MapIconID 17's Marker Type to 34.
[2013/1/13 - 13:40:39] Sa lem has edited MapIconID 17's Marker Type to 33.
[2013/1/13 - 13:40:41] Sa lem has edited MapIconID 17's Marker Type to 32.
[2013/1/13 - 13:40:43] Sa lem has edited MapIconID 17's Marker Type to 31.
[2013/1/13 - 13:40:46] Sa lem has edited MapIconID 17's Marker Type to 30.
[2013/1/13 - 13:40:51] Sa lem has edited MapIconID 17's Marker Type to 29.
[2013/1/13 - 13:40:55] Sa lem has edited MapIconID 17's Marker Type to 30.
[2013/1/13 - 13:41:0] Sa lem has edited MapIconID 17's Marker Type to 38.
[2013/1/13 - 13:41:3] Sa lem has edited MapIconID 17's Marker Type to 37.
[2013/1/13 - 13:41:7] Sa lem has edited MapIconID 17's Marker Type to 28.
[2013/1/13 - 13:41:9] Sa lem has edited MapIconID 17's Marker Type to 27.
[2013/1/13 - 13:41:13] Sa lem has edited MapIconID 17's Marker Type to 26.
[2013/1/13 - 13:41:15] Sa lem has edited MapIconID 17's Marker Type to 25.
[2013/1/13 - 13:41:17] Sa lem has edited MapIconID 17's Marker Type to 24.
[2013/1/13 - 13:41:19] Sa lem has edited MapIconID 17's Marker Type to 23.
[2013/1/13 - 13:42:52] Sa lem has edited MapIconID 8's Position.
[2013/1/13 - 13:42:55] Sa lem has edited MapIconID 8's Position.
[2013/1/13 - 13:44:41] Sa lem has edited MapIconID 18's Position.
[2013/1/13 - 13:44:49] Sa lem has edited MapIconID 18's Marker Type to 5.
[2013/1/13 - 13:44:52] Sa lem has edited MapIconID 18's Marker Type to 4.
[2013/1/13 - 13:44:54] Sa lem has edited MapIconID 18's Marker Type to 6.
[2013/1/13 - 13:44:56] Sa lem has edited MapIconID 18's Marker Type to 8.
[2013/1/13 - 13:44:58] Sa lem has edited MapIconID 18's Marker Type to 1.
[2013/1/13 - 13:45:0] Sa lem has edited MapIconID 18's Marker Type to 2.
[2013/1/13 - 13:45:2] Sa lem has edited MapIconID 18's Marker Type to 2.
[2013/1/13 - 13:45:2] Sa lem has edited MapIconID 18's Marker Type to 3.
[2013/1/13 - 13:45:4] Sa lem has edited MapIconID 18's Marker Type to 4.
[2013/1/13 - 13:45:7] Sa lem has edited MapIconID 18's Marker Type to 8.
[2013/1/13 - 13:45:11] Sa lem has edited MapIconID 18's Marker Type to 10.
[2013/1/13 - 13:45:13] Sa lem has edited MapIconID 18's Marker Type to 11.
[2013/1/13 - 13:45:15] Sa lem has edited MapIconID 18's Marker Type to 12.
[2013/1/14 - 14:59:9] Sa lem has edited MapIconID 19's Position.
[2013/1/14 - 14:59:17] Sa lem has edited MapIconID 19's Marker Type to 2.
[2013/1/14 - 14:59:21] Sa lem has edited MapIconID 19's Marker Type to 3.
[2013/1/14 - 14:59:22] Sa lem has edited MapIconID 19's Marker Type to 4.
[2013/1/14 - 14:59:26] Sa lem has edited MapIconID 19's Marker Type to 5.
[2013/1/14 - 14:59:28] Sa lem has edited MapIconID 19's Marker Type to 6.
[2013/1/14 - 14:59:29] Sa lem has edited MapIconID 19's Marker Type to 7.
[2013/1/14 - 14:59:39] Sa lem has edited MapIconID 19's Marker Type to 8.
[2013/1/14 - 14:59:42] Sa lem has edited MapIconID 19's Marker Type to 9.
[2013/1/14 - 14:59:45] Sa lem has edited MapIconID 19's Marker Type to 10.
[2013/1/14 - 14:59:46] Sa lem has edited MapIconID 19's Marker Type to 11.
[2013/1/14 - 14:59:48] Sa lem has edited MapIconID 19's Marker Type to 12.
[2013/1/14 - 14:59:49] Sa lem has edited MapIconID 19's Marker Type to 13.
[2013/1/14 - 14:59:51] Sa lem has edited MapIconID 19's Marker Type to 14.
[2013/1/14 - 14:59:53] Sa lem has edited MapIconID 19's Marker Type to 15.
[2013/1/14 - 14:59:55] Sa lem has edited MapIconID 19's Marker Type to 16.
[2013/1/14 - 14:59:57] Sa lem has edited MapIconID 19's Marker Type to 17.
[2013/1/14 - 14:59:59] Sa lem has edited MapIconID 19's Marker Type to 18.
[2013/1/14 - 15:0:1] Sa lem has edited MapIconID 19's Marker Type to 19.
[2013/1/14 - 15:0:4] Sa lem has edited MapIconID 19's Marker Type to 20.
[2013/1/14 - 15:0:10] Sa lem has edited MapIconID 19's Marker Type to 21.
[2013/1/14 - 15:0:12] Sa lem has edited MapIconID 19's Marker Type to 22.
[2013/1/14 - 15:0:14] Sa lem has edited MapIconID 19's Marker Type to 23.
[2013/1/14 - 15:0:17] Sa lem has edited MapIconID 19's Marker Type to 24.
[2013/1/14 - 15:0:19] Sa lem has edited MapIconID 19's Marker Type to 25.
[2013/1/14 - 15:0:21] Sa lem has edited MapIconID 19's Marker Type to 26.
[2013/1/14 - 15:0:24] Sa lem has edited MapIconID 19's Marker Type to 27.
[2013/1/14 - 21:19:4] Sa lem has edited MapIconID 20's Position.
[2013/1/14 - 21:19:11] Sa lem has edited MapIconID 21's Position.
[2013/1/14 - 21:19:15] Sa lem has edited MapIconID 22's Position.
[2013/1/14 - 21:19:17] Sa lem has edited MapIconID 23's Position.
[2013/1/14 - 21:19:18] Sa lem has edited MapIconID 24's Position.
[2013/1/14 - 21:19:19] Sa lem has edited MapIconID 25's Position.
[2013/1/14 - 21:19:20] Sa lem has edited MapIconID 26's Position.
[2013/1/14 - 21:19:22] Sa lem has edited MapIconID 27's Position.
[2013/1/14 - 21:19:24] Sa lem has edited MapIconID 28's Position.
[2013/1/14 - 21:19:25] Sa lem has edited MapIconID 29's Position.
[2013/1/14 - 21:19:26] Sa lem has edited MapIconID 30's Position.
[2013/1/14 - 21:19:27] Sa lem has edited MapIconID 31's Position.
[2013/1/14 - 21:20:17] Sa lem has edited MapIconID 20's Marker Type to 4.
[2013/1/14 - 21:20:20] Sa lem has edited MapIconID 20's Marker Type to 2.
[2013/1/14 - 21:20:23] Sa lem has edited MapIconID 20's Marker Type to 1.
[2013/1/14 - 21:20:26] Sa lem has edited MapIconID 20's Marker Type to 5.
[2013/1/14 - 21:20:28] Sa lem has edited MapIconID 20's Marker Type to 6.
[2013/1/14 - 21:20:29] Sa lem has edited MapIconID 20's Marker Type to 6.
[2013/1/14 - 21:20:31] Sa lem has edited MapIconID 20's Marker Type to 7.
[2013/1/14 - 21:20:33] Sa lem has edited MapIconID 20's Marker Type to 8.
[2013/1/14 - 21:20:35] Sa lem has edited MapIconID 20's Marker Type to 9.
[2013/1/14 - 21:20:37] Sa lem has edited MapIconID 20's Marker Type to 10.
[2013/1/14 - 21:20:40] Sa lem has edited MapIconID 20's Marker Type to 9.
[2013/1/14 - 21:20:42] Sa lem has edited MapIconID 20's Marker Type to 11.
[2013/1/14 - 21:20:43] Sa lem has edited MapIconID 20's Marker Type to 12.
[2013/1/14 - 21:20:44] Sa lem has edited MapIconID 20's Marker Type to 13.
[2013/1/14 - 21:20:48] Sa lem has edited MapIconID 20's Marker Type to 14.
[2013/1/14 - 21:20:50] Sa lem has edited MapIconID 20's Marker Type to 15.
[2013/1/14 - 21:20:52] Sa lem has edited MapIconID 20's Marker Type to 14.
[2013/1/14 - 21:20:53] Sa lem has edited MapIconID 20's Marker Type to 13.
[2013/1/14 - 21:20:55] Sa lem has edited MapIconID 20's Marker Type to 16.
[2013/1/14 - 21:20:57] Sa lem has edited MapIconID 20's Marker Type to 17.
[2013/1/14 - 21:21:1] Sa lem has edited MapIconID 20's Marker Type to 18.
[2013/1/14 - 21:21:3] Sa lem has edited MapIconID 20's Marker Type to 19.
[2013/1/14 - 21:21:5] Sa lem has edited MapIconID 20's Marker Type to 20.
[2013/1/14 - 21:21:7] Sa lem has edited MapIconID 20's Marker Type to 21.
[2013/1/14 - 21:21:49] Sa lem has edited MapIconID 21's Position.
[2013/1/14 - 21:21:57] Sa lem has edited MapIconID 21's Marker Type to 18.
[2013/1/14 - 21:22:32] Sa lem has edited MapIconID 20's Position.
[2013/2/24 - 16:13:13] Lao Hac has edited MapIconID 33's Position.
[2013/2/24 - 16:13:21] Lao Hac has edited MapIconID 33's Marker Type to 1.
[2013/2/24 - 16:13:25] Lao Hac has edited MapIconID 33's Marker Type to 2.
[2013/2/24 - 16:13:28] Lao Hac has edited MapIconID 33's Marker Type to 3.
[2013/2/24 - 16:13:31] Lao Hac has edited MapIconID 33's Marker Type to 3.
[2013/2/24 - 16:13:33] Lao Hac has edited MapIconID 33's Marker Type to 4.
[2013/2/24 - 16:13:34] Lao Hac has edited MapIconID 33's Marker Type to 5.
[2013/2/24 - 16:13:35] Lao Hac has edited MapIconID 33's Marker Type to 6.
[2013/2/24 - 16:13:38] Lao Hac has edited MapIconID 33's Marker Type to 7.
[2013/2/24 - 16:13:41] Lao Hac has edited MapIconID 33's Marker Type to 8.
[2013/2/24 - 16:13:43] Lao Hac has edited MapIconID 33's Marker Type to 9.
[2013/2/24 - 16:13:45] Lao Hac has edited MapIconID 33's Marker Type to 10.
[2013/2/24 - 16:13:47] Lao Hac has edited MapIconID 33's Marker Type to 11.
[2013/2/24 - 16:13:49] Lao Hac has edited MapIconID 33's Marker Type to 12.
[2013/2/24 - 16:13:51] Lao Hac has edited MapIconID 33's Marker Type to 13.
[2013/2/24 - 16:13:53] Lao Hac has edited MapIconID 33's Marker Type to 14.
[2013/2/24 - 16:13:55] Lao Hac has edited MapIconID 33's Marker Type to 15.
[2013/2/24 - 16:13:57] Lao Hac has edited MapIconID 33's Marker Type to 16.
[2013/2/24 - 16:13:59] Lao Hac has edited MapIconID 33's Marker Type to 17.
[2013/2/24 - 16:14:1] Lao Hac has edited MapIconID 33's Marker Type to 18.
[2013/2/24 - 16:14:3] Lao Hac has edited MapIconID 33's Marker Type to 19.
[2013/2/24 - 16:14:6] Lao Hac has edited MapIconID 33's Marker Type to 20.
[2013/2/24 - 16:14:9] Lao Hac has edited MapIconID 33's Marker Type to 21.
[2013/2/24 - 16:14:11] Lao Hac has edited MapIconID 33's Marker Type to 22.
[2013/2/24 - 16:14:13] Lao Hac has edited MapIconID 33's Marker Type to 23.
[2013/2/24 - 16:14:15] Lao Hac has edited MapIconID 33's Marker Type to 24.
[2013/2/24 - 16:14:17] Lao Hac has edited MapIconID 33's Marker Type to 25.
[2013/2/24 - 16:14:19] Lao Hac has edited MapIconID 33's Marker Type to 26.
[2013/2/24 - 16:14:20] Lao Hac has edited MapIconID 33's Marker Type to 27.
[2013/2/24 - 16:14:24] Lao Hac has edited MapIconID 33's Marker Type to 28.
[2013/2/24 - 16:14:28] Lao Hac has edited MapIconID 33's Marker Type to 29.
[2013/2/24 - 16:14:31] Lao Hac has edited MapIconID 33's Marker Type to 30.
[2013/2/24 - 16:14:35] Lao Hac has edited MapIconID 33's Marker Type to 31.
[2013/2/24 - 16:14:38] Lao Hac has edited MapIconID 33's Marker Type to 32.
[2013/2/24 - 16:14:40] Lao Hac has edited MapIconID 33's Marker Type to 33.
[2013/2/24 - 16:14:42] Lao Hac has edited MapIconID 33's Marker Type to 34.
[2013/2/24 - 16:14:45] Lao Hac has edited MapIconID 33's Marker Type to 35.
[2013/2/24 - 16:14:48] Lao Hac has edited MapIconID 33's Marker Type to 36.
[2013/2/24 - 16:14:51] Lao Hac has edited MapIconID 33's Marker Type to 37.
[2013/2/24 - 16:14:53] Lao Hac has edited MapIconID 33's Marker Type to 38.
[2013/2/24 - 16:14:57] Lao Hac has edited MapIconID 33's Marker Type to 39.
[2013/2/24 - 16:15:3] Lao Hac has edited MapIconID 33's Marker Type to 40.
[2013/2/24 - 16:15:8] Lao Hac has edited MapIconID 33's Marker Type to 41.
[2013/2/24 - 16:15:11] Lao Hac has edited MapIconID 33's Marker Type to 42.
[2013/2/24 - 16:15:13] Lao Hac has edited MapIconID 33's Marker Type to 43.
[2013/2/24 - 16:15:15] Lao Hac has edited MapIconID 33's Marker Type to 44.
[2013/2/24 - 16:15:17] Lao Hac has edited MapIconID 33's Marker Type to 45.
[2013/2/24 - 16:15:20] Lao Hac has edited MapIconID 33's Marker Type to 46.
[2013/2/24 - 16:15:23] Lao Hac has edited MapIconID 33's Marker Type to 47.
[2013/2/24 - 16:15:25] Lao Hac has edited MapIconID 33's Marker Type to 48.
[2013/2/24 - 16:15:28] Lao Hac has edited MapIconID 33's Marker Type to 49.
[2013/2/24 - 16:15:32] Lao Hac has edited MapIconID 33's Marker Type to 50.
[2013/2/24 - 16:15:35] Lao Hac has edited MapIconID 33's Marker Type to 51.
[2013/2/24 - 16:15:40] Lao Hac has edited MapIconID 33's Marker Type to 52.
[2013/2/24 - 16:15:42] Lao Hac has edited MapIconID 33's Marker Type to 53.
[2013/2/24 - 16:15:44] Lao Hac has edited MapIconID 33's Marker Type to 54.
[2013/2/24 - 16:15:48] Lao Hac has edited MapIconID 33's Marker Type to 55.
[2013/2/24 - 16:16:7] Lao Hac has edited MapIconID 33's Position.
[2013/2/24 - 16:17:34] Lao Hac has edited MapIconID 34's Position.
[2013/2/24 - 16:17:43] Lao Hac has edited MapIconID 34's Marker Type to 55.
[2013/2/24 - 16:19:4] Lao Hac has edited MapIconID 34's Marker Type to 55.
[2013/2/24 - 16:19:38] Lao Hac has edited MapIconID 34's Position.
[2013/2/24 - 17:44:54] Lao Hac has edited MapIconID 35's Position.
[2013/2/24 - 17:45:0] Lao Hac has edited MapIconID 35's Marker Type to 55.
[2013/2/24 - 17:45:9] Lao Hac has edited MapIconID 1's Color to 16.
[2013/2/24 - 17:45:15] Lao Hac has edited MapIconID 2's Color to 16.
[2013/2/24 - 17:45:21] Lao Hac has edited MapIconID 35's Color to 1.
[2013/2/24 - 17:45:24] Lao Hac has edited MapIconID 35's Color to 2.
[2013/2/24 - 17:45:26] Lao Hac has edited MapIconID 35's Color to 3.
[2013/2/24 - 17:45:29] Lao Hac has edited MapIconID 35's Color to 4.
[2013/2/24 - 17:46:0] Lao Hac has edited MapIconID 36's Position.
[2013/2/24 - 17:46:5] Lao Hac has edited MapIconID 36's Marker Type to 55.
[2013/2/24 - 17:47:21] Lao Hac has edited MapIconID 15's Position.
[2013/2/24 - 17:48:17] Lao Hac has edited MapIconID 36's Position.
[2013/2/24 - 17:48:25] Lao Hac has edited MapIconID 36's Marker Type to 53.
[2013/2/24 - 17:48:28] Lao Hac has edited MapIconID 36's Marker Type to 52.
[2013/2/24 - 17:48:31] Lao Hac has edited MapIconID 36's Marker Type to 53.
[2013/2/24 - 17:49:38] Lao Hac has edited MapIconID 37's Position.
[2013/2/24 - 17:49:47] Lao Hac has edited MapIconID 37's Marker Type to 54.
[2013/2/24 - 17:49:50] Lao Hac has edited MapIconID 37's Marker Type to 53.
[2013/2/24 - 17:50:42] Lao Hac has edited MapIconID 38's Position.
[2013/2/24 - 17:50:50] Lao Hac has edited MapIconID 38's Marker Type to 51.
[2013/2/24 - 17:50:53] Lao Hac has edited MapIconID 38's Marker Type to 50.
[2013/2/24 - 17:50:57] Lao Hac has edited MapIconID 38's Marker Type to 49.
[2013/2/24 - 17:51:1] Lao Hac has edited MapIconID 38's Marker Type to 48.
[2013/2/24 - 17:51:5] Lao Hac has edited MapIconID 38's Marker Type to 46.
[2013/2/24 - 17:51:8] Lao Hac has edited MapIconID 38's Marker Type to 47.
[2013/2/24 - 17:51:10] Lao Hac has edited MapIconID 38's Marker Type to 45.
[2013/2/24 - 17:51:12] Lao Hac has edited MapIconID 38's Marker Type to 44.
[2013/2/24 - 17:51:14] Lao Hac has edited MapIconID 38's Marker Type to 43.
[2013/2/24 - 17:51:16] Lao Hac has edited MapIconID 38's Marker Type to 42.
[2013/2/24 - 17:51:19] Lao Hac has edited MapIconID 38's Marker Type to 42.
[2013/2/24 - 17:51:21] Lao Hac has edited MapIconID 38's Marker Type to 41.
[2013/2/24 - 17:51:25] Lao Hac has edited MapIconID 38's Marker Type to 40.
[2013/2/24 - 17:51:29] Lao Hac has edited MapIconID 38's Marker Type to 39.
[2013/2/24 - 17:51:32] Lao Hac has edited MapIconID 38's Marker Type to 38.
[2013/2/24 - 17:51:36] Lao Hac has edited MapIconID 38's Marker Type to 37.
[2013/2/24 - 17:51:39] Lao Hac has edited MapIconID 38's Marker Type to 36.
[2013/2/24 - 17:51:42] Lao Hac has edited MapIconID 38's Marker Type to 35.
[2013/2/24 - 17:51:45] Lao Hac has edited MapIconID 38's Marker Type to 34.
[2013/2/24 - 17:51:49] Lao Hac has edited MapIconID 38's Marker Type to 33.
[2013/2/24 - 17:51:52] Lao Hac has edited MapIconID 38's Marker Type to 32.
[2013/2/24 - 17:51:55] Lao Hac has edited MapIconID 38's Marker Type to 31.
[2013/2/24 - 17:52:10] Lao Hac has edited MapIconID 38's Marker Type to 30.
[2013/2/24 - 17:52:14] Lao Hac has edited MapIconID 38's Marker Type to 29.
[2013/2/24 - 17:52:17] Lao Hac has edited MapIconID 38's Marker Type to 28.
[2013/2/24 - 17:52:20] Lao Hac has edited MapIconID 38's Marker Type to 27.
[2013/2/24 - 17:52:24] Lao Hac has edited MapIconID 38's Marker Type to 26.
[2013/2/24 - 17:52:26] Lao Hac has edited MapIconID 38's Marker Type to 25.
[2013/2/24 - 17:52:28] Lao Hac has edited MapIconID 38's Marker Type to 24.
[2013/2/24 - 17:52:30] Lao Hac has edited MapIconID 38's Marker Type to 23.
[2013/2/24 - 17:52:32] Lao Hac has edited MapIconID 38's Marker Type to 22.
[2013/2/24 - 17:52:35] Lao Hac has edited MapIconID 38's Marker Type to 21.
[2013/2/24 - 17:52:40] Lao Hac has edited MapIconID 38's Marker Type to 20.
[2013/2/24 - 17:52:46] Lao Hac has edited MapIconID 38's Marker Type to 19.
[2013/2/24 - 17:52:49] Lao Hac has edited MapIconID 38's Marker Type to 18.
[2013/2/24 - 17:52:51] Lao Hac has edited MapIconID 38's Marker Type to 17.
[2013/2/24 - 17:52:54] Lao Hac has edited MapIconID 38's Marker Type to 16.
[2013/2/24 - 17:52:59] Lao Hac has edited MapIconID 38's Marker Type to 16.
[2013/2/24 - 17:53:1] Lao Hac has edited MapIconID 38's Marker Type to 15.
[2013/2/24 - 17:53:4] Lao Hac has edited MapIconID 38's Marker Type to 14.
[2013/2/24 - 17:53:6] Lao Hac has edited MapIconID 38's Marker Type to 13.
[2013/2/24 - 17:53:45] Lao Hac has edited MapIconID 39's Marker Type to 22.
[2013/2/24 - 17:53:50] Lao Hac has edited MapIconID 39's Position.
[2013/2/24 - 17:53:51] Lao Hac has edited MapIconID 39's Position.
[2013/2/24 - 17:53:57] Lao Hac has edited MapIconID 39's Marker Type to 23.
[2013/2/24 - 17:53:59] Lao Hac has edited MapIconID 39's Marker Type to 24.
[2013/2/24 - 17:54:0] Lao Hac has edited MapIconID 39's Marker Type to 25.
[2013/2/24 - 17:54:2] Lao Hac has edited MapIconID 39's Marker Type to 26.
[2013/2/24 - 17:54:6] Lao Hac has edited MapIconID 39's Marker Type to 28.
[2013/2/24 - 17:54:10] Lao Hac has edited MapIconID 39's Marker Type to 29.
[2013/2/24 - 17:54:13] Lao Hac has edited MapIconID 39's Marker Type to 30.
[2013/2/24 - 17:54:16] Lao Hac has edited MapIconID 39's Marker Type to 31.
[2013/2/24 - 17:54:18] Lao Hac has edited MapIconID 39's Marker Type to 32.
[2013/2/24 - 17:54:26] Lao Hac has edited MapIconID 39's Marker Type to 33.
[2013/2/24 - 17:54:29] Lao Hac has edited MapIconID 39's Marker Type to 34.
[2013/2/24 - 17:54:30] Lao Hac has edited MapIconID 39's Marker Type to 35.
[2013/2/24 - 17:54:36] Lao Hac has edited MapIconID 39's Marker Type to 36.
[2013/2/24 - 17:54:43] Lao Hac has edited MapIconID 39's Marker Type to 38.
[2013/2/24 - 17:54:46] Lao Hac has edited MapIconID 39's Marker Type to 39.
[2013/2/24 - 17:54:48] Lao Hac has edited MapIconID 39's Marker Type to 40.
[2013/2/24 - 17:54:50] Lao Hac has edited MapIconID 39's Marker Type to 41.
[2013/2/24 - 17:54:51] Lao Hac has edited MapIconID 39's Marker Type to 42.
[2013/2/24 - 17:54:53] Lao Hac has edited MapIconID 39's Marker Type to 43.
[2013/2/24 - 17:55:29] Lao Hac has edited MapIconID 40's Position.
[2013/2/24 - 17:55:35] Lao Hac has edited MapIconID 40's Marker Type to 12.
