[2013/1/27 - 16:36:57] {AA3333}He thong{FFFF00}: Sam Winchester (ID 13) co the su dung hack dich chuyen truckrunning.
[2013/1/27 - 18:11:6] {AA3333}He thong{FFFF00}: Once Lie (ID 38) co the su dung hack dich chuyen truckrunning.
[2013/1/27 - 18:21:8] {AA3333}He thong{FFFF00}: Once Lie (ID 38) co the su dung hack dich chuyen truckrunning.
[2013/1/27 - 18:43:58] {AA3333}He thong{FFFF00}: Once Lie (ID 21) co the su dung hack dich chuyen truckrunning.
[2013/1/27 - 21:44:58] {AA3333}He thong{FFFF00}: Mr Binladen (ID 26) co the su dung hack dich chuyen truckrunning.
[2013/1/28 - 13:35:39] {AA3333}He thong{FFFF00}: Kahn Peter may be hacking vehicle modifications (applied  Hydraulics to their Premier).
[2013/1/28 - 16:34:46] [mapteleport] Sasha_Xxxx 50 (1682.28, -1899.18, 21.95 -> 1752.38, -1885.13, 21.99 [1752.28, -1885.18, 22.00]) (71.495597, 0.111465) (1) (424[2013/1/28 - 17:54:3] {AA3333}He thong{FFFF00}: Pham Viet (ID 38) co the su dung hack dich chuyen truckrunning.
[2013/1/28 - 21:12:21] {AA3333}He thong{FFFF00}: Viet Nam Skater may be hacking vehicle modifications (applied 10x Nitro to their Mule).
[2013/1/28 - 21:42:54] {AA3333}He thong{FFFF00}: Nhok Ken (ID 5) co the su dung hack dich chuyen truckrunning.
[2013/1/29 - 6:33:5] {AA3333}He thong{FFFF00}: Mr Jessy (ID 3) co the su dung hack dich chuyen matrunning.
[2013/1/29 - 6:35:13] {AA3333}He thong{FFFF00}: Mr Jessy (ID 3) co the su dung hack dich chuyen matrunning.
[2013/1/29 - 6:36:36] {AA3333}He thong{FFFF00}: Mr Jessy (ID 3) co the su dung hack dich chuyen matrunning.
[2013/1/29 - 6:41:51] {AA3333}He thong{FFFF00}: Mr Jessy (ID 3) co the su dung hack dich chuyen matrunning.
[2013/1/29 - 6:58:1] {AA3333}He thong{FFFF00}: Mr Jessy may be hacking vehicle modifications (applied 10x Nitro to their Sultan).
[2013/1/29 - 7:2:9] {AA3333}He thong{FFFF00}: Lee Min Ho (ID 4) co the su dung hack dich chuyen matrunning.
[2013/1/29 - 9:53:33] {AA3333}He thong{FFFF00}: MTP Jack (ID 24) co the su dung hack dich chuyen truckrunning.
[2013/1/29 - 9:57:3] {AA3333}He thong{FFFF00}: MTP Jack (ID 24) co the su dung hack dich chuyen truckrunning.
[2013/1/29 - 10:3:45] {AA3333}He thong{FFFF00}: MTP Jack (ID 24) co the su dung hack dich chuyen truckrunning.
[2013/1/29 - 10:14:29] {AA3333}He thong{FFFF00}: MTP Jack (ID 0) co the su dung hack dich chuyen truckrunning.
[2013/1/29 - 10:23:47] {AA3333}He thong{FFFF00}: MTP Jack (ID 0) co the su dung hack dich chuyen truckrunning.
[2013/1/29 - 11:11:57] {AA3333}He thong{FFFF00}: MTP Jack (ID 0) co the su dung hack dich chuyen truckrunning.
[2013/1/29 - 12:0:26] {AA3333}He thong{FFFF00}: Mr Key (ID 10) co the su dung hack dich chuyen truckrunning.
[2013/1/29 - 13:4:49] {AA3333}He thong{FFFF00}: MTP Jack (ID 43) co the su dung hack dich chuyen truckrunning.
[2013/1/29 - 13:43:38] Warning: llumanate mini may be server advertising: '208.100.40.160:7788
Server 2 NEW IP: 208.100.40.161:7788'.
[2013/1/29 - 13:43:50] Warning: llumanate mini may be server advertising: '208.100.40.160:7788'.
[2013/1/29 - 13:46:2] Warning: llumanate mini may be server advertising: 'thoy wa sv 208.100.40.160:7788'.
[2013/1/29 - 14:25:38] {AA3333}He thong{FFFF00}: Mr Ga (ID 13) co the su dung hack dich chuyen truckrunning.
[2013/1/29 - 15:22:53] {AA3333}He thong{FFFF00}: Once Lie (ID 3) co the su dung hack dich chuyen truckrunning.
[2013/1/29 - 20:6:7] SieuNhan Heoe (ID 76) jetpack hacking.
[2013/1/29 - 20:41:22] {AA3333}He thong{FFFF00}: MTP Jack (ID 45) co the su dung hack dich chuyen truckrunning.
[2013/1/29 - 22:33:17] Bao loc Skater (ID 19) jetpack hacking.
[2013/1/29 - 23:55:59] {AA3333}He thong{FFFF00}: Relax Super (ID 10) co the su dung hack dich chuyen truckrunning.
[2013/1/29 - 23:59:17] {AA3333}He thong{FFFF00}: Relax Super (ID 10) co the su dung hack dich chuyen truckrunning.
[2013/1/30 - 1:44:12] [mapteleport] Jenny_Fox 0 (-177.77, -1725.46, 24.80 -> -1563.57, 97.53, 21.99 [-1563.57, 97.53, 22.00]) (2289.931396, 0.000499) (1) (639)
[2013/1/30 - 3:24:28] {AA3333}He thong{FFFF00}: John Hand (ID 3) co the su dung hack dich chuyen truckrunning.
[2013/1/30 - 3:33:25] {AA3333}He thong{FFFF00}: John Hand (ID 3) co the su dung hack dich chuyen truckrunning.
[2013/1/30 - 3:38:0] {AA3333}He thong{FFFF00}: John Hand (ID 0) co the su dung hack dich chuyen truckrunning.
[2013/1/30 - 3:45:25] {AA3333}He thong{FFFF00}: John Hand (ID 0) co the su dung hack dich chuyen matrunning.
[2013/1/30 - 4:8:29] {AA3333}He thong{FFFF00}: John Hand (ID 1) co the su dung hack dich chuyen truckrunning.
[2013/1/30 - 19:59:41] Speed Box (ID 40)co the dang weapon hacking (Desert Eagle)
[2013/1/31 - 0:53:25] {AA3333}He thong{FFFF00}: Prome theus (ID 4) co the su dung hack dich chuyen truckrunning.
[2013/1/31 - 15:59:36] Etigate Os (ID 18) co the su dung hack dich chuyen drugrunning.
[2013/1/31 - 16:42:52] Ghost Sheeran (ID 45)co the dang weapon hacking (Spray Can)
[2013/1/31 - 18:27:21] Warning: Roki Balboa may be server advertising: '/sms 6 çàõîäè íà ñåðâåð 77.239.172.200:7777 äàþò âñå'.
[2013/1/31 - 18:36:52] [mapteleport] vladislav_antonov 50 (1827.32, -1713.05, 5206.18 -> 1729.32, -1685.05, 21.98 [1729.32, -1685.05, 22.00]) (5185.198242, 0.01058[2013/2/1 - 11:17:14] Gin Quay (ID 7)co the dang weapon hacking (Nite Stick)
[2013/2/1 - 11:17:15] Gin Quay (ID 7)co the dang weapon hacking (Spray Can)
[2013/2/1 - 20:28:46] Warning: Gin Quay may be server advertising: 'http://205.196.121.151/cakzwpy2ghug/zcbg5huupycumc0/AutoHotkey_L_Install.rar'.
[2013/2/2 - 2:54:51] {AA3333}He thong{FFFF00}: Yang Style (ID 5) co the su dung hack dich chuyen truckrunning.
[2013/2/2 - 4:49:50] {AA3333}He thong{FFFF00}: Yang Style (ID 1) co the su dung hack dich chuyen truckrunning.
[2013/2/2 - 5:55:13] {AA3333}He thong{FFFF00}: Yang Style (ID 1) co the su dung hack dich chuyen truckrunning.
[2013/2/2 - 6:5:8] {AA3333}He thong{FFFF00}: Yang Style (ID 1) co the su dung hack dich chuyen truckrunning.
[2013/2/2 - 6:10:0] {AA3333}He thong{FFFF00}: Yang Style (ID 1) co the su dung hack dich chuyen truckrunning.
[2013/2/2 - 6:23:5] {AA3333}He thong{FFFF00}: Yang Style (ID 1) co the su dung hack dich chuyen truckrunning.
[2013/2/2 - 6:33:14] {AA3333}He thong{FFFF00}: Yang Style (ID 1) co the su dung hack dich chuyen truckrunning.
[2013/2/2 - 15:20:56] Tony Bonanno (ID 65)co the dang weapon hacking (Desert Eagle)
[2013/2/2 - 16:44:5] Angel Wood (ID 21)co the dang weapon hacking (Sniper Rifle)
[2013/2/2 - 16:44:6] Angel Wood (ID 21)co the dang weapon hacking (M4)
[2013/2/2 - 16:44:55] Angel Wood (ID 21)co the dang weapon hacking (MP5)
[2013/2/2 - 16:44:55] Angel Wood (ID 21)co the dang weapon hacking (M4)
[2013/2/2 - 17:53:54] Warning: Sub Crazy may be server advertising: 'cu di http://www.vn-zoom.com/f234/ounegta-san-andreas-online-vietnam-los-angeles
[2013/2/2 - 17:53:57] Warning: Sub Crazy may be server advertising: 'http://www.vn-zoom.com/f234/ounegta-san-andreas-online-vietnam-los-angeles-city-
[2013/2/2 - 21:38:59] Alexy Rybakov (ID 15) jetpack hacking.
[2013/2/3 - 6:9:1] {AA3333}He thong{FFFF00}: John Hand (ID 6) co the su dung hack dich chuyen truckrunning.
[2013/2/3 - 8:52:8] Warning: Dorae mon may be server advertising: 'http://gta.progame.biz/forum/showthread.php?371-911-luat-le-So-tay-danh-cho-LAPD
[2013/2/3 - 8:54:51] Warning: Dorae mon may be server advertising: 'http://gta.progame.biz/forum/showthread.php?371-911-luat-le-So-tay-danh-cho-LAPD
[2013/2/3 - 12:6:29] Warning: Rex Dee may be server advertising: '/w 41 try this server dude you will be admin lvl 1 and you will get refund this ip
[2013/2/3 - 12:53:38] {AA3333}He thong{FFFF00}: Daily Mail (ID 15) co the su dung hack dich chuyen truckrunning.
[2013/2/3 - 14:52:2] Warning: David Mason may be server advertising: '/newb LV 1-3 9mm, LV 4 Shotgun, LV 5 MP5, LV 6: DE, LV 7:... vay dung ko'.
[2013/2/3 - 14:52:20] Warning: David Mason may be server advertising: '/newb LV 1-3 9mm, LV 4 Shotgun, LV 5 MP5, LV 6: DE, LV 7:... vay dung ko'.
[2013/2/3 - 14:52:48] Warning: David Mason may be server advertising: '/newb LV 1-3 9mm, LV 4 Shotgun, LV 5 MP5, LV 6: DE, LV 7:... vay dung ko'.
[2013/2/3 - 14:52:57] Warning: David Mason may be server advertising: '/b LV 1-3 9mm, LV 4 Shotgun, LV 5 MP5, LV 6: DE, LV 7:... vay dung ko'.
[2013/2/3 - 14:53:4] Warning: David Mason may be server advertising: '/f LV 1-3 9mm, LV 4 Shotgun, LV 5 MP5, LV 6: DE, LV 7:... vay dung ko'.
[2013/2/3 - 14:53:7] Warning: David Mason may be server advertising: '/f LV 1-3 9mm, LV 4 Shotgun, LV 5 MP5, LV 6: DE, LV 7:... vay dung ko'.
[2013/2/3 - 17:12:1] Warning: Killer BenX may be server advertising: 'HA0189076296
_.-*°_°ß_þë_ßFG°_°*-._ Muoidep (2/3/2013 15:36:09): m?T MÃ TH?
[2013/2/4 - 0:57:18] {AA3333}He thong{FFFF00}: Yang Style (ID 5) co the su dung hack dich chuyen truckrunning.
[2013/2/4 - 1:9:51] {AA3333}He thong{FFFF00}: Yang Style (ID 2) co the su dung hack dich chuyen truckrunning.
[2013/2/4 - 1:20:30] {AA3333}He thong{FFFF00}: Yang Style (ID 4) co the su dung hack dich chuyen truckrunning.
[2013/2/4 - 1:40:58] {AA3333}He thong{FFFF00}: Yang Style (ID 2) co the su dung hack dich chuyen truckrunning.
[2013/2/4 - 1:57:4] {AA3333}He thong{FFFF00}: Yang Style (ID 2) co the su dung hack dich chuyen truckrunning.
[2013/2/4 - 12:34:59] Kang Tas (ID 45)co the dang weapon hacking (Flowers)
[2013/2/4 - 13:9:1] Warning: Mr Ken may be server advertising: '/newb http://gta.progame.biz/forum/showthread.php?402-Don-xin-lam-leader-Taxi-Compa
[2013/2/4 - 13:9:9] Warning: Mr Ken may be server advertising: '/newb http://gta.progame.biz/forum/showthread.php?402-Don-xin-lam-leader-Taxi-Compa
[2013/2/4 - 13:10:23] Warning: Mr Ken may be server advertising: 'http://gta.progame.biz/forum/showthread.php?402-Don-xin-lam-leader-Taxi-Company&p=2
[2013/2/4 - 13:10:27] Pham Viet (ID 31)co the dang weapon hacking (Shotgun)
[2013/2/4 - 15:53:30] binh dz (ID 41)co the dang weapon hacking (Nite Stick)
[2013/2/4 - 23:42:46] {AA3333}He thong{FFFF00}: Me Tuan (ID 26) co the su dung hack dich chuyen truckrunning.
[2013/2/5 - 1:34:33] {AA3333}He thong{FFFF00}: Yang Style (ID 1) co the su dung hack dich chuyen truckrunning.
[2013/2/5 - 4:0:39] {AA3333}He thong{FFFF00}: Yang Style (ID 1) co the su dung hack dich chuyen truckrunning.
[2013/2/5 - 5:34:18] {AA3333}He thong{FFFF00}: Yang Style (ID 0) co the su dung hack dich chuyen truckrunning.
[2013/2/5 - 5:57:52] {AA3333}He thong{FFFF00}: Yang Style (ID 0) co the su dung hack dich chuyen truckrunning.
[2013/2/5 - 6:22:40] {AA3333}He thong{FFFF00}: Yang Style (ID 0) co the su dung hack dich chuyen truckrunning.
[2013/2/5 - 18:57:52] Warning: Kelvin Baxter may be server advertising: '/newb Tony@ khoa co 3 loai. Loai 10k: bao dong. Loai 50k: khoa thuong( ko ch
[2013/2/5 - 18:57:57] Warning: Kelvin Baxter may be server advertising: '/newb Tony@ khoa co 3 loai. Loai 10k: bao dong. Loai 50k: khoa thuong( ko ch
[2013/2/5 - 19:14:42] {AA3333}He thong{FFFF00}: Snake Eyes (ID 73) co the su dung hack dich chuyen truckrunning.
[2013/2/6 - 3:46:6] {AA3333}He thong{FFFF00}: Fask Jenry (ID 1) co the su dung hack dich chuyen truckrunning.
[2013/2/6 - 4:25:41] {AA3333}He thong{FFFF00}: Fask Jenry (ID 1) co the su dung hack dich chuyen truckrunning.
[2013/2/6 - 4:30:15] {AA3333}He thong{FFFF00}: Fask Jenry (ID 0) co the su dung hack dich chuyen truckrunning.
[2013/2/6 - 4:57:26] Warning: Sub Crazy may be server advertising: 'http://gta.progame.biz/forum/showthread.php?499-Cach-ROB-Bank-co-ban-cho-ae&p=31
[2013/2/6 - 9:1:45] Warning: Real Casillas may be server advertising: 'http://nu4.upanh.com/b6.s34.d4/dc63acc78c7c5aa1ed24ec25532ac793_53150164.sam
[2013/2/6 - 11:23:0] Punk Lee (ID 1)co the dang weapon hacking (Desert Eagle)
[2013/2/6 - 11:23:0] Punk Lee (ID 1)co the dang weapon hacking (Desert Eagle)
[2013/2/6 - 11:23:1] Punk Lee (ID 1)co the dang weapon hacking (Desert Eagle)
[2013/2/6 - 11:23:7] Punk Lee (ID 1)co the dang weapon hacking (Desert Eagle)
[2013/2/6 - 14:11:8] {AA3333}He thong{FFFF00}: Xe Lam (ID 50) co the su dung hack dich chuyen truckrunning.
[2013/2/6 - 14:15:12] {AA3333}He thong{FFFF00}: Jake Frost (ID 36) co the su dung hack dich chuyen truckrunning.
[2013/2/6 - 14:31:21] Jonny IPain (ID 57)co the dang weapon hacking (Fire Extinguisher)
[2013/2/6 - 21:44:45] Warning: Fubuki Pham may be server advertising: 'http://gta.progame.biz/forum/showthread.php?538-Hiep-hoi-bao-ve-Newbie-2The-Pr
[2013/2/6 - 21:44:47] Warning: Fubuki Pham may be server advertising: 'http://gta.progame.biz/forum/showthread.php?538-Hiep-hoi-bao-ve-Newbie-2The-Pr
[2013/2/7 - 2:6:49] {AA3333}He thong{FFFF00}: Killer BenX (ID 3) co the su dung hack dich chuyen truckrunning.
[2013/2/7 - 2:16:44] {AA3333}He thong{FFFF00}: Killer BenX (ID 3) co the su dung hack dich chuyen truckrunning.
[2013/2/7 - 3:42:3] {AA3333}He thong{FFFF00}: Sub Crazy (ID 7) co the su dung hack dich chuyen truckrunning.
[2013/2/7 - 5:6:18] {AA3333}He thong{FFFF00}: Sub Crazy (ID 2) co the su dung hack dich chuyen truckrunning.
[2013/2/7 - 15:29:15] Sa Shaco (ID 68)co the dang weapon hacking (Sniper Rifle)
[2013/2/7 - 15:29:16] Sa Shaco (ID 68)co the dang weapon hacking (Sniper Rifle)
[2013/2/7 - 15:29:22] Sa Shaco (ID 68)co the dang weapon hacking (Sniper Rifle)
[2013/2/7 - 15:59:41] GAR Rez (ID 8)co the dang weapon hacking (MP5)
[2013/2/7 - 16:18:31] Luie Baxto (ID 11)co the dang weapon hacking (Desert Eagle)
[2013/2/8 - 15:53:39] Allure Shanty (ID 104)co the dang weapon hacking (Camera)
[2013/2/8 - 15:53:58] Allure Shanty (ID 104)co the dang weapon hacking (Camera)
[2013/2/8 - 16:11:24] Allure Shanty (ID 15)co the dang weapon hacking (Camera)
[2013/2/8 - 16:11:34] Allure Shanty (ID 15)co the dang weapon hacking (Camera)
[2013/2/8 - 16:11:34] Allure Shanty (ID 15)co the dang weapon hacking (Camera)
[2013/2/8 - 17:22:18] [mapteleport] Jeny_Wang 99 (-368.46, -1712.38, 19.30 -> -970.46, -1908.38, 21.99 [-970.46, -1908.38, 22.00]) (633.109130, 0.008819) (1) (774)[2013/2/8 - 22:17:22] Warning: Gin Quay may be server advertising: '[url=http://nu2.upanh.com/b5.s33.d1/a4083299744b973edff396e666714951_53204412.sam
[2013/2/9 - 2:21:5] {AA3333}He thong{FFFF00}: Killer BenX (ID 1) co the su dung hack dich chuyen truckrunning.
[2013/2/9 - 9:46:9] TAT TAT (ID 32)co the dang weapon hacking (Katana)
[2013/2/9 - 9:47:4] TAT TAT (ID 32) jetpack hacking.
[2013/2/9 - 11:27:37] {AA3333}He thong{FFFF00}: Mr Skunz (ID 6) co the su dung hack dich chuyen truckrunning.
[2013/2/9 - 11:44:17] {AA3333}He thong{FFFF00}: Mr Skunz (ID 10) co the su dung hack dich chuyen truckrunning.
[2013/2/9 - 11:46:42] {AA3333}He thong{FFFF00}: Mr Skunz (ID 21) co the su dung hack dich chuyen truckrunning.
[2013/2/9 - 15:1:20] TAT VIP (ID 84) jetpack hacking.
[2013/2/9 - 15:49:25] {AA3333}He thong{FFFF00}: Parkour Kid (ID 18) co the su dung hack dich chuyen truckrunning.
[2013/2/9 - 16:7:27] Ngan Smith (ID 10)co the dang weapon hacking (MP5)
[2013/2/9 - 16:10:57] {AA3333}He thong{FFFF00}: Mr Skunz (ID 18) co the su dung hack dich chuyen truckrunning.
[2013/2/9 - 17:29:46] {AA3333}He thong{FFFF00}: Parkour Kid (ID 74) co the su dung hack dich chuyen truckrunning.
[2013/2/9 - 18:34:40] Parkour Kid (ID 57)co the dang weapon hacking (Sniper Rifle)
[2013/2/9 - 19:8:41] {AA3333}He thong{FFFF00}: Pakrour Kid (ID 72) co the su dung hack dich chuyen matrunning.
[2013/2/9 - 19:35:0] Warning: Vincent Carleone may be server advertising: '/o New server 46.50.255.228:7777'.
[2013/2/9 - 19:35:9] Warning: Vincent Carleone may be server advertising: '/s New server 46.50.255.228:7777'.
[2013/2/9 - 19:35:17] Warning: Vincent Carleone may be server advertising: '/s New server 46 .50 .255 .228 : 7777'.
[2013/2/9 - 21:50:44] Warning: Real Casillas may be server advertising: 'http://nu7.upanh.com/b2.s33.d3/5e0512dff0f482270706a126967eb592_53218827.sam
[2013/2/9 - 21:50:47] Warning: Real Casillas may be server advertising: 'http://nu7.upanh.com/b2.s33.d3/5e0512dff0f482270706a126967eb592_53218827.sam
[2013/2/9 - 23:6:36] Mr La (ID 10)co the dang weapon hacking (Silenced Pistol)
[2013/2/9 - 23:6:37] Mr La (ID 10)co the dang weapon hacking (Silenced Pistol)
[2013/2/10 - 6:11:45] {AA3333}He thong{FFFF00}: Yang Style (ID 5) co the su dung hack dich chuyen truckrunning.
[2013/2/10 - 17:1:33] Skunz Smith (ID 19) co the su dung hack dich chuyen drugrunning.
[2013/2/10 - 17:9:7] Parkour Kid (ID 66) jetpack hacking.
[2013/2/10 - 20:47:34] Warning: Vocas Ams may be server advertising: '/r 10-22.10-30,.... blah blah blah,.... :D'.
[2013/2/10 - 20:47:41] Warning: Vocas Ams may be server advertising: '/r 10-22.10-30,.... blah blah blah,.... :D'.
[2013/2/10 - 20:47:57] Warning: Vocas Ams may be server advertising: '/r 10-22.10-30,.... blah blah blah,.... :D'.
[2013/2/10 - 20:48:2] Warning: Vocas Ams may be server advertising: '/r 10-22,10-30,.... blah blah blah,.... :D'.
[2013/2/10 - 21:26:36] Warning: Vlad Bonjorn may be server advertising: '/s Çàõîäèì íà 109.95.211.27:7955 Ñâîáîäíûå ëèäåðêè è âîçìîæíîñòü ïîëó÷èòü õåë
[2013/2/10 - 21:26:48] Warning: Vlad Bonjorn may be server advertising: '/s   Çàõîäèì íà 109.95.211.27:7955 Ñâîáîäíûå ëèäåðêè è âîçìîæíîñòü ïîëó÷èòü õ
[2013/2/10 - 21:26:55] Warning: Vlad Bonjorn may be server advertising: '   Çàõîäèì íà 109.95.211.27:7955 Ñâîáîäíûå ëèäåðêè è âîçìîæíîñòü ïîëó÷èòü õåë
[2013/2/10 - 23:53:38] Noisy tran (ID 16)co the dang weapon hacking (Shotgun)
[2013/2/11 - 0:48:26] {AA3333}He thong{FFFF00}: TOP Sid (ID 0) co the su dung hack dich chuyen matrunning.
[2013/2/11 - 0:51:1] {AA3333}He thong{FFFF00}: TOP Sid (ID 0) co the su dung hack dich chuyen matrunning.
[2013/2/11 - 14:32:14] {AA3333}He thong{FFFF00}: Skunz Smith (ID 59) co the su dung hack dich chuyen truckrunning.
[2013/2/11 - 18:26:32] {AA3333}He thong{FFFF00}: the ghost (ID 43) co the su dung hack dich chuyen truckrunning.
[2013/2/11 - 21:57:10] Warning: James Wong may be server advertising: 'Kingstone RP
vk.com/kingstonerp
93.189.41.40:7837
Samp 0.3e
Ëèäåðêè...Ïåðâà
[2013/2/11 - 21:57:19] Warning: James Wong may be server advertising: 'Kingstone RP
vk.com/kingstonerp
93.189.41.40:7837
Samp 0.3e
Ëèäåðêè...Ïåðâà
[2013/2/11 - 23:59:16] {AA3333}He thong{FFFF00}: Skunz Letsy (ID 10) co the su dung hack dich chuyen truckrunning.
[2013/2/12 - 0:4:52] {AA3333}He thong{FFFF00}: Skunz Letsy (ID 10) co the su dung hack dich chuyen truckrunning.
[2013/2/12 - 0:9:54] {AA3333}He thong{FFFF00}: Skunz Letsy (ID 9) co the su dung hack dich chuyen truckrunning.
[2013/2/12 - 10:58:21] {AA3333}He thong{FFFF00}: Park Je Seok (ID 64) co the su dung hack dich chuyen matrunning.
[2013/2/12 - 11:42:29] Warning: DaiGia Nobita may be server advertising: '/pr 113.181.212.109:7777'.
[2013/2/12 - 11:42:42] Warning: DaiGia Nobita may be server advertising: '/pr 113.181.212.109:7777'.
[2013/2/12 - 11:42:49] Warning: DaiGia Nobita may be server advertising: '/pr 113.181.212.109:7777'.
[2013/2/12 - 11:42:56] Warning: DaiGia Nobita may be server advertising: '/pr  113.181.212.109:7777'.
[2013/2/12 - 11:43:26] Warning: DaiGia Nobita may be server advertising: '/pr 113.181.212.109:7777 hu' hu''.
[2013/2/12 - 13:10:55] {AA3333}He thong{FFFF00}: Avatar Show (ID 36) co the su dung hack dich chuyen truckrunning.
[2013/2/12 - 16:42:56] {AA3333}He thong{FFFF00}: Parkour Kid (ID 100) co the su dung hack dich chuyen matrunning.
[2013/2/12 - 19:31:35] Sexy Boy (ID 34) jetpack hacking.
[2013/2/12 - 20:34:10] Warning: John Nguyen may be server advertising: '113.181.212.109:7777'.
[2013/2/12 - 20:34:15] Warning: John Nguyen may be server advertising: '113.181.212.109:7777'.
[2013/2/12 - 20:34:19] Warning: John Nguyen may be server advertising: ' 113.181.212.109:7777'.
[2013/2/13 - 0:46:7] {AA3333}He thong{FFFF00}: Scorpirtin Rez (ID 5) co the su dung hack dich chuyen matrunning.
[2013/2/13 - 0:49:18] {AA3333}He thong{FFFF00}: Ikem Nawk (ID 10) co the su dung hack dich chuyen matrunning.
[2013/2/13 - 4:35:6] {AA3333}He thong{FFFF00}: Sub Crazy (ID 2) co the su dung hack dich chuyen truckrunning.
[2013/2/13 - 15:59:21] Lam Top (ID 19)co the dang weapon hacking (Desert Eagle)
[2013/2/13 - 20:26:19] {AA3333}He thong{FFFF00}: jacker Duy (ID 103) co the su dung hack dich chuyen truckrunning.
[2013/2/13 - 23:47:39] Warning: Sao hoa may be server advertising: 'HostName: .: Gang War Deathmatch :.
Address:  142.4.210.33:7777
Players:  73 / 1
[2013/2/13 - 23:47:49] Warning: Sao hoa may be server advertising: 'HostName: .: Gang War Deathmatch :.
Address:HostName: .: Gang War Deathmatch :.

[2013/2/14 - 13:42:19] Warning: DaiGia Nobita may be server advertising: '/f 113.171.68.36:7777'.
[2013/2/14 - 13:42:24] Warning: DaiGia Nobita may be server advertising: '/f 113.171.68.36:7777'.
[2013/2/14 - 13:42:27] Warning: DaiGia Nobita may be server advertising: '/f 113.171.68.36:7777 sadas'.
[2013/2/14 - 13:42:40] Warning: DaiGia Nobita may be server advertising: '113.171.68.36:7777'.
[2013/2/14 - 13:42:50] Warning: DaiGia Nobita may be server advertising: 'asdasd 113.171.68.36:7777'.
[2013/2/14 - 13:43:28] Warning: DaiGia Nobita may be server advertising: '/f ip 113.171.68.36   :7777'.
[2013/2/14 - 14:32:21] {AA3333}He thong{FFFF00}: Park Je Seok (ID 44) co the su dung hack dich chuyen matrunning.
[2013/2/14 - 16:4:51] nhoc jack (ID 88)co the dang weapon hacking (Shotgun)
[2013/2/14 - 18:21:45] Warning: Tam Yelich may be server advertising: 'ch?c n?p 400 lun
(??)=e/????/'?'? ? ?? ???(-??~ -~)? Tâm: ^^
kulypq116 dang 
[2013/2/14 - 20:0:16] min min (ID 102)co the dang weapon hacking (Desert Eagle)
[2013/2/14 - 20:0:17] min min (ID 102)co the dang weapon hacking (Nite Stick)
[2013/2/14 - 20:0:19] min min (ID 102)co the dang weapon hacking (Desert Eagle)
[2013/2/14 - 20:0:24] min min (ID 102)co the dang weapon hacking (Nite Stick)
[2013/2/14 - 22:40:56] Warning: FTA Red may be server advertising: '176.34.104.88:8888'.
[2013/2/14 - 22:41:1] Warning: FTA Red may be server advertising: '176.34.104.88:8888'.
[2013/2/14 - 22:41:8] Warning: FTA Red may be server advertising: '176.34.104.88:8888'.
[2013/2/14 - 22:59:17] Warning: Steve Smith may be server advertising: 'http://www.google.com.vn/search?hl=vi&q=lego+swat+LA&bav=on.2,or.r_gc.r_pw.r_q
[2013/2/14 - 23:43:4] {AA3333}He thong{FFFF00}: FALLS ETILE (ID 9) co the su dung hack dich chuyen truckrunning.
[2013/2/15 - 1:37:48] {AA3333}He thong{FFFF00}: Assasin Wolf (ID 6) co the su dung hack dich chuyen truckrunning.
[2013/2/15 - 2:42:55] {AA3333}He thong{FFFF00}: FALLS ETILE (ID 7) co the su dung hack dich chuyen truckrunning.
[2013/2/15 - 2:45:45] {AA3333}He thong{FFFF00}: FALLS ETILE (ID 4) co the su dung hack dich chuyen truckrunning.
[2013/2/15 - 2:58:3] {AA3333}He thong{FFFF00}: FALLS ETILE (ID 3) co the su dung hack dich chuyen truckrunning.
[2013/2/15 - 4:11:34] {AA3333}He thong{FFFF00}: Sub Crazy (ID 1) co the su dung hack dich chuyen truckrunning.
[2013/2/15 - 4:17:2] {AA3333}He thong{FFFF00}: Sub Crazy (ID 4) co the su dung hack dich chuyen truckrunning.
[2013/2/15 - 9:49:40] Oggy Smith (ID 66)co the dang weapon hacking (Teargas)
[2013/2/15 - 12:44:5] Yan Bi (ID 94) jetpack hacking.
[2013/2/15 - 12:59:34] {AA3333}He thong{FFFF00}: Park Je Seok (ID 100) co the su dung hack dich chuyen matrunning.
[2013/2/15 - 15:39:30] Anh Tuan (ID 117)co the dang weapon hacking (Spray Can)
[2013/2/15 - 16:35:28] Khanh Vu (ID 63)co the dang weapon hacking (Shotgun)
[2013/2/15 - 16:35:31] Khanh Vu (ID 63)co the dang weapon hacking (Shotgun)
[2013/2/15 - 16:35:36] Khanh Vu (ID 63)co the dang weapon hacking (Shotgun)
[2013/2/15 - 16:35:37] Khanh Vu (ID 63)co the dang weapon hacking (Shotgun)
[2013/2/16 - 0:34:37] Warning: Vegeta Pham may be server advertising: 'http://gta.progame.biz/forum/showthread.php?748-Tin-tuc-hinh-anh-tu-lieu-Los-A
[2013/2/16 - 0:34:41] Warning: Vegeta Pham may be server advertising: ' http://gta.progame.biz/forum/showthread.php?748-Tin-tuc-hinh-anh-tu-lieu-Los-
[2013/2/16 - 3:48:13] {AA3333}He thong{FFFF00}: Sub Crazy (ID 2) co the su dung hack dich chuyen truckrunning.
[2013/2/16 - 14:32:50] {AA3333}He thong{FFFF00}: Aly shia (ID 88) co the su dung hack dich chuyen truckrunning.
[2013/2/16 - 16:6:8] Warning: Roma Villa may be server advertising: 'Îòêðûò ñåðâåð ReaLafe-rp çàéäèòå ïîèãðàéòå ëèäåðêè äàäèì âñå åñòü
176.32.39.10
[2013/2/16 - 16:6:11] Warning: Roma Villa may be server advertising: 'Îòêðûò ñåðâåð ReaLafe-rp çàéäèòå ïîèãðàéòå ëèäåðêè äàäèì âñå åñòü
176.32.39.10
[2013/2/16 - 17:32:6] Jame Bone (ID 73)co the dang weapon hacking (UZI)
[2013/2/16 - 17:32:6] Jame Bone (ID 73)co the dang weapon hacking (UZI)
[2013/2/16 - 17:32:27] Jame Bone (ID 73)co the dang weapon hacking (M4)
[2013/2/16 - 17:32:28] Jame Bone (ID 73)co the dang weapon hacking (UZI)
[2013/2/16 - 17:32:28] Jame Bone (ID 73)co the dang weapon hacking (M4)
[2013/2/16 - 17:32:29] Jame Bone (ID 73)co the dang weapon hacking (M4)
[2013/2/16 - 18:59:19] Warning: Pedrobear Crazy may be server advertising: '5.135.177.194:8300'.
[2013/2/16 - 20:55:8] Brown eyes (ID 90)co the dang weapon hacking (Shotgun)
[2013/2/17 - 2:5:40] {AA3333}He thong{FFFF00}: Sub Crazy (ID 0) co the su dung hack dich chuyen truckrunning.
[2013/2/17 - 2:17:16] {AA3333}He thong{FFFF00}: Sub Crazy (ID 10) co the su dung hack dich chuyen truckrunning.
[2013/2/17 - 2:44:43] {AA3333}He thong{FFFF00}: FALLS ETILE (ID 5) co the su dung hack dich chuyen truckrunning.
[2013/2/17 - 2:54:35] {AA3333}He thong{FFFF00}: Brown eyes (ID 6) co the su dung hack dich chuyen truckrunning.
[2013/2/17 - 2:56:58] {AA3333}He thong{FFFF00}: Brown eyes (ID 7) co the su dung hack dich chuyen truckrunning.
[2013/2/17 - 3:0:49] {AA3333}He thong{FFFF00}: Brown eyes (ID 5) co the su dung hack dich chuyen truckrunning.
[2013/2/17 - 3:7:34] {AA3333}He thong{FFFF00}: Brown eyes (ID 5) co the su dung hack dich chuyen truckrunning.
[2013/2/17 - 3:8:12] {AA3333}He thong{FFFF00}: FALLS ETILE (ID 7) co the su dung hack dich chuyen truckrunning.
[2013/2/17 - 3:10:32] {AA3333}He thong{FFFF00}: FALLS ETILE (ID 7) co the su dung hack dich chuyen truckrunning.
[2013/2/17 - 3:11:53] {AA3333}He thong{FFFF00}: Brown eyes (ID 5) co the su dung hack dich chuyen truckrunning.
[2013/2/17 - 3:15:18] {AA3333}He thong{FFFF00}: Brown eyes (ID 1) co the su dung hack dich chuyen truckrunning.
[2013/2/17 - 3:21:30] {AA3333}He thong{FFFF00}: Brown eyes (ID 1) co the su dung hack dich chuyen truckrunning.
[2013/2/17 - 3:21:48] Warning: Santiago Toretto may be server advertising: 'âñå ñþäà ñàìèé ëóòøèé ÐÏ ñåðâåð   46.254.18.130:7777'.
[2013/2/17 - 14:16:28] Lady Fox (ID 105)co the dang weapon hacking (Spray Can)
[2013/2/17 - 14:42:42] Tara Bennett (ID 62)co the dang weapon hacking (Combat Shotgun)
[2013/2/17 - 14:42:42] Tara Bennett (ID 62)co the dang weapon hacking (Combat Shotgun)
[2013/2/17 - 14:42:47] Tara Bennett (ID 62)co the dang weapon hacking (Combat Shotgun)
[2013/2/17 - 14:42:51] Tara Bennett (ID 62)co the dang weapon hacking (Combat Shotgun)
[2013/2/17 - 14:43:2] Tara Bennett (ID 62)co the dang weapon hacking (Combat Shotgun)
[2013/2/17 - 14:43:23] Tara Bennett (ID 62)co the dang weapon hacking (Combat Shotgun)
[2013/2/17 - 14:44:17] Tara Bennett (ID 62)co the dang weapon hacking (Combat Shotgun)
[2013/2/17 - 14:44:18] Tara Bennett (ID 62)co the dang weapon hacking (Combat Shotgun)
[2013/2/17 - 14:44:32] Tara Bennett (ID 62)co the dang weapon hacking (Combat Shotgun)
[2013/2/17 - 14:44:42] Tara Bennett (ID 62)co the dang weapon hacking (Combat Shotgun)
[2013/2/17 - 14:44:43] Tara Bennett (ID 62)co the dang weapon hacking (Combat Shotgun)
[2013/2/17 - 14:50:21] Warning: Tam Smith may be server advertising: '[url=http://nu5.upanh.com/b5.s33.d2/d5618b3782c5bb8350c6b4674800246a_53335485.sa
[2013/2/17 - 14:53:29] {AA3333}He thong{FFFF00}: Kim Smith (ID 78) co the su dung hack dich chuyen truckrunning.
[2013/2/17 - 14:55:23] {AA3333}He thong{FFFF00}: Kim Smith (ID 78) co the su dung hack dich chuyen truckrunning.
[2013/2/17 - 15:44:28] Pedrobear Crazy (ID 20)co the dang weapon hacking (Dildo)
[2013/2/17 - 15:44:30] Pedrobear Crazy (ID 20)co the dang weapon hacking (Dildo)
[2013/2/17 - 15:44:44] Pedrobear Crazy (ID 20)co the dang weapon hacking (Colt 45)
[2013/2/17 - 15:44:49] Pedrobear Crazy (ID 20)co the dang weapon hacking (Dildo)
[2013/2/17 - 15:44:49] Pedrobear Crazy (ID 20)co the dang weapon hacking (Colt 45)
[2013/2/17 - 15:44:53] Pedrobear Crazy (ID 20)co the dang weapon hacking (Colt 45)
[2013/2/17 - 15:44:57] Pedrobear Crazy (ID 20)co the dang weapon hacking (Vibrator)
[2013/2/17 - 15:45:1] Pedrobear Crazy (ID 20)co the dang weapon hacking (Colt 45)
[2013/2/17 - 15:45:10] Pedrobear Crazy (ID 20) jetpack hacking.
[2013/2/17 - 16:49:27] Duc Smith (ID 69)co the dang weapon hacking (Camera)
[2013/2/17 - 16:49:28] Duc Smith (ID 69)co the dang weapon hacking (Camera)
[2013/2/17 - 18:6:14] HU GO (ID 79) jetpack hacking.
[2013/2/17 - 18:18:12] Warning: Madara Yelich may be server advertising: '/pr mi nhay~ du` ta nhay~ SWAR :)http://gta.progame.biz/forum/showthread.php
[2013/2/17 - 19:14:33] Long phan (ID 77)co the dang weapon hacking (MP5)
[2013/2/17 - 19:36:6] {AA3333}He thong{FFFF00}: Kao King (ID 98) co the su dung hack dich chuyen truckrunning.
[2013/2/17 - 20:28:1] M E (ID 25) jetpack hacking.
[2013/2/17 - 20:53:58] nhoc trung (ID 62) jetpack hacking.
[2013/2/17 - 20:54:0] nhoc trung (ID 62) jetpack hacking.
[2013/2/18 - 0:11:44] {AA3333}He thong{FFFF00}: Duong Kang (ID 3) co the su dung hack dich chuyen truckrunning.
[2013/2/18 - 0:37:16] {AA3333}He thong{FFFF00}: Romeo Beckam (ID 3) co the su dung hack dich chuyen truckrunning.
[2013/2/18 - 0:44:57] {AA3333}He thong{FFFF00}: Romeo Beckam (ID 4) co the su dung hack dich chuyen truckrunning.
[2013/2/18 - 0:56:4] {AA3333}He thong{FFFF00}: Romeo Beckam (ID 4) co the su dung hack dich chuyen truckrunning.
[2013/2/18 - 1:5:7] {AA3333}He thong{FFFF00}: Romeo Beckam (ID 4) co the su dung hack dich chuyen truckrunning.
[2013/2/18 - 1:8:49] {AA3333}He thong{FFFF00}: Link black (ID 11) co the su dung hack dich chuyen truckrunning.
[2013/2/18 - 1:15:38] {AA3333}He thong{FFFF00}: Link black (ID 0) co the su dung hack dich chuyen truckrunning.
[2013/2/18 - 1:18:34] {AA3333}He thong{FFFF00}: Romeo Beckam (ID 4) co the su dung hack dich chuyen truckrunning.
[2013/2/18 - 1:23:46] {AA3333}He thong{FFFF00}: Romeo Beckam (ID 1) co the su dung hack dich chuyen truckrunning.
[2013/2/18 - 1:24:33] {AA3333}He thong{FFFF00}: Link black (ID 0) co the su dung hack dich chuyen truckrunning.
[2013/2/18 - 1:27:3] {AA3333}He thong{FFFF00}: Link black (ID 0) co the su dung hack dich chuyen truckrunning.
[2013/2/18 - 1:33:20] {AA3333}He thong{FFFF00}: Link black (ID 0) co the su dung hack dich chuyen truckrunning.
[2013/2/18 - 1:45:57] {AA3333}He thong{FFFF00}: Romeo Beckam (ID 1) co the su dung hack dich chuyen truckrunning.
[2013/2/18 - 3:54:36] Skiptions Boy (ID 0)co the dang weapon hacking (Dildo)
[2013/2/18 - 4:28:3] Skiptions Boy (ID 0)co the dang weapon hacking (Dildo)
[2013/2/18 - 4:36:4] Skiptions Boy (ID 0)co the dang weapon hacking (Dildo)
[2013/2/18 - 4:37:47] Skiptions Boy (ID 0)co the dang weapon hacking (Dildo)
[2013/2/18 - 4:38:57] Skiptions Boy (ID 0)co the dang weapon hacking (Dildo)
[2013/2/18 - 4:40:30] Skiptions Boy (ID 0)co the dang weapon hacking (Dildo)
[2013/2/18 - 4:40:59] Skiptions Boy (ID 0)co the dang weapon hacking (Dildo)
[2013/2/18 - 4:41:0] Skiptions Boy (ID 0)co the dang weapon hacking (Dildo)
[2013/2/18 - 4:44:13] Skiptions Boy (ID 0)co the dang weapon hacking (Dildo)
[2013/2/18 - 5:14:46] Skiptions Boy (ID 0)co the dang weapon hacking (Dildo)
[2013/2/18 - 5:16:50] Skiptions Boy (ID 0)co the dang weapon hacking (Dildo)
[2013/2/18 - 5:20:51] Skiptions Boy (ID 0)co the dang weapon hacking (Dildo)
[2013/2/18 - 5:22:15] Skiptions Boy (ID 0)co the dang weapon hacking (Dildo)
[2013/2/18 - 5:26:0] Skiptions Boy (ID 0)co the dang weapon hacking (Dildo)
[2013/2/18 - 5:30:2] Skiptions Boy (ID 0)co the dang weapon hacking (Dildo)
[2013/2/18 - 5:31:38] Skiptions Boy (ID 0)co the dang weapon hacking (Dildo)
[2013/2/18 - 5:32:40] Skiptions Boy (ID 0)co the dang weapon hacking (Dildo)
[2013/2/18 - 5:32:41] Skiptions Boy (ID 0)co the dang weapon hacking (Dildo)
[2013/2/18 - 5:32:51] Skiptions Boy (ID 0)co the dang weapon hacking (Dildo)
[2013/2/18 - 5:33:13] Skiptions Boy (ID 0)co the dang weapon hacking (Dildo)
[2013/2/18 - 5:33:37] Skiptions Boy (ID 0)co the dang weapon hacking (Dildo)
[2013/2/18 - 5:51:47] Skiptions Boy (ID 0)co the dang weapon hacking (Dildo)
[2013/2/18 - 5:54:16] Skiptions Boy (ID 0)co the dang weapon hacking (Dildo)
[2013/2/18 - 5:54:53] Skiptions Boy (ID 0)co the dang weapon hacking (Dildo)
[2013/2/18 - 5:54:59] Skiptions Boy (ID 0)co the dang weapon hacking (Dildo)
[2013/2/18 - 5:55:10] Skiptions Boy (ID 0)co the dang weapon hacking (Dildo)
[2013/2/18 - 5:55:37] Skiptions Boy (ID 0)co the dang weapon hacking (Dildo)
[2013/2/18 - 5:56:36] Skiptions Boy (ID 0)co the dang weapon hacking (Dildo)
[2013/2/18 - 6:3:3] Skiptions Boy (ID 0)co the dang weapon hacking (Dildo)
[2013/2/18 - 8:12:7] Warning: Anton Paramonov may be server advertising: '/sms 0 Íîâûé ñåðâåð.Ip 217.28.216.20:7835  3êê,3ëâë,ñâîáîäíûå ëèäåðêè'.
[2013/2/18 - 8:12:15] Warning: Anton Paramonov may be server advertising: '/sms 0 Íîâûé ñåðâåð.Ip 217.28.216.20:7835  3êê,3ëâë,ñâîáîäíûå ëèäåðêè'.
[2013/2/18 - 8:12:31] Warning: Anton Paramonov may be server advertising: '/sms 1 Íîâûé ñåðâåð.Ip 217.28.216.20:7835  3êê,3ëâë,ñâîáîäíûå ëèäåðêè'.
[2013/2/18 - 15:27:35] {AA3333}He thong{FFFF00}: Phong Vu (ID 14) co the su dung hack dich chuyen truckrunning.
[2013/2/18 - 19:37:5] {AA3333}He thong{FFFF00}: Phong Vu (ID 72) co the su dung hack dich chuyen truckrunning.
[2013/2/18 - 22:6:42] {AA3333}He thong{FFFF00}: Phong Vu (ID 17) co the su dung hack dich chuyen truckrunning.
[2013/2/18 - 22:45:0] {AA3333}He thong{FFFF00}: Danny Alex (ID 26) co the su dung hack dich chuyen truckrunning.
[2013/2/18 - 22:49:18] {AA3333}He thong{FFFF00}: Danny Alex (ID 5) co the su dung hack dich chuyen truckrunning.
[2013/2/18 - 23:58:44] {AA3333}He thong{FFFF00}: Romeo Beckam (ID 11) co the su dung hack dich chuyen truckrunning.
[2013/2/19 - 2:4:57] {AA3333}He thong{FFFF00}: FALLS ETILE (ID 3) co the su dung hack dich chuyen truckrunning.
[2013/2/19 - 2:20:16] {AA3333}He thong{FFFF00}: FALLS ETILE (ID 3) co the su dung hack dich chuyen truckrunning.
[2013/2/19 - 2:58:16] {AA3333}He thong{FFFF00}: Link black (ID 3) co the su dung hack dich chuyen truckrunning.
[2013/2/19 - 11:54:11] Taxi NamPhat (ID 6)co the dang weapon hacking (Shotgun)
[2013/2/19 - 14:19:9] {AA3333}He thong{FFFF00}: Kuro Hieu (ID 43) co the su dung hack dich chuyen matrunning.
[2013/2/19 - 15:13:37] Warning: Hyuga Kojiro may be server advertising: 'HostName: [VNPLA] Viet Nam Project Los Angeles - 0.3x
Address:  gta.progame.
[2013/2/19 - 16:31:42] Fitter Dom (ID 15)co the dang weapon hacking (Desert Eagle)
[2013/2/19 - 16:31:42] Fitter Dom (ID 15)co the dang weapon hacking (Desert Eagle)
[2013/2/19 - 16:31:43] Fitter Dom (ID 15)co the dang weapon hacking (Desert Eagle)
[2013/2/19 - 16:32:7] Fitter Dom (ID 15)co the dang weapon hacking (Desert Eagle)
[2013/2/19 - 16:32:15] Royal Gaming (ID 47)co the dang weapon hacking (M4)
[2013/2/19 - 16:32:16] Royal Gaming (ID 47)co the dang weapon hacking (M4)
[2013/2/19 - 16:33:8] Fitter Dom (ID 15)co the dang weapon hacking (Desert Eagle)
[2013/2/19 - 16:33:57] Fitter Dom (ID 15)co the dang weapon hacking (Desert Eagle)
[2013/2/19 - 16:35:46] Fitter Dom (ID 15)co the dang weapon hacking (Desert Eagle)
[2013/2/19 - 16:36:6] Fitter Dom (ID 15)co the dang weapon hacking (Desert Eagle)
[2013/2/19 - 16:38:23] Fitter Dom (ID 15)co the dang weapon hacking (Desert Eagle)
[2013/2/19 - 16:39:1] Fitter Dom (ID 15)co the dang weapon hacking (Desert Eagle)
[2013/2/19 - 18:15:27] {AA3333}He thong{FFFF00}: Fucking Man (ID 85) co the su dung hack dich chuyen truckrunning.
[2013/2/19 - 18:25:33] {AA3333}He thong{FFFF00}: Fucking Man (ID 64) co the su dung hack dich chuyen truckrunning.
[2013/2/19 - 19:49:5] {AA3333}He thong{FFFF00}: Truck Rich (ID 15) co the su dung hack dich chuyen truckrunning.
[2013/2/19 - 20:12:34] Skiptions Boy (ID 42)co the dang weapon hacking (Dildo)
[2013/2/19 - 20:16:10] Skiptions Boy (ID 42)co the dang weapon hacking (Desert Eagle)
[2013/2/19 - 20:30:52] [mapteleport] Truck_Rich 85 (2215.66, -1376.08, 24.00 -> 2005.67, -1656.08, 14.38 [2005.66, -1656.08, 14.38]) (350.129730, 0.012681) (1) (71[2013/2/19 - 21:29:25] Rain Bennett (ID 72)co the dang weapon hacking (Baseball Bat)
[2013/2/19 - 21:29:28] Dalk love (ID 94)co the dang weapon hacking (Baseball Bat)
[2013/2/19 - 21:29:34] Rain Bennett (ID 72)co the dang weapon hacking (Baseball Bat)
[2013/2/19 - 21:29:38] Dalk love (ID 94)co the dang weapon hacking (Baseball Bat)
[2013/2/19 - 21:30:43] m bloodkiss (ID 66)co the dang weapon hacking (Baseball Bat)
[2013/2/19 - 21:32:13] m bloodkiss (ID 66)co the dang weapon hacking (Baseball Bat)
[2013/2/19 - 21:33:24] m bloodkiss (ID 66)co the dang weapon hacking (Baseball Bat)
[2013/2/19 - 23:14:27] Skiptions Boy (ID 54)co the dang weapon hacking (Dildo)
[2013/2/19 - 23:20:2] Skiptions Boy (ID 54)co the dang weapon hacking (Dildo)
[2013/2/19 - 23:22:55] Skiptions Boy (ID 54)co the dang weapon hacking (Dildo)
[2013/2/19 - 23:26:2] Skiptions Boy (ID 54)co the dang weapon hacking (Dildo)
[2013/2/19 - 23:29:43] Skiptions Boy (ID 54)co the dang weapon hacking (Dildo)
[2013/2/19 - 23:30:50] Skiptions Boy (ID 54)co the dang weapon hacking (Dildo)
[2013/2/19 - 23:33:14] Skiptions Boy (ID 54)co the dang weapon hacking (Dildo)
[2013/2/19 - 23:33:15] Skiptions Boy (ID 54)co the dang weapon hacking (Dildo)
[2013/2/19 - 23:33:22] Skiptions Boy (ID 54)co the dang weapon hacking (Dildo)
[2013/2/19 - 23:33:37] Skiptions Boy (ID 54)co the dang weapon hacking (Dildo)
[2013/2/19 - 23:34:24] Skiptions Boy (ID 54)co the dang weapon hacking (Dildo)
[2013/2/19 - 23:34:41] Skiptions Boy (ID 54)co the dang weapon hacking (Dildo)
[2013/2/19 - 23:36:0] Skiptions Boy (ID 54)co the dang weapon hacking (Dildo)
[2013/2/19 - 23:36:6] Skiptions Boy (ID 54)co the dang weapon hacking (Dildo)
[2013/2/19 - 23:39:32] Skiptions Boy (ID 54)co the dang weapon hacking (Dildo)
[2013/2/19 - 23:44:11] Skiptions Boy (ID 54)co the dang weapon hacking (Dildo)
[2013/2/19 - 23:45:57] Skiptions Boy (ID 54)co the dang weapon hacking (Dildo)
[2013/2/19 - 23:48:16] Skiptions Boy (ID 54)co the dang weapon hacking (Dildo)
[2013/2/19 - 23:49:1] Skiptions Boy (ID 54)co the dang weapon hacking (Vibrator)
[2013/2/19 - 23:49:4] Skiptions Boy (ID 54)co the dang weapon hacking (Vibrator)
[2013/2/20 - 0:1:6] Skiptions Boy (ID 54)co the dang weapon hacking (Dildo)
[2013/2/20 - 0:1:39] Skiptions Boy (ID 54)co the dang weapon hacking (Vibrator)
[2013/2/20 - 0:7:59] Skiptions Boy (ID 54)co the dang weapon hacking (Vibrator)
[2013/2/20 - 0:12:35] Skiptions Boy (ID 54)co the dang weapon hacking (Vibrator)
[2013/2/20 - 0:12:39] Skiptions Boy (ID 54)co the dang weapon hacking (Vibrator)
[2013/2/20 - 0:20:26] Skiptions Boy (ID 54)co the dang weapon hacking (Vibrator)
[2013/2/20 - 0:20:28] Skiptions Boy (ID 54)co the dang weapon hacking (Vibrator)
[2013/2/20 - 0:20:31] Skiptions Boy (ID 54)co the dang weapon hacking (Vibrator)
[2013/2/20 - 0:20:33] Skiptions Boy (ID 54)co the dang weapon hacking (Vibrator)
[2013/2/20 - 0:20:33] Skiptions Boy (ID 54)co the dang weapon hacking (Vibrator)
[2013/2/20 - 0:23:57] Skiptions Boy (ID 54)co the dang weapon hacking (Vibrator)
[2013/2/20 - 0:27:9] Skiptions Boy (ID 54)co the dang weapon hacking (Vibrator)
[2013/2/20 - 0:29:46] Skiptions Boy (ID 54)co the dang weapon hacking (Vibrator)
[2013/2/20 - 0:32:9] Skiptions Boy (ID 54)co the dang weapon hacking (Vibrator)
[2013/2/20 - 0:35:18] Skiptions Boy (ID 54)co the dang weapon hacking (Vibrator)
[2013/2/20 - 0:44:54] {AA3333}He thong{FFFF00}: Link black (ID 3) co the su dung hack dich chuyen truckrunning.
[2013/2/20 - 19:59:4] King Shiro (ID 84)co the dang weapon hacking (Baseball Bat)
[2013/2/20 - 20:3:10] Skiptions Boy (ID 6)co the dang weapon hacking (Desert Eagle)
[2013/2/20 - 20:3:53] Skiptions Boy (ID 6)co the dang weapon hacking (Desert Eagle)
[2013/2/20 - 20:4:33] Skiptions Boy (ID 6)co the dang weapon hacking (Desert Eagle)
[2013/2/20 - 20:4:34] Skiptions Boy (ID 6)co the dang weapon hacking (Desert Eagle)
[2013/2/20 - 20:21:38] Skiptions Boy (ID 34)co the dang weapon hacking (Desert Eagle)
[2013/2/20 - 20:22:0] Skiptions Boy (ID 34)co the dang weapon hacking (Desert Eagle)
[2013/2/20 - 20:25:33] Skiptions Boy (ID 34)co the dang weapon hacking (Desert Eagle)
[2013/2/20 - 20:25:59] Skiptions Boy (ID 34)co the dang weapon hacking (Desert Eagle)
[2013/2/20 - 20:51:32] Skiptions Boy (ID 33)co the dang weapon hacking (Desert Eagle)
[2013/2/20 - 20:52:13] Skiptions Boy (ID 33)co the dang weapon hacking (Desert Eagle)
[2013/2/20 - 20:52:38] Skiptions Boy (ID 33)co the dang weapon hacking (Desert Eagle)
[2013/2/20 - 20:53:20] Skiptions Boy (ID 33)co the dang weapon hacking (Desert Eagle)
[2013/2/20 - 20:57:43] Skiptions Boy (ID 33)co the dang weapon hacking (Desert Eagle)
[2013/2/20 - 20:58:3] Skiptions Boy (ID 33)co the dang weapon hacking (Desert Eagle)
[2013/2/20 - 20:58:4] Skiptions Boy (ID 33)co the dang weapon hacking (Desert Eagle)
[2013/2/20 - 20:58:5] Skiptions Boy (ID 33)co the dang weapon hacking (Desert Eagle)
[2013/2/20 - 21:6:26] Skiptions Boy (ID 33)co the dang weapon hacking (Desert Eagle)
[2013/2/20 - 21:6:46] Skiptions Boy (ID 33)co the dang weapon hacking (Desert Eagle)
[2013/2/20 - 22:16:38] Skiptions Boy (ID 32)co the dang weapon hacking (Desert Eagle)
[2013/2/20 - 22:17:56] Skiptions Boy (ID 32)co the dang weapon hacking (Desert Eagle)
[2013/2/20 - 22:18:55] Skiptions Boy (ID 32)co the dang weapon hacking (Desert Eagle)
[2013/2/20 - 22:18:56] Skiptions Boy (ID 32)co the dang weapon hacking (Desert Eagle)
[2013/2/20 - 22:18:58] Skiptions Boy (ID 32)co the dang weapon hacking (Desert Eagle)
[2013/2/21 - 0:25:2] Richar Johnson (ID 3) jetpack hacking.
[2013/2/21 - 1:35:9] {AA3333}He thong{FFFF00}: FALLS ETILE (ID 11) co the su dung hack dich chuyen truckrunning.
[2013/2/21 - 1:40:8] {AA3333}He thong{FFFF00}: Rosey Phillips (ID 2) co the su dung hack dich chuyen truckrunning.
[2013/2/21 - 1:42:3] {AA3333}He thong{FFFF00}: Rosey Phillips (ID 2) co the su dung hack dich chuyen truckrunning.
[2013/2/21 - 1:46:2] {AA3333}He thong{FFFF00}: Rosey Phillips (ID 6) co the su dung hack dich chuyen truckrunning.
[2013/2/21 - 2:41:54] {AA3333}He thong{FFFF00}: Rosey Phillips (ID 1) co the su dung hack dich chuyen truckrunning.
[2013/2/21 - 2:47:34] Rosey Phillips (ID 1) jetpack hacking.
[2013/2/21 - 15:54:27] {AA3333}He thong{FFFF00}: Nhat hao (ID 29) co the su dung hack dich chuyen truckrunning.
[2013/2/21 - 15:54:29] {AA3333}He thong{FFFF00}: Aly shia (ID 32) co the su dung hack dich chuyen truckrunning.
[2013/2/21 - 15:55:1] {AA3333}He thong{FFFF00}: God Dragon (ID 10) co the su dung hack dich chuyen truckrunning.
[2013/2/21 - 15:55:5] {AA3333}He thong{FFFF00}: Yami Hunter (ID 41) co the su dung hack dich chuyen truckrunning.
[2013/2/21 - 15:55:35] {AA3333}He thong{FFFF00}: Maximus ACE (ID 37) co the su dung hack dich chuyen truckrunning.
[2013/2/21 - 17:9:3] Long Smith (ID 15)co the dang weapon hacking (Spray Can)
[2013/2/21 - 17:22:3] Willian Smith (ID 22)co the dang weapon hacking (M4)
[2013/2/21 - 17:22:3] Willian Smith (ID 22)co the dang weapon hacking (MP5)
[2013/2/21 - 17:22:3] Willian Smith (ID 22)co the dang weapon hacking (Nite Stick)
[2013/2/21 - 17:22:4] Willian Smith (ID 22)co the dang weapon hacking (Spray Can)
[2013/2/21 - 17:22:5] Willian Smith (ID 22)co the dang weapon hacking (M4)
[2013/2/21 - 17:22:5] Willian Smith (ID 22)co the dang weapon hacking (MP5)
[2013/2/21 - 17:22:5] Willian Smith (ID 22)co the dang weapon hacking (Nite Stick)
[2013/2/21 - 17:22:6] Willian Smith (ID 22)co the dang weapon hacking (MP5)
[2013/2/21 - 17:22:6] Willian Smith (ID 22)co the dang weapon hacking (M4)
[2013/2/21 - 17:22:6] Willian Smith (ID 22)co the dang weapon hacking (Spray Can)
[2013/2/21 - 17:22:6] Willian Smith (ID 22)co the dang weapon hacking (Nite Stick)
[2013/2/21 - 17:22:7] Willian Smith (ID 22)co the dang weapon hacking (Nite Stick)
[2013/2/21 - 17:22:7] Willian Smith (ID 22)co the dang weapon hacking (MP5)
[2013/2/21 - 17:22:7] Willian Smith (ID 22)co the dang weapon hacking (Spray Can)
[2013/2/21 - 17:22:7] Willian Smith (ID 22)co the dang weapon hacking (Nite Stick)
[2013/2/21 - 17:22:9] Willian Smith (ID 22)co the dang weapon hacking (MP5)
[2013/2/21 - 17:22:16] Willian Smith (ID 22)co the dang weapon hacking (M4)
[2013/2/21 - 17:22:16] Willian Smith (ID 22)co the dang weapon hacking (Spray Can)
[2013/2/21 - 17:22:17] Willian Smith (ID 22)co the dang weapon hacking (Spray Can)
[2013/2/21 - 18:51:38] Warning: uzumaki naruto may be server advertising: '8.2.121.99:7777'.
[2013/2/21 - 20:57:9] Rock Stamina (ID 16)co the dang weapon hacking (Desert Eagle)
[2013/2/22 - 0:44:48] {AA3333}He thong{FFFF00}: FALLS ETILE (ID 4) co the su dung hack dich chuyen truckrunning.
[2013/2/22 - 2:13:53] Rock Stamina (ID 0)co the dang weapon hacking (Dildo)
[2013/2/22 - 2:14:50] Rock Stamina (ID 0)co the dang weapon hacking (Dildo)
[2013/2/22 - 3:3:17] Warning: Nhim Stone may be server advertising: '/t 404652 Neu ban. muon doi` no. ai do' hay~ goi. 404652:))'.
[2013/2/22 - 3:3:23] Warning: Nhim Stone may be server advertising: '/t 404652 Neu ban. muon doi` no. ai do' hay~ goi. 404652:))'.
[2013/2/22 - 4:50:35] {AA3333}He thong{FFFF00}: Rocky Ballboa (ID 1) co the su dung hack dich chuyen truckrunning.
[2013/2/22 - 4:54:35] {AA3333}He thong{FFFF00}: Rocky Ballboa (ID 1) co the su dung hack dich chuyen truckrunning.
[2013/2/22 - 4:56:50] {AA3333}He thong{FFFF00}: Rocky Ballboa (ID 1) co the su dung hack dich chuyen truckrunning.
[2013/2/22 - 5:0:36] {AA3333}He thong{FFFF00}: Rocky Ballboa (ID 1) co the su dung hack dich chuyen truckrunning.
[2013/2/22 - 5:4:12] {AA3333}He thong{FFFF00}: Rocky Ballboa (ID 1) co the su dung hack dich chuyen truckrunning.
[2013/2/22 - 5:6:5] {AA3333}He thong{FFFF00}: Rocky Ballboa (ID 1) co the su dung hack dich chuyen truckrunning.
[2013/2/22 - 5:14:28] {AA3333}He thong{FFFF00}: Rocky Ballboa (ID 1) co the su dung hack dich chuyen truckrunning.
[2013/2/22 - 5:23:31] {AA3333}He thong{FFFF00}: Rocky Ballboa (ID 1) co the su dung hack dich chuyen truckrunning.
[2013/2/22 - 7:59:59] {AA3333}He thong{FFFF00}: Steve Smith (ID 11) co the su dung hack dich chuyen truckrunning.
[2013/2/22 - 10:58:45] Warning: VN Tuan may be server advertising: 'http://gta.progame.biz/forum/showthread.php?1031-NRG-mod-k-co-mod-handing-nha-D&p=
[2013/2/22 - 13:24:29] {AA3333}He thong{FFFF00}: Andree Sam (ID 46) co the su dung hack dich chuyen truckrunning.
[2013/2/22 - 14:15:4] {AA3333}He thong{FFFF00}: Rocky Ballboa (ID 18) co the su dung hack dich chuyen truckrunning.
[2013/2/22 - 17:2:0] {AA3333}He thong{FFFF00}: Andree Sam (ID 29) co the su dung hack dich chuyen truckrunning.
[2013/2/22 - 17:4:40] {AA3333}He thong{FFFF00}: Rocky Ballboa (ID 41) co the su dung hack dich chuyen truckrunning.
[2013/2/22 - 19:33:45] Warning: Trieu AH may be server advertising: '/me salem create camera : 1232 . 4214 .5551 .12592 ( 5 ) road load 5 5'.
[2013/2/22 - 19:33:53] Warning: Trieu AH may be server advertising: '/me salem create camera : 1232 . 4214 .5551 .12592 ( 5 ) road load 5 5'.
[2013/2/22 - 19:33:55] Warning: Trieu AH may be server advertising: '/me salem create camera : 1232 . 4214 .5551 .12592 ( 5 ) road load 5 5'.
[2013/2/22 - 20:42:30] Warning: Trieu AH may be server advertising: '/me load Auto NPC chat messenger :( 99999 ) .. TEXT  : 5523e.txt ...'.
[2013/2/22 - 20:43:8] Warning: Kang ChuanGay may be server advertising: 'http://gta.progame.b/newb http://gta.proga/newb http://gta.progame.biz/forum
[2013/2/22 - 20:43:53] Warning: Kang ChuanGay may be server advertising: 'http://gta.progame.b/new http://gta.progame.biz/forum/showthread.php?1064-Do
[2013/2/22 - 20:44:2] Warning: Kang ChuanGay may be server advertising: 'http://gta.progame.b/new http://gta.progame.http://gta.progame.biz/forum/sho
[2013/2/22 - 20:44:7] Warning: Kang ChuanGay may be server advertising: 'http://gta.progame.b/new http://gta.progame.http://gta.progame.biz/forum/sho
[2013/2/22 - 22:45:12] Rock Stamina (ID 2)co the dang weapon hacking (Dildo)
[2013/2/22 - 22:46:11] Rock Stamina (ID 2)co the dang weapon hacking (Dildo)
[2013/2/22 - 22:46:12] Rock Stamina (ID 2)co the dang weapon hacking (Dildo)
[2013/2/23 - 1:26:4] {AA3333}He thong{FFFF00}: FALLS ETILE (ID 12) co the su dung hack dich chuyen truckrunning.
[2013/2/23 - 1:30:26] {AA3333}He thong{FFFF00}: FALLS ETILE (ID 6) co the su dung hack dich chuyen truckrunning.
[2013/2/23 - 3:33:15] {AA3333}He thong{FFFF00}: Nong Dan (ID 6) co the su dung hack dich chuyen truckrunning.
[2013/2/23 - 3:45:58] {AA3333}He thong{FFFF00}: James Bond (ID 3) co the su dung hack dich chuyen truckrunning.
[2013/2/23 - 3:57:56] {AA3333}He thong{FFFF00}: James Bond (ID 3) co the su dung hack dich chuyen truckrunning.
[2013/2/23 - 4:0:16] {AA3333}He thong{FFFF00}: James Bond (ID 2) co the su dung hack dich chuyen truckrunning.
[2013/2/23 - 4:42:6] {AA3333}He thong{FFFF00}: Rocky Ballboa (ID 2) co the su dung hack dich chuyen truckrunning.
[2013/2/23 - 8:6:30] {AA3333}He thong{FFFF00}: Tom Smith (ID 20) co the su dung hack dich chuyen truckrunning.
[2013/2/23 - 8:10:55] {AA3333}He thong{FFFF00}: Tom Smith (ID 13) co the su dung hack dich chuyen truckrunning.
[2013/2/23 - 8:12:28] {AA3333}He thong{FFFF00}: Tom Smith (ID 13) co the su dung hack dich chuyen truckrunning.
[2013/2/23 - 10:16:9] {AA3333}He thong{FFFF00}: kenny thinh (ID 12) co the su dung hack dich chuyen truckrunning.
[2013/2/23 - 10:22:46] {AA3333}He thong{FFFF00}: kenny thinh (ID 28) co the su dung hack dich chuyen truckrunning.
[2013/2/23 - 10:23:52] {AA3333}He thong{FFFF00}: Killer Murder (ID 30) co the su dung hack dich chuyen truckrunning.
[2013/2/23 - 11:5:28] Warning: huy smith may be server advertising: 'HostName: [VNPLA] Viet Nam Project Los Angeles - 0.3x
Address:  gta.progame.biz
[2013/2/23 - 15:49:21] Warning: Popper Sheeran may be server advertising: 'http://gta.progame.biz/forum/showthread.php?1080-Tim-ra-ten-ddos-sever&p=76
[2013/2/23 - 16:34:54] {AA3333}He thong{FFFF00}: Fantasy Wakka (ID 47) co the su dung hack dich chuyen truckrunning.
[2013/2/23 - 16:53:36] Warning: Popper Sheeran may be server advertising: 'http://nu9.upanh.com/b3.s32.d1/1bf761e85c1353f36f5a6f90f83970bf_53480719.aa
[2013/2/23 - 18:40:19] Warning: Henry Ford may be server advertising: 'http://bbs.178.com/member.php?mod=activate&uid=21348349di ke zoi'.
[2013/2/23 - 18:42:12] Warning: Henry Ford may be server advertising: 'http://bbs.178.com/member.php?mod=activate&uid=21348349&id=b3t2zI (n?u ? trên k
[2013/2/23 - 18:46:13] Warning: Henry Ford may be server advertising: 'http://bbs.178.com/member.php?mod=activate&uid=21348349&id=b3t2zI (n?u ? trên k
[2013/2/23 - 23:20:59] {AA3333}He thong{FFFF00}: Tevin Doan (ID 45) co the su dung hack dich chuyen truckrunning.
[2013/2/23 - 23:32:9] {AA3333}He thong{FFFF00}: Tevin Doan (ID 16) co the su dung hack dich chuyen truckrunning.
[2013/2/24 - 2:48:8] {AA3333}He thong{FFFF00}: Skunz Smith (ID 3) co the su dung hack dich chuyen matrunning.
[2013/2/24 - 2:53:2] {AA3333}He thong{FFFF00}: Skunz Smith (ID 5) co the su dung hack dich chuyen matrunning.
[2013/2/24 - 3:17:37] {AA3333}He thong{FFFF00}: Troy Will (ID 9) co the su dung hack dich chuyen truckrunning.
[2013/2/24 - 3:29:43] {AA3333}He thong{FFFF00}: Troy Will (ID 4) co the su dung hack dich chuyen truckrunning.
[2013/2/24 - 3:36:11] {AA3333}He thong{FFFF00}: Troy Will (ID 4) co the su dung hack dich chuyen truckrunning.
[2013/2/24 - 5:4:15] {AA3333}He thong{FFFF00}: Kang ChuanGay (ID 1) co the su dung hack dich chuyen truckrunning.
[2013/2/24 - 8:15:29] Antoneus Maximus (ID 63)co the dang weapon hacking (Combat Shotgun)
[2013/2/24 - 8:15:36] Antoneus Maximus (ID 63)co the dang weapon hacking (Desert Eagle)
[2013/2/24 - 8:15:36] Antoneus Maximus (ID 63)co the dang weapon hacking (Katana)
[2013/2/24 - 8:15:38] Antoneus Maximus (ID 63)co the dang weapon hacking (Camera)
[2013/2/24 - 8:15:45] Antoneus Maximus (ID 63)co the dang weapon hacking (Camera)
[2013/2/24 - 9:56:57] Lady Fox (ID 46)co the dang weapon hacking (Desert Eagle)
[2013/2/24 - 9:57:5] NT Naw (ID 27)co the dang weapon hacking (Desert Eagle)
[2013/2/24 - 9:57:17] Chang Anh (ID 17)co the dang weapon hacking (Desert Eagle)
[2013/2/24 - 9:57:20] Chang Anh (ID 17)co the dang weapon hacking (Desert Eagle)
[2013/2/24 - 9:57:28] NT Naw (ID 27)co the dang weapon hacking (Desert Eagle)
[2013/2/24 - 9:57:57] Lady Fox (ID 46)co the dang weapon hacking (Desert Eagle)
[2013/2/24 - 9:58:5] Lady Fox (ID 46)co the dang weapon hacking (Desert Eagle)
[2013/2/24 - 9:58:8] NT Naw (ID 27)co the dang weapon hacking (Desert Eagle)
[2013/2/24 - 9:58:14] DaVid Nguyen (ID 31)co the dang weapon hacking (Desert Eagle)
[2013/2/24 - 9:58:15] David Thang (ID 10)co the dang weapon hacking (Desert Eagle)
[2013/2/24 - 9:58:31] Lady Fox (ID 46)co the dang weapon hacking (Desert Eagle)
[2013/2/24 - 9:58:42] NT Naw (ID 27)co the dang weapon hacking (Desert Eagle)
[2013/2/24 - 9:58:42] NT Naw (ID 27)co the dang weapon hacking (Desert Eagle)
[2013/2/24 - 9:58:48] NT Naw (ID 27)co the dang weapon hacking (Desert Eagle)
[2013/2/24 - 9:58:49] Lady Fox (ID 46)co the dang weapon hacking (Desert Eagle)
[2013/2/24 - 9:58:51] Lady Fox (ID 46)co the dang weapon hacking (Desert Eagle)
[2013/2/24 - 9:58:58] Lady Fox (ID 46)co the dang weapon hacking (Desert Eagle)
[2013/2/24 - 9:59:10] Lady Fox (ID 46)co the dang weapon hacking (Desert Eagle)
[2013/2/24 - 12:50:22] Warning: Magnus Yin may be server advertising: 'http://gta.progame.biz/forum/showthread.php?1109-Topic-David&p=7925#post7925'.
[2013/2/24 - 13:23:2] {AA3333}He thong{FFFF00}: Lagger DDos (ID 46) co the su dung hack dich chuyen truckrunning.
[2013/2/24 - 13:23:14] Warning: Joey Smith may be server advertising: 'http://nu9.upanh.com/b3.s32.d1/d602ea93eecc181511aeac6aff108436_53498149.qaaaa.
[2013/2/24 - 13:26:27] Nyan Billy (ID 91)co the dang weapon hacking (Katana)
[2013/2/24 - 14:39:32] {AA3333}He thong{FFFF00}: Anh Smith (ID 15) co the su dung hack dich chuyen matrunning.
[2013/2/24 - 14:54:5] [mapteleport] The_dead 93 (1411.31, -1805.98, 13.54 -> 637.31, 1167.01, 21.99 [637.31, 1167.01, 22.00]) (3072.112792, 0.005119) (1) (1768)
[2013/2/24 - 15:48:48] {AA3333}AdmWarning{FFFF00}: Monster Zombie (ID 91) co the dang su dung hack dich chuyen pizzarunning.
[2013/2/24 - 16:56:52] Warning: Joey Smith may be server advertising: 'http://gta.progame.biz/forum/showthread.php?1128-Mong-David-Quay-Lai&p=8233#pos
[2013/2/24 - 16:57:3] Warning: Joey Smith may be server advertising: 'http://gta.progame.biz/forum/showthread.php?1128-Mong-David-Quay-Lai&p=8233#pos
[2013/2/24 - 18:29:18] Warning: Joey Smith may be server advertising: '/r Level 0 , 1 Shotgun . Level 2 : Mp5 . Level 3 : M4A1 , MP5 . Lv 4 :Combat sh
[2013/2/24 - 18:29:27] Warning: Joey Smith may be server advertising: '/r Level 0 , 1 Shotgun . Level 2 : Mp5 . Level 3 : M4A1 , MP5 . Lv 4 :Combat sh
[2013/2/24 - 18:29:40] Warning: Joey Smith may be server advertising: '/r  Level 0 , 1 Shotgun . Level 2 : Mp5 . Level 3 : M4A1 , MP5 . Lv 4 :Combat s
[2013/2/24 - 19:50:3] Warning: NT Naw may be server advertising: '91.121.6.5:8888'.
[2013/2/24 - 21:17:58] Warning: Tran Tan may be server advertising: 'http://img835.imageshack.us/img835/3295/samp010cg.png'.
[2013/2/24 - 21:45:15] {AA3333}He thong{FFFF00}: Mobilove Duy (ID 49) co the su dung hack dich chuyen truckrunning.
[2013/2/24 - 21:47:32] {AA3333}He thong{FFFF00}: Kakarotto Will (ID 73) co the su dung hack dich chuyen truckrunning.
[2013/2/24 - 21:58:24] Warning: Jack ky may be server advertising: '/f 95.211.6.143:8800'.
[2013/2/24 - 21:58:34] Warning: Jack ky may be server advertising: '/f 95.211.6.143:8800'.
[2013/2/24 - 21:58:58] Warning: Jack ky may be server advertising: '/f 95.211.6.143:8800'.
[2013/2/24 - 21:59:2] Warning: Jack ky may be server advertising: '/f 95.211.6.143:8800'.
[2013/2/24 - 21:59:4] {AA3333}He thong{FFFF00}: Kakarotto Will (ID 25) co the su dung hack dich chuyen truckrunning.
[2013/2/24 - 22:1:17] Warning: Jack ky may be server advertising: '/95.211.6.143:8800'.
[2013/2/24 - 22:1:37] Warning: Jack ky may be server advertising: '/f 95.211.6.143:8800'.
[2013/2/24 - 22:1:43] Warning: Jack ky may be server advertising: '/f 95.211.6.143:8800'.
[2013/2/24 - 22:2:3] Warning: Jack ky may be server advertising: '/f    95.211.6.143:8800'.
[2013/2/24 - 22:2:5] Warning: Jack ky may be server advertising: '/f    95.211.6.143:8800'.
[2013/2/24 - 22:2:15] Warning: Jack ky may be server advertising: '/f    95.211.6.143:8800'.
[2013/2/24 - 22:2:16] Warning: Jack ky may be server advertising: '/f    95.211.6.143:8800'.
[2013/2/24 - 22:2:17] Warning: Jack ky may be server advertising: '/f    95.211.6.143:8800'.
[2013/2/24 - 22:2:21] Warning: Jack ky may be server advertising: '95.211.6.143:8800'.
[2013/2/24 - 22:2:24] Warning: Jack ky may be server advertising: '95.211.6.143:8800'.
[2013/2/24 - 22:2:39] Warning: Jack ky may be server advertising: '/f gamerx 95.211.6.143:8800'.
[2013/2/24 - 22:3:27] Warning: Jack ky may be server advertising: '/f 95 .211 .6 .143 :8800'.
[2013/2/24 - 22:17:30] {AA3333}He thong{FFFF00}: Kakarotto Will (ID 14) co the su dung hack dich chuyen truckrunning.
[2013/2/24 - 22:20:58] {AA3333}He thong{FFFF00}: Steve Smith (ID 5) co the su dung hack dich chuyen truckrunning.
[2013/2/25 - 7:1:52] {AA3333}He thong{FFFF00}: Kakarotto Will (ID 7) co the su dung hack dich chuyen truckrunning.
[2013/2/25 - 7:5:14] {AA3333}He thong{FFFF00}: Kakarotto Will (ID 7) co the su dung hack dich chuyen truckrunning.
[2013/2/25 - 7:9:13] {AA3333}He thong{FFFF00}: Kakarotto Will (ID 0) co the su dung hack dich chuyen truckrunning.
[2013/2/25 - 7:12:16] {AA3333}He thong{FFFF00}: Kakarotto Will (ID 4) co the su dung hack dich chuyen truckrunning.
[2013/2/25 - 7:15:38] {AA3333}He thong{FFFF00}: Kakarotto Will (ID 3) co the su dung hack dich chuyen truckrunning.
[2013/2/25 - 7:28:1] {AA3333}He thong{FFFF00}: Kakarotto Will (ID 3) co the su dung hack dich chuyen truckrunning.
[2013/2/25 - 9:36:50] {AA3333}He thong{FFFF00}: Kakarotto Will (ID 10) co the su dung hack dich chuyen truckrunning.
[2013/2/25 - 9:44:50] {AA3333}He thong{FFFF00}: Kakarotto Will (ID 9) co the su dung hack dich chuyen truckrunning.
[2013/2/25 - 10:56:49] {AA3333}He thong{FFFF00}: Kakarotto Will (ID 7) co the su dung hack dich chuyen matrunning.
[2013/2/25 - 11:32:42] {AA3333}He thong{FFFF00}: Fantasy Wakka (ID 63) co the su dung hack dich chuyen truckrunning.
[2013/2/25 - 13:13:37] Warning: Magnus Yin may be server advertising: 'http://gta.progame.biz/forum/showthread.php?1144-Tu-nhien-bi-mute-khong-ly-do&p
[2013/2/25 - 14:43:12] [mapteleport] Kenji_Nakamura 51 (2275.89, -2056.35, -10.00 -> 2317.89, -2084.35, 14.54 [2317.89, -2084.35, 14.54]) (56.129753, 0.000000) (1)[2013/2/25 - 16:45:52] Carl Dang (ID 3) jetpack hacking.
[2013/2/25 - 17:36:7] {AA3333}He thong{FFFF00}: Rocky Ballboa (ID 13) co the su dung hack dich chuyen truckrunning.
[2013/2/25 - 18:13:33] Clark kentz (ID 36)co the dang weapon hacking (MP5)
[2013/2/25 - 21:6:46] {AA3333}He thong{FFFF00}: Huy Huy (ID 38) co the su dung hack dich chuyen truckrunning.
[2013/2/25 - 22:42:31] Warning: Tran Tan may be server advertising: '/newb oh man em cam on vo doi lun cam on nhiu lamhttp://img692.imageshack.us/img6
[2013/2/26 - 6:57:35] {AA3333}He thong{FFFF00}: Rocky Ballboa (ID 0) co the su dung hack dich chuyen truckrunning.
[2013/2/26 - 7:9:25] {AA3333}He thong{FFFF00}: Rocky Ballboa (ID 0) co the su dung hack dich chuyen truckrunning.
[2013/2/26 - 8:32:30] {AA3333}He thong{FFFF00}: Kakarotto Will (ID 17) co the su dung hack dich chuyen truckrunning.
[2013/2/26 - 9:52:3] {AA3333}He thong{FFFF00}: Kakarotto Will (ID 17) co the su dung hack dich chuyen truckrunning.
[2013/2/26 - 11:59:51] Warning: Tran Tan may be server advertising: 'http://img708.imageshack.us/img708/9585/samp015han.png'.
[2013/2/26 - 12:29:29] John Death (ID 41)co the dang weapon hacking (Shotgun)
[2013/2/26 - 21:10:20] John Hao (ID 35)co the dang weapon hacking (MP5)
[2013/2/26 - 21:10:20] John Hao (ID 35)co the dang weapon hacking (MP5)
[2013/2/26 - 21:10:21] John Hao (ID 35)co the dang weapon hacking (MP5)
[2013/2/27 - 1:3:42] {AA3333}He thong{FFFF00}: FALLS ETILE (ID 11) co the su dung hack dich chuyen truckrunning.
[2013/2/27 - 1:23:3] {AA3333}He thong{FFFF00}: Sub Crazy (ID 14) co the su dung hack dich chuyen truckrunning.
[2013/2/27 - 7:35:31] [mapteleport] Sin_Bailey 12 (1423.02, -1320.33, 13.55 -> 2166.27, -2271.21, 21.99 [2166.27, -2271.21, 22.00]) (1206.919677, 0.000179) (1) (83[2013/2/27 - 12:45:52] Warning: NT Naw may be server advertising: '178.19.106.170:8062'.
[2013/2/27 - 14:27:50] {AA3333}He thong{FFFF00}: Giant Penis (ID 55) co the su dung hack dich chuyen truckrunning.
[2013/2/27 - 16:5:40] Chim Da (ID 7)co the dang weapon hacking (Vibrator)
[2013/2/27 - 16:5:52] Chim Da (ID 7)co the dang weapon hacking (Vibrator)
[2013/2/27 - 16:6:2] Chim Da (ID 7)co the dang weapon hacking (Vibrator)
[2013/2/27 - 16:6:3] Chim Da (ID 7)co the dang weapon hacking (Dildo)
[2013/2/28 - 4:27:36] {AA3333}He thong{FFFF00}: Rock Stamina (ID 1) co the su dung hack dich chuyen matrunning.
[2013/2/28 - 6:48:23] {AA3333}He thong{FFFF00}: Jerry Smith (ID 4) co the su dung hack dich chuyen truckrunning.
[2013/3/10 - 10:43:22] ninja bongdem (ID 78)co the dang hack vu khi (Combat Shotgun)
[2013/3/10 - 10:43:23] ninja bongdem (ID 78)co the dang hack vu khi (Combat Shotgun)
[2013/3/10 - 10:43:56] ninja bongdem (ID 78)co the dang hack vu khi (MP5)
[2013/3/10 - 10:48:18] ninja bongdem (ID 78)co the dang hack vu khi (MP5)
[2013/3/10 - 10:48:19] ninja bongdem (ID 78)co the dang hack vu khi (MP5)
[2013/3/10 - 10:49:42] ninja bongdem (ID 78)co the dang hack vu khi (MP5)
[2013/3/10 - 13:3:31] {AA3333}AdmWarning{FFFF00}: LINH NGUYEN (ID 102) co the dang su dung hack dich chuyen pizzarunning.
[2013/3/10 - 13:6:33] Suyaku Kudo (ID 150)co the dang hack vu khi (MP5)
[2013/3/10 - 13:12:23] Suyaku Kudo (ID 150)co the dang hack vu khi (MP5)
[2013/3/10 - 13:16:20] {AA3333}AdmWarning{FFFF00}: LINH NGUYEN (ID 84) co the dang su dung hack dich chuyen pizzarunning.
[2013/3/10 - 13:18:36] Suyaku Kudo (ID 150)co the dang hack vu khi (MP5)
[2013/3/10 - 13:18:47] Suyaku Kudo (ID 150)co the dang hack vu khi (MP5)
[2013/3/10 - 13:18:52] Suyaku Kudo (ID 150)co the dang hack vu khi (MP5)
[2013/3/10 - 13:18:55] Suyaku Kudo (ID 150)co the dang hack vu khi (MP5)
[2013/3/10 - 13:19:30] Suyaku Kudo (ID 150)co the dang hack vu khi (MP5)
[2013/3/10 - 13:19:52] Suyaku Kudo (ID 150)co the dang hack vu khi (MP5)
[2013/3/10 - 13:21:38] Suyaku Kudo (ID 150)co the dang hack vu khi (MP5)
[2013/3/10 - 13:27:55] Suyaku Kudo (ID 164)co the dang hack vu khi (MP5)
[2013/3/10 - 13:30:57] Suyaku Kudo (ID 179)co the dang hack vu khi (MP5)
[2013/3/10 - 13:30:57] Suyaku Kudo (ID 179)co the dang hack vu khi (MP5)
[2013/3/10 - 13:30:58] Suyaku Kudo (ID 179)co the dang hack vu khi (MP5)
[2013/3/10 - 13:30:58] Suyaku Kudo (ID 179)co the dang hack vu khi (MP5)
[2013/3/10 - 13:31:0] Suyaku Kudo (ID 179)co the dang hack vu khi (MP5)
[2013/3/10 - 13:31:0] Suyaku Kudo (ID 179)co the dang hack vu khi (MP5)
[2013/3/10 - 13:37:17] Suyaku Kudo (ID 179)co the dang hack vu khi (MP5)
[2013/3/10 - 17:11:19] {AA3333}He thong{FFFF00}: hoang minh (ID 38) co the su dung hack dich chuyen truckrunning.
[2013/3/10 - 18:1:55] Ruby Smile (ID 52)co the dang hack vu khi (MP5)
[2013/3/10 - 18:12:22] {AA3333}AdmWarning{FFFF00}: LINH NGUYEN (ID 59) co the dang su dung hack dich chuyen pizzarunning.
[2013/3/10 - 18:31:29] {AA3333}He thong{FFFF00}: LINH NGUYEN (ID 8) co the su dung hack dich chuyen truckrunning.
[2013/3/10 - 18:52:1] {AA3333}He thong{FFFF00}: LINH NGUYEN (ID 109) co the su dung hack dich chuyen truckrunning.
[2013/3/10 - 19:1:57] Lan Gia (ID 35)co the dang hack vu khi (Spray Can)
[2013/3/10 - 19:22:11] {AA3333}He thong{FFFF00}: Huy Huy (ID 127) co the su dung hack dich chuyen truckrunning.
[2013/3/10 - 19:51:23] {AA3333}He thong{FFFF00}: LINH NGUYEN (ID 15) co the su dung hack dich chuyen truckrunning.
[2013/3/10 - 19:51:37] Warning: Sanje Hose may be server advertising: '212  . 76 . 137 .  146 : 7797!Àäåêâàòíûå àäìèíû! Ïîäàðîê!'.
[2013/3/10 - 19:51:39] Warning: Sanje Hose may be server advertising: '212  . 76 . 137 .  146 : 7797!Àäåêâàòíûå àäìèíû! Ïîäàðîê!'.
[2013/3/10 - 19:51:39] Warning: Sanje Hose may be server advertising: '212  . 76 . 137 .  146 : 7797!Àäåêâàòíûå àäìèíû! Ïîäàðîê!'.
[2013/3/10 - 19:51:40] Warning: Sanje Hose may be server advertising: '212  . 76 . 137 .  146 : 7797!Àäåêâàòíûå àäìèíû! Ïîäàðîê!'.
[2013/3/10 - 19:51:40] Warning: Sanje Hose may be server advertising: '212  . 76 . 137 .  146 : 7797!Àäåêâàòíûå àäìèíû! Ïîäàðîê!'.
[2013/3/10 - 19:51:41] Warning: Sanje Hose may be server advertising: '212  . 76 . 137 .  146 : 7797!Àäåêâàòíûå àäìèíû! Ïîäàðîê!'.
[2013/3/10 - 19:51:41] Warning: Sanje Hose may be server advertising: '212  . 76 . 137 .  146 : 7797!Àäåêâàòíûå àäìèíû! Ïîäàðîê!`'.
[2013/3/10 - 19:51:41] Warning: Sanje Hose may be server advertising: '212  . 76 . 137 .  146 : 7797!Àäåêâàòíûå àäìèíû! Ïîäàðîê!'.
[2013/3/10 - 19:56:52] {AA3333}He thong{FFFF00}: LINH NGUYEN (ID 148) co the su dung hack dich chuyen truckrunning.
[2013/3/10 - 20:1:14] Warning: Parkour Kid may be server advertising: '/f nhut add server 192.168.1.4:7777 coi no co hoat dong ko sv cua toi do'.
[2013/3/10 - 20:1:19] Warning: Parkour Kid may be server advertising: '/f nhut add server 192.168.1.4:7777 coi no co hoat dong ko sv cua toi do'.
[2013/3/10 - 20:1:21] Warning: Parkour Kid may be server advertising: '/f nhut add server 192.168.1.4:7777 coi no co hoat dong ko sv cua toi do'.
[2013/3/10 - 20:1:22] Warning: Parkour Kid may be server advertising: '/f nhut add server 192.168.1.4:7777 coi no co hoat dong ko sv cua toi do'.
[2013/3/10 - 20:3:0] Dang Khang (ID 174)co the dang hack vu khi (Desert Eagle)
[2013/3/10 - 20:3:39] Warning: Parkour Kid may be server advertising: '/f 192.168.1.4:7777'.
[2013/3/10 - 20:3:43] Warning: Parkour Kid may be server advertising: '/f 192.168.1.4:7777'.
[2013/3/10 - 20:3:44] Warning: Parkour Kid may be server advertising: '/f 192.168.1.4:7777'.
[2013/3/10 - 20:6:41] Dang Khang (ID 174)co the dang hack vu khi (Desert Eagle)
[2013/3/10 - 20:8:47] Dang Khang (ID 174)co the dang hack vu khi (Desert Eagle)
[2013/3/10 - 20:9:31] Dang Khang (ID 174)co the dang hack vu khi (Desert Eagle)
[2013/3/10 - 20:33:23] Dang Khang (ID 18)co the dang hack vu khi (Desert Eagle)
[2013/3/10 - 20:33:26] Dang Khang (ID 18)co the dang hack vu khi (Desert Eagle)
[2013/3/10 - 20:37:48] Dang Khang (ID 18)co the dang hack vu khi (Desert Eagle)
[2013/3/10 - 20:38:47] Dang Khang (ID 18)co the dang hack vu khi (Desert Eagle)
[2013/3/10 - 20:45:36] Dang Khang (ID 18)co the dang hack vu khi (Desert Eagle)
[2013/3/10 - 20:45:40] Dang Khang (ID 18)co the dang hack vu khi (Desert Eagle)
[2013/3/10 - 21:2:14] Richard Freeman (ID 72)co the dang hack vu khi (MP5)
[2013/3/10 - 21:8:50] Dang Khang (ID 16)co the dang hack vu khi (Desert Eagle)
[2013/3/10 - 21:15:32] Dang Khang (ID 16)co the dang hack vu khi (Desert Eagle)
[2013/3/10 - 21:16:50] Dang Khang (ID 16)co the dang hack vu khi (Desert Eagle)
[2013/3/10 - 21:21:55] Dang Khang (ID 16)co the dang hack vu khi (Desert Eagle)
[2013/3/10 - 21:21:59] Dang Khang (ID 16)co the dang hack vu khi (Desert Eagle)
[2013/3/10 - 21:26:0] Dang Khang (ID 16)co the dang hack vu khi (Desert Eagle)
[2013/3/10 - 21:26:31] Dang Khang (ID 16)co the dang hack vu khi (Desert Eagle)
[2013/3/10 - 21:26:43] LINH NGUYEN (ID 32) jetpack hacking.
[2013/3/10 - 21:27:6] Dang Khang (ID 16)co the dang hack vu khi (Desert Eagle)
[2013/3/10 - 23:36:29] {AA3333}He thong{FFFF00}: Spyder Crystal (ID 2) co the su dung hack dich chuyen matrunning.
[2013/3/10 - 23:37:53] {AA3333}He thong{FFFF00}: Spyder Crystal (ID 9) co the su dung hack dich chuyen matrunning.
[2013/3/10 - 23:39:8] {AA3333}He thong{FFFF00}: Spyder Crystal (ID 9) co the su dung hack dich chuyen matrunning.
[2013/3/10 - 23:58:24] {AA3333}He thong{FFFF00}: Wakka Stone (ID 33) co the su dung hack dich chuyen truckrunning.
[2013/3/11 - 1:18:30] {AA3333}He thong{FFFF00}: Spyder Crystal (ID 5) co the su dung hack dich chuyen matrunning.
[2013/3/11 - 1:23:57] {AA3333}He thong{FFFF00}: Spyder Crystal (ID 5) co the su dung hack dich chuyen matrunning.
[2013/3/11 - 1:32:57] {AA3333}He thong{FFFF00}: Spyder Crystal (ID 5) co the su dung hack dich chuyen matrunning.
[2013/3/11 - 1:39:15] {AA3333}He thong{FFFF00}: Tika naku (ID 23) co the su dung hack dich chuyen truckrunning.
[2013/3/11 - 1:42:54] {AA3333}He thong{FFFF00}: Kali toro (ID 20) co the su dung hack dich chuyen truckrunning.
[2013/3/11 - 1:48:45] {AA3333}He thong{FFFF00}: Kali toro (ID 11) co the su dung hack dich chuyen truckrunning.
[2013/3/11 - 1:54:45] {AA3333}He thong{FFFF00}: Kali toro (ID 11) co the su dung hack dich chuyen truckrunning.
[2013/3/11 - 1:57:40] {AA3333}He thong{FFFF00}: Kali toro (ID 11) co the su dung hack dich chuyen truckrunning.
[2013/3/11 - 9:14:13] Dang Khang (ID 4)co the dang hack vu khi (Desert Eagle)
[2013/3/11 - 9:59:49] Warning: boss street may be server advertising: '64.120.22.139:7784'.
[2013/3/11 - 11:15:39] [mapteleport] hoang_minh 2 (1404.56, 282.72, 19.54 -> 2297.83, -2070.29, 21.99 [2297.82, -2070.27, 22.00]) (2516.867675, 0.018807) (1) (895)[2013/3/11 - 12:13:1] San Tom (ID 87)co the dang hack vu khi (Flamethrower)
[2013/3/11 - 12:42:15] {AA3333}He thong{FFFF00}: Marie Cullen (ID 37) co the su dung hack dich chuyen truckrunning.
[2013/3/11 - 13:6:18] Dang Khang (ID 50)co the dang hack vu khi (Desert Eagle)
[2013/3/11 - 13:6:40] Dang Khang (ID 50)co the dang hack vu khi (Desert Eagle)
[2013/3/11 - 13:8:10] Dang Khang (ID 50)co the dang hack vu khi (Desert Eagle)
[2013/3/11 - 13:8:48] Dang Khang (ID 50)co the dang hack vu khi (Desert Eagle)
[2013/3/11 - 13:10:8] Dang Khang (ID 50)co the dang hack vu khi (Desert Eagle)
[2013/3/11 - 13:13:55] Dang Khang (ID 50)co the dang hack vu khi (Desert Eagle)
[2013/3/11 - 13:14:33] Dang Khang (ID 50)co the dang hack vu khi (Desert Eagle)
[2013/3/11 - 13:16:52] Dang Khang (ID 50)co the dang hack vu khi (Desert Eagle)
[2013/3/11 - 13:18:44] {AA3333}He thong{FFFF00}: sudoll kudosazuki (ID 10) co the su dung hack dich chuyen matrunning.
[2013/3/11 - 13:19:54] Dang Khang (ID 50)co the dang hack vu khi (Desert Eagle)
[2013/3/11 - 13:23:27] Dang Khang (ID 50)co the dang hack vu khi (Desert Eagle)
[2013/3/11 - 14:40:15] {AA3333}He thong{FFFF00}: a n kj (ID 46) co the su dung hack dich chuyen truckrunning.
[2013/3/11 - 16:5:52] {AA3333}He thong{FFFF00}: Tika naku (ID 11) co the su dung hack dich chuyen matrunning.
[2013/3/11 - 16:7:15] {AA3333}He thong{FFFF00}: Kali toro (ID 3) co the su dung hack dich chuyen matrunning.
[2013/3/11 - 16:19:39] {AA3333}He thong{FFFF00}: joe hahn (ID 14) co the su dung hack dich chuyen truckrunning.
[2013/3/11 - 16:28:3] {AA3333}He thong{FFFF00}: TTi TTa (ID 35) co the su dung hack dich chuyen truckrunning.
[2013/3/11 - 16:59:13] {AA3333}He thong{FFFF00}: Tika naku (ID 23) co the su dung hack dich chuyen truckrunning.
[2013/3/11 - 18:56:56] [mapteleport] Ru_By 76 (1402.41, -1250.66, 33.56 -> 1346.40, -1222.64, 14.60 [1346.40, -1222.64, 15.60]) (65.432624, 0.999980) (1) (4048)
[2013/3/11 - 20:28:16] ku cuong (ID 27)co the dang hack vu khi (Desert Eagle)
[2013/3/11 - 20:29:4] ku cuong (ID 27)co the dang hack vu khi (Desert Eagle)
[2013/3/11 - 20:29:12] ku cuong (ID 27)co the dang hack vu khi (Desert Eagle)
[2013/3/11 - 20:30:4] Warning: Mike Kingpin may be server advertising: '/c gta.progame.biz:7777 thanh` Samp.PlayGta.Vn:7777 '.
[2013/3/11 - 20:30:6] Warning: Mike Kingpin may be server advertising: '/c gta.progame.biz:7777 thanh` Samp.PlayGta.Vn:7777 '.
[2013/3/11 - 21:7:49] Dang Khang (ID 131)co the dang hack vu khi (Desert Eagle)
[2013/3/11 - 21:8:43] Dang Khang (ID 131)co the dang hack vu khi (Desert Eagle)
[2013/3/11 - 21:8:49] Dang Khang (ID 131)co the dang hack vu khi (Desert Eagle)
[2013/3/11 - 21:9:0] Dang Khang (ID 131)co the dang hack vu khi (Desert Eagle)
[2013/3/11 - 21:12:23] Dang Khang (ID 131)co the dang hack vu khi (Desert Eagle)
[2013/3/11 - 21:15:56] Dang Khang (ID 73)co the dang hack vu khi (Desert Eagle)
[2013/3/11 - 21:17:24] Dang Khang (ID 73)co the dang hack vu khi (Desert Eagle)
[2013/3/11 - 21:18:15] Dang Khang (ID 73)co the dang hack vu khi (Desert Eagle)
[2013/3/11 - 21:27:38] Dang Khang (ID 73)co the dang hack vu khi (Desert Eagle)
[2013/3/11 - 21:29:11] Dang Khang (ID 73)co the dang hack vu khi (Desert Eagle)
[2013/3/11 - 21:29:40] Dang Khang (ID 73)co the dang hack vu khi (Desert Eagle)
[2013/3/11 - 21:29:41] Dang Khang (ID 73)co the dang hack vu khi (Desert Eagle)
[2013/3/11 - 21:30:11] Dang Khang (ID 73)co the dang hack vu khi (Desert Eagle)
[2013/3/11 - 21:34:20] Dang Khang (ID 73)co the dang hack vu khi (Desert Eagle)
[2013/3/11 - 21:34:21] Dang Khang (ID 73)co the dang hack vu khi (Desert Eagle)
[2013/3/11 - 22:57:44] Dee Royal (ID 33)co the dang hack vu khi (Desert Eagle)
[2013/3/11 - 23:2:34] {AA3333}He thong{FFFF00}: sudoll kudosazuki (ID 25) co the su dung hack dich chuyen matrunning.
[2013/3/12 - 0:42:52] {AA3333}He thong{FFFF00}: Tika naku (ID 21) co the su dung hack dich chuyen truckrunning.
[2013/3/12 - 0:49:0] {AA3333}He thong{FFFF00}: Kali toro (ID 11) co the su dung hack dich chuyen truckrunning.
[2013/3/12 - 0:51:0] {AA3333}He thong{FFFF00}: Kali toro (ID 10) co the su dung hack dich chuyen truckrunning.
[2013/3/12 - 1:12:19] {AA3333}He thong{FFFF00}: Kali toro (ID 0) co the su dung hack dich chuyen truckrunning.
[2013/3/12 - 1:21:43] {AA3333}He thong{FFFF00}: Tika naku (ID 8) co the su dung hack dich chuyen truckrunning.
[2013/3/12 - 1:25:27] {AA3333}He thong{FFFF00}: Tika naku (ID 8) co the su dung hack dich chuyen truckrunning.
[2013/3/12 - 3:7:12] shinkido ttk (ID 0) jetpack hacking.
[2013/3/12 - 7:37:21] {AA3333}He thong{FFFF00}: ThaiDz Smith (ID 10) co the su dung hack dich chuyen truckrunning.
[2013/3/12 - 7:41:26] {AA3333}He thong{FFFF00}: ThaiDz Smith (ID 10) co the su dung hack dich chuyen truckrunning.
[2013/3/12 - 10:40:24] Bleed Out (ID 41)co the dang hack vu khi (Combat Shotgun)
[2013/3/12 - 11:21:25] Bleed Out (ID 24)co the dang hack vu khi (MP5)
[2013/3/12 - 11:24:50] Bleed Out (ID 24)co the dang hack vu khi (MP5)
[2013/3/12 - 11:24:51] Bleed Out (ID 24)co the dang hack vu khi (MP5)
[2013/3/12 - 11:28:17] Bleed Out (ID 24)co the dang hack vu khi (MP5)
[2013/3/12 - 11:28:18] Bleed Out (ID 24)co the dang hack vu khi (MP5)
[2013/3/12 - 13:58:28] {AA3333}He thong{FFFF00}: KOTlI Xll (ID 81) co the su dung hack dich chuyen truckrunning.
[2013/3/12 - 14:1:52] {AA3333}He thong{FFFF00}: IIlIllI lIlIllI (ID 48) co the su dung hack dich chuyen truckrunning.
[2013/3/12 - 14:14:15] {AA3333}He thong{FFFF00}: KOTlI Xll (ID 28) co the su dung hack dich chuyen truckrunning.
[2013/3/12 - 15:3:18] {AA3333}He thong{FFFF00}: IlShjka IlWaru (ID 38) co the su dung hack dich chuyen truckrunning.
[2013/3/12 - 15:12:8] {AA3333}He thong{FFFF00}: KOTlI Xll (ID 68) co the su dung hack dich chuyen truckrunning.
[2013/3/12 - 16:2:32] {AA3333}He thong{FFFF00}: Megan Martin (ID 15) co the su dung hack dich chuyen truckrunning.
[2013/3/12 - 17:2:22] pro soo (ID 9)co the dang hack vu khi (Rocket Launcher)
[2013/3/12 - 22:34:39] Warning: Trung smile co the dang quang cao may chu: '/f 183.91.11.25:777dungko'.
[2013/3/12 - 22:35:2] Warning: Trung smile co the dang quang cao may chu: '/f 183.91.11.25:777dungko'.
[2013/3/12 - 23:5:17] {AA3333}He thong{FFFF00}: IlMaxIl WiIl (ID 33) co the su dung hack dich chuyen truckrunning.
[2013/3/13 - 1:25:37] {AA3333}He thong{FFFF00}: IlMaxIl WiIl (ID 8) co the su dung hack dich chuyen truckrunning.
[2013/3/13 - 1:53:10] {AA3333}He thong{FFFF00}: IlMaxIl WiIl (ID 8) co the su dung hack dich chuyen truckrunning.
[2013/3/13 - 2:2:41] {AA3333}He thong{FFFF00}: Link Stone (ID 4) co the su dung hack dich chuyen truckrunning.
[2013/3/13 - 4:56:56] Nhim Stone (ID 1)co the dang hack vu khi (Knife)
[2013/3/13 - 5:18:46] {AA3333}He thong{FFFF00}: BapSex Stone (ID 11) co the su dung hack dich chuyen truckrunning.
[2013/3/13 - 10:40:42] One Two (ID 8)co the dang hack vu khi (Katana)
[2013/3/13 - 12:7:54] [mapteleport] Amir_TJ 96 (1631.50, -1898.14, 13.55 -> 1379.50, -1842.14, 21.99 [1379.50, -1842.14, 22.00]) (258.285125, 0.006479) (1) (622)
[2013/3/13 - 13:7:40] Saddler Binh (ID 28)co the dang hack vu khi (Shotgun)
[2013/3/13 - 13:23:55] {AA3333}He thong{FFFF00}: Pay Phone (ID 15) co the su dung hack dich chuyen truckrunning.
[2013/3/13 - 13:26:26] [mapteleport] Pay_Phone 54 (2572.19, -2117.04, 13.64 -> 2171.63, -1015.04, 22.00 [2171.63, -1015.04, 22.00]) (1172.573486, 0.000000) (2) (66[2013/3/13 - 13:38:6] {AA3333}He thong{FFFF00}: John Lol (ID 79) co the su dung hack dich chuyen truckrunning.
[2013/3/13 - 13:42:32] {AA3333}He thong{FFFF00}: John Lol (ID 79) co the su dung hack dich chuyen truckrunning.
[2013/3/13 - 13:48:24] {AA3333}AdmWarning{FFFF00}: John Lol (ID 37) co the dang su dung hack dich chuyen pizzarunning.
[2013/3/13 - 13:59:10] {AA3333}He thong{FFFF00}: Pro street (ID 49) co the su dung hack dich chuyen truckrunning.
[2013/3/13 - 16:28:39] Supper Jonny (ID 78)co the dang hack vu khi (Nite Stick)
[2013/3/13 - 16:45:19] Lena Bennett (ID 39)co the dang hack vu khi (MP5)
[2013/3/13 - 16:50:43] IlShjka IlWaru (ID 70)co the dang hack vu khi (Shotgun)
[2013/3/13 - 17:56:49] Warning: Vip Ford VN co the dang quang cao may chu: '/f 42.112.19.60:7777 sv nay` co xx/30 member thoi^'.
[2013/3/13 - 17:56:57] Warning: Vip Ford VN co the dang quang cao may chu: '/f 42.112.19.60:7777 sv nay` co xx/30 member thoi^'.
[2013/3/13 - 17:57:18] Warning: Vip Ford VN co the dang quang cao may chu: '/f 42.112.19.60:7777 sv nay` co xx/30 member thoi^'.
[2013/3/13 - 17:57:25] Warning: Vip Ford VN co the dang quang cao may chu: '/f 42.112.19.60:7777 sv nay` co xx/30 member thoi^'.
[2013/3/13 - 17:59:11] C J (ID 30) jetpack hacking.
[2013/3/13 - 20:27:48] Rick    duy (ID 36)co the dang hack vu khi (MP5)
[2013/3/13 - 20:30:10] Rick    duy (ID 36)co the dang hack vu khi (MP5)
[2013/3/13 - 20:31:8] Rick    duy (ID 36)co the dang hack vu khi (MP5)
[2013/3/13 - 20:31:43] Rick    duy (ID 36)co the dang hack vu khi (MP5)
[2013/3/13 - 23:4:59] {AA3333}He thong{FFFF00}: Tim Bruce (ID 73) co the su dung hack dich chuyen truckrunning.
[2013/3/14 - 1:23:32] {AA3333}He thong{FFFF00}: Link Stone (ID 15) co the su dung hack dich chuyen truckrunning.
[2013/3/14 - 2:0:7] {AA3333}He thong{FFFF00}: Link Stone (ID 14) co the su dung hack dich chuyen truckrunning.
[2013/3/14 - 2:38:39] {AA3333}He thong{FFFF00}: Huy Solo (ID 7) co the su dung hack dich chuyen truckrunning.
[2013/3/14 - 3:14:14] {AA3333}He thong{FFFF00}: Spyder Crystal (ID 9) co the su dung hack dich chuyen matrunning.
[2013/3/14 - 3:31:56] {AA3333}He thong{FFFF00}: Spyder Crystal (ID 9) co the su dung hack dich chuyen matrunning.
[2013/3/14 - 8:29:50] {AA3333}He thong{FFFF00}: Sa lenda (ID 15) co the su dung hack dich chuyen truckrunning.
[2013/3/14 - 8:29:56] {AA3333}He thong{FFFF00}: Bi Angels (ID 18) co the su dung hack dich chuyen truckrunning.
[2013/3/14 - 17:28:13] Tomy Lambord (ID 60)co the dang hack vu khi (Dildo)
[2013/3/14 - 17:37:0] Warning: louis nguy may be server advertising: 'http://img705.imageshack.us/img705/162/dsc05667t.jpg'.
[2013/3/14 - 18:18:11] Khanh Pussy (ID 117)co the dang hack vu khi (Combat Shotgun)
[2013/3/14 - 19:13:13] Warning: NT Naw may be server advertising: 'http://sphotos-d.ak.fbcdn.net/hphotos-ak-ash3/644446_556966834335621_359939478_n.jp
[2013/3/14 - 19:54:28] Endy Sam (ID 6)co the dang hack vu khi (Combat Shotgun)
[2013/3/14 - 20:38:17] Bore Dang (ID 106)co the dang hack vu khi (Katana)
[2013/3/14 - 20:38:17] Bore Dang (ID 106)co the dang hack vu khi (Desert Eagle)
[2013/3/14 - 20:39:3] Richard Freeman (ID 66)co the dang hack vu khi (MP5)
[2013/3/14 - 22:2:43] {AA3333}He thong{FFFF00}: Wakka Stone (ID 56) co the su dung hack dich chuyen truckrunning.
[2013/3/14 - 22:25:23] {AA3333}He thong{FFFF00}: Wakka Stone (ID 48) co the su dung hack dich chuyen truckrunning.
[2013/3/14 - 22:32:36] {AA3333}He thong{FFFF00}: Wakka Stone (ID 48) co the su dung hack dich chuyen truckrunning.
[2013/3/15 - 1:29:31] {AA3333}He thong{FFFF00}: Wakka Stone (ID 2) co the su dung hack dich chuyen truckrunning.
[2013/3/15 - 3:18:28] {AA3333}He thong{FFFF00}: SpyderCrystal Stone (ID 5) co the su dung hack dich chuyen matrunning.
[2013/3/15 - 3:50:43] {AA3333}He thong{FFFF00}: SpyderCrystal Stone (ID 4) co the su dung hack dich chuyen matrunning.
