[2012/12/20 - 16:21:56] Mickey Mouse has edited HouseID 123's Exterior.
[2012/12/23 - 6:51:52] Sa lem has edited HouseID 114's Exterior.
[2012/12/23 - 10:50:14] Sa lem has edited HouseID 11's Exterior.
[2012/12/23 - 10:52:27] Sa lem has edited HouseID 0's Exterior.
[2012/12/23 - 10:52:36] Sa lem has edited HouseID 29's Exterior.
[2012/12/23 - 10:57:26] Sa lem has edited HouseID 1's Exterior.
[2012/12/23 - 10:57:36] Sa lem has edited HouseID 1's Exterior.
[2012/12/23 - 10:57:43] Sa lem has edited HouseID 1's Exterior.
[2012/12/23 - 10:57:49] Sa lem has edited HouseID 2's Exterior.
[2012/12/23 - 11:5:21] Sa lem has edited HouseID 1's Exterior.
[2012/12/23 - 11:5:33] Sa lem has edited HouseID 1's Exterior.
[2012/12/23 - 11:5:52] Sa lem has edited HouseID 1's Exterior.
[2012/12/23 - 11:6:19] Sa lem has edited HouseID 1's Exterior.
[2012/12/23 - 11:6:35] Sa lem has edited HouseID 2's Exterior.
[2012/12/23 - 13:30:35] Sa lem has edited HouseID 3's Exterior.
[2012/12/23 - 13:30:52] Sa lem has edited HouseID 4's Exterior.
[2012/12/23 - 13:31:10] Sa lem has edited HouseID 5's Exterior.
[2012/12/23 - 13:31:29] Sa lem has edited HouseID 6's Exterior.
[2012/12/23 - 13:31:55] Sa lem has edited HouseID 7's Exterior.
[2012/12/23 - 13:33:45] Sa lem has edited HouseID 9's Exterior.
[2012/12/23 - 13:34:12] Jimmy Chase has edited HouseID 10's Exterior.
[2012/12/23 - 13:34:24] Jimmy Chase has edited HouseID 11's Exterior.
[2012/12/23 - 13:34:41] Jimmy Chase has edited HouseID 12's Exterior.
[2012/12/23 - 13:34:51] Jimmy Chase has edited HouseID 13's Exterior.
[2012/12/23 - 13:35:6] Jimmy Chase has edited HouseID 13's Exterior.
[2012/12/23 - 13:35:19] Jimmy Chase has edited HouseID 14's Exterior.
[2012/12/23 - 13:35:33] Jimmy Chase has edited HouseID 15's Exterior.
[2012/12/23 - 13:35:42] Jimmy Chase has edited HouseID 16's Exterior.
[2012/12/23 - 13:36:7] Jimmy Chase has edited HouseID 17's Exterior.
[2012/12/23 - 13:36:20] Jimmy Chase has edited HouseID 18's Exterior.
[2012/12/23 - 13:37:40] Jimmy Chase has edited HouseID 19's Exterior.
[2012/12/23 - 13:37:58] Jimmy Chase has edited HouseID 20's Exterior.
[2012/12/23 - 13:38:20] Jimmy Chase has edited HouseID 21's Exterior.
[2012/12/23 - 13:39:22] Sa lem has edited HouseID 1's Level to 1.
[2012/12/23 - 13:39:25] Sa lem has edited HouseID 2's Level to 1.
[2012/12/23 - 13:39:26] Sa lem has edited HouseID 3's Level to 1.
[2012/12/23 - 13:39:28] Sa lem has edited HouseID 4's Level to 1.
[2012/12/23 - 13:39:30] Sa lem has edited HouseID 5's Level to 1.
[2012/12/23 - 13:39:32] Sa lem has edited HouseID 6's Level to 1.
[2012/12/23 - 13:39:33] Jimmy Chase has edited HouseID 22's Exterior.
[2012/12/23 - 13:39:34] Sa lem has edited HouseID 7's Level to 1.
[2012/12/23 - 13:39:35] Sa lem has edited HouseID 8's Level to 1.
[2012/12/23 - 13:39:38] Sa lem has edited HouseID 9's Level to 1.
[2012/12/23 - 13:39:40] Sa lem has edited HouseID 10's Level to 1.
[2012/12/23 - 13:39:44] Sa lem has edited HouseID 11's Level to 1.
[2012/12/23 - 13:39:47] Sa lem has edited HouseID 12's Level to 1.
[2012/12/23 - 13:39:49] Sa lem has edited HouseID 13's Level to 1.
[2012/12/23 - 13:39:58] Sa lem has edited HouseID 14's Level to 1.
[2012/12/23 - 13:40:1] Sa lem has edited HouseID 15's Level to 1.
[2012/12/23 - 13:40:2] Jimmy Chase has edited HouseID 23's Exterior.
[2012/12/23 - 13:40:3] Sa lem has edited HouseID 16's Level to 1.
[2012/12/23 - 13:40:7] Sa lem has edited HouseID 17's Level to 1.
[2012/12/23 - 13:40:9] Sa lem has edited HouseID 18's Level to 1.
[2012/12/23 - 13:40:11] Sa lem has edited HouseID 19's Level to 1.
[2012/12/23 - 13:40:13] Sa lem has edited HouseID 20's Level to 1.
[2012/12/23 - 13:40:15] Sa lem has edited HouseID 21's Level to 1.
[2012/12/23 - 13:40:15] Jimmy Chase has edited HouseID 24's Exterior.
[2012/12/23 - 13:40:17] Sa lem has edited HouseID 22's Level to 1.
[2012/12/23 - 13:40:34] Sa lem has edited HouseID 23's Level to 1.
[2012/12/23 - 13:40:36] Sa lem has edited HouseID 24's Level to 1.
[2012/12/23 - 13:40:50] Jimmy Chase has edited HouseID 25's Exterior.
[2012/12/23 - 13:40:50] Sa lem has edited HouseID 25's Level to 1.
[2012/12/23 - 13:41:5] Jimmy Chase has edited HouseID 26's Exterior.
[2012/12/23 - 13:41:8] Sa lem has edited HouseID 26's Level to 1.
[2012/12/23 - 13:41:29] Sa lem has edited HouseID 27's Level to 1.
[2012/12/23 - 13:41:35] Sa lem has edited HouseID 28's Level to 1.
[2012/12/23 - 13:41:51] Jimmy Chase has edited HouseID 27's Exterior.
[2012/12/23 - 13:41:59] Sa lem has edited HouseID 29's Level to 1.
[2012/12/23 - 13:42:0] Jimmy Chase has edited HouseID 28's Exterior.
[2012/12/23 - 13:42:2] Sa lem has edited HouseID 30's Level to 1.
[2012/12/23 - 13:42:8] Sa lem has edited HouseID 31's Level to 1.
[2012/12/23 - 13:42:10] Sa lem has edited HouseID 32's Level to 1.
[2012/12/23 - 13:42:11] Sa lem has edited HouseID 33's Level to 1.
[2012/12/23 - 13:42:13] Sa lem has edited HouseID 34's Level to 1.
[2012/12/23 - 13:42:15] Sa lem has edited HouseID 35's Level to 1.
[2012/12/23 - 13:42:17] Sa lem has edited HouseID 36's Level to 1.
[2012/12/23 - 13:42:19] Sa lem has edited HouseID 37's Level to 1.
[2012/12/23 - 13:42:24] Sa lem has edited HouseID 38's Level to 1.
[2012/12/23 - 13:42:28] Sa lem has edited HouseID 39's Level to 1.
[2012/12/23 - 13:42:31] Sa lem has edited HouseID 40's Level to 1.
[2012/12/23 - 13:42:33] Sa lem has edited HouseID 41's Level to 1.
[2012/12/23 - 13:42:34] Sa lem has edited HouseID 42's Level to 1.
[2012/12/23 - 13:42:36] Sa lem has edited HouseID 43's Level to 1.
[2012/12/23 - 13:42:38] Sa lem has edited HouseID 44's Level to 1.
[2012/12/23 - 13:42:40] Sa lem has edited HouseID 45's Level to 1.
[2012/12/23 - 13:42:45] Jimmy Chase has edited HouseID 29's Exterior.
[2012/12/23 - 13:42:51] Jimmy Chase has edited HouseID 29's Exterior.
[2012/12/23 - 13:43:33] Jimmy Chase has edited HouseID 30's Exterior.
[2012/12/23 - 13:43:50] Jimmy Chase has edited HouseID 31's Exterior.
[2012/12/23 - 13:44:11] Jimmy Chase has edited HouseID 32's Exterior.
[2012/12/23 - 13:44:41] Jimmy Chase has edited HouseID 33's Exterior.
[2012/12/23 - 13:44:42] Sa lem has edited HouseID 32's Level to 1.
[2012/12/23 - 13:44:43] Sa lem has edited HouseID 33's Level to 1.
[2012/12/23 - 13:44:45] Sa lem has edited HouseID 34's Level to 1.
[2012/12/23 - 13:44:47] Sa lem has edited HouseID 35's Level to 1.
[2012/12/23 - 13:44:50] Sa lem has edited HouseID 36's Level to 1.
[2012/12/23 - 13:44:51] Jimmy Chase has edited HouseID 33's Exterior.
[2012/12/23 - 13:45:2] Jimmy Chase has edited HouseID 34's Exterior.
[2012/12/23 - 13:46:0] Jimmy Chase has edited HouseID 35's Exterior.
[2012/12/23 - 13:46:10] Jimmy Chase has edited HouseID 36's Exterior.
[2012/12/23 - 13:46:14] Sa lem has edited HouseID 34's Level to 1.
[2012/12/23 - 13:46:15] Sa lem has edited HouseID 35's Level to 1.
[2012/12/23 - 13:46:18] Sa lem has edited HouseID 36's Level to 1.
[2012/12/23 - 13:46:20] Sa lem has edited HouseID 37's Level to 1.
[2012/12/23 - 13:46:20] Jimmy Chase has edited HouseID 37's Exterior.
[2012/12/23 - 13:46:21] Sa lem has edited HouseID 38's Level to 1.
[2012/12/23 - 13:46:23] Sa lem has edited HouseID 39's Level to 1.
[2012/12/23 - 13:46:25] Sa lem has edited HouseID 40's Level to 1.
[2012/12/23 - 13:46:27] Sa lem has edited HouseID 41's Level to 1.
[2012/12/23 - 13:46:30] Sa lem has edited HouseID 42's Level to 1.
[2012/12/23 - 13:46:33] Jimmy Chase has edited HouseID 38's Exterior.
[2012/12/23 - 13:46:35] Sa lem has edited HouseID 43's Level to 1.
[2012/12/23 - 13:46:37] Sa lem has edited HouseID 44's Level to 1.
[2012/12/23 - 13:46:39] Sa lem has edited HouseID 45's Level to 1.
[2012/12/23 - 13:46:42] Jimmy Chase has edited HouseID 39's Exterior.
[2012/12/23 - 13:46:42] Sa lem has edited HouseID 46's Level to 1.
[2012/12/23 - 13:46:44] Sa lem has edited HouseID 47's Level to 1.
[2012/12/23 - 13:46:46] Sa lem has edited HouseID 48's Level to 1.
[2012/12/23 - 13:46:48] Sa lem has edited HouseID 49's Level to 1.
[2012/12/23 - 13:46:51] Sa lem has edited HouseID 50's Level to 1.
[2012/12/23 - 13:46:52] Jimmy Chase has edited HouseID 40's Exterior.
[2012/12/23 - 13:46:53] Sa lem has edited HouseID 51's Level to 1.
[2012/12/23 - 13:46:56] Sa lem has edited HouseID 52's Level to 1.
[2012/12/23 - 13:46:58] Sa lem has edited HouseID 53's Level to 1.
[2012/12/23 - 13:47:0] Sa lem has edited HouseID 54's Level to 1.
[2012/12/23 - 13:47:1] Sa lem has edited HouseID 55's Level to 1.
[2012/12/23 - 13:47:4] Sa lem has edited HouseID 56's Level to 1.
[2012/12/23 - 13:47:13] Sa lem has edited HouseID 57's Level to 1.
[2012/12/23 - 13:47:16] Jimmy Chase has edited HouseID 41's Exterior.
[2012/12/23 - 13:47:23] Sa lem has edited HouseID 58's Level to 1.
[2012/12/23 - 13:47:37] Jimmy Chase has edited HouseID 42's Exterior.
[2012/12/23 - 13:47:42] Sa lem has edited HouseID 59's Level to 1.
[2012/12/23 - 13:47:44] Sa lem has edited HouseID 70's Level to 1.
[2012/12/23 - 13:47:51] Sa lem has edited HouseID 61's Level to 1.
[2012/12/23 - 13:47:53] Sa lem has edited HouseID 62's Level to 1.
[2012/12/23 - 13:47:54] Sa lem has edited HouseID 63's Level to 1.
[2012/12/23 - 13:47:59] Sa lem has edited HouseID 64's Level to 1.
[2012/12/23 - 13:48:1] Sa lem has edited HouseID 65's Level to 1.
[2012/12/23 - 13:49:44] Sa lem has edited HouseID 2's Exterior.
[2012/12/23 - 13:49:56] Jimmy Chase has edited HouseID 43's Exterior.
[2012/12/23 - 13:50:20] Sa lem has edited HouseID 43's Interior.
[2012/12/23 - 13:51:16] Sa lem has edited HouseID 43's Custom Exterior.
[2012/12/23 - 13:51:20] Sa lem has edited HouseID 2's Custom Exterior.
[2012/12/23 - 13:51:25] Jimmy Chase has edited HouseID 44's Exterior.
[2012/12/23 - 13:51:53] Jimmy Chase has edited HouseID 45's Exterior.
[2012/12/23 - 13:52:1] Jimmy Chase has edited HouseID 46's Exterior.
[2012/12/23 - 13:52:3] Sa lem has edited HouseID 44's Interior.
[2012/12/23 - 13:52:9] Jimmy Chase has edited HouseID 47's Exterior.
[2012/12/23 - 13:52:52] Jimmy Chase has edited HouseID 48's Exterior.
[2012/12/23 - 13:52:59] Jimmy Chase has edited HouseID 49's Exterior.
[2012/12/23 - 13:53:15] Jimmy Chase has edited HouseID 50's Exterior.
[2012/12/23 - 13:53:22] Jimmy Chase has edited HouseID 51's Exterior.
[2012/12/23 - 13:53:45] Sa lem has edited HouseID 1's Interior.
[2012/12/23 - 13:53:47] Sa lem has edited HouseID 2's Interior.
[2012/12/23 - 13:53:49] Sa lem has edited HouseID 3's Interior.
[2012/12/23 - 13:53:50] Sa lem has edited HouseID 4's Interior.
[2012/12/23 - 13:53:52] Sa lem has edited HouseID 5's Interior.
[2012/12/23 - 13:53:54] Sa lem has edited HouseID 6's Interior.
[2012/12/23 - 13:53:56] Sa lem has edited HouseID 7's Interior.
[2012/12/23 - 13:53:58] Sa lem has edited HouseID 8's Interior.
[2012/12/23 - 13:53:59] Sa lem has edited HouseID 9's Interior.
[2012/12/23 - 13:54:1] Sa lem has edited HouseID 10's Interior.
[2012/12/23 - 13:54:3] Sa lem has edited HouseID 11's Interior.
[2012/12/23 - 13:54:4] Sa lem has edited HouseID 12's Interior.
[2012/12/23 - 13:54:6] Sa lem has edited HouseID 13's Interior.
[2012/12/23 - 13:54:11] Sa lem has edited HouseID 14's Interior.
[2012/12/23 - 13:54:13] Sa lem has edited HouseID 15's Interior.
[2012/12/23 - 13:54:15] Sa lem has edited HouseID 16's Interior.
[2012/12/23 - 13:54:16] Sa lem has edited HouseID 17's Interior.
[2012/12/23 - 13:54:34] Sa lem has edited HouseID 10's Interior.
[2012/12/23 - 13:54:40] Sa lem has edited HouseID 11's Interior.
[2012/12/23 - 13:54:41] Sa lem has edited HouseID 12's Interior.
[2012/12/23 - 13:54:43] Sa lem has edited HouseID 13's Interior.
[2012/12/23 - 13:54:45] Sa lem has edited HouseID 14's Interior.
[2012/12/23 - 13:54:46] Sa lem has edited HouseID 15's Interior.
[2012/12/23 - 13:54:48] Sa lem has edited HouseID 16's Interior.
[2012/12/23 - 13:54:50] Sa lem has edited HouseID 17's Interior.
[2012/12/23 - 13:54:52] Sa lem has edited HouseID 18's Interior.
[2012/12/23 - 13:54:54] Sa lem has edited HouseID 19's Interior.
[2012/12/23 - 13:54:57] Sa lem has edited HouseID 20's Interior.
[2012/12/23 - 13:54:59] Sa lem has edited HouseID 21's Interior.
[2012/12/23 - 13:55:2] Sa lem has edited HouseID 22's Interior.
[2012/12/23 - 13:55:4] Sa lem has edited HouseID 23's Interior.
[2012/12/23 - 13:55:5] Sa lem has edited HouseID 24's Interior.
[2012/12/23 - 13:55:7] Sa lem has edited HouseID 25's Interior.
[2012/12/23 - 13:55:9] Sa lem has edited HouseID 26's Interior.
[2012/12/23 - 13:55:11] Sa lem has edited HouseID 27's Interior.
[2012/12/23 - 13:55:13] Sa lem has edited HouseID 28's Interior.
[2012/12/23 - 13:55:15] Sa lem has edited HouseID 29's Interior.
[2012/12/23 - 13:55:18] Sa lem has edited HouseID 30's Interior.
[2012/12/23 - 13:55:21] Sa lem has edited HouseID 31's Interior.
[2012/12/23 - 13:55:22] Sa lem has edited HouseID 32's Interior.
[2012/12/23 - 13:55:24] Sa lem has edited HouseID 33's Interior.
[2012/12/23 - 13:55:25] Sa lem has edited HouseID 34's Interior.
[2012/12/23 - 13:55:27] Sa lem has edited HouseID 35's Interior.
[2012/12/23 - 13:55:28] Sa lem has edited HouseID 36's Interior.
[2012/12/23 - 13:55:30] Sa lem has edited HouseID 37's Interior.
[2012/12/23 - 13:55:32] Sa lem has edited HouseID 38's Interior.
[2012/12/23 - 13:55:34] Sa lem has edited HouseID 39's Interior.
[2012/12/23 - 13:55:36] Sa lem has edited HouseID 40's Interior.
[2012/12/23 - 13:55:37] Sa lem has edited HouseID 41's Interior.
[2012/12/23 - 13:55:39] Sa lem has edited HouseID 42's Interior.
[2012/12/23 - 13:55:40] Sa lem has edited HouseID 43's Interior.
[2012/12/23 - 13:55:42] Sa lem has edited HouseID 44's Interior.
[2012/12/23 - 13:55:44] Sa lem has edited HouseID 46's Interior.
[2012/12/23 - 13:55:46] Sa lem has edited HouseID 47's Interior.
[2012/12/23 - 13:55:47] Sa lem has edited HouseID 48's Interior.
[2012/12/23 - 13:55:49] Sa lem has edited HouseID 49's Interior.
[2012/12/23 - 13:55:52] Sa lem has edited HouseID 50's Interior.
[2012/12/23 - 13:55:53] Sa lem has edited HouseID 51's Interior.
[2012/12/27 - 18:41:16] Sa lem has edited HouseID 45's Custom Exterior.
[2012/12/27 - 18:41:18] Sa lem has edited HouseID 46's Custom Exterior.
[2012/12/27 - 18:41:20] Sa lem has edited HouseID 47's Custom Exterior.
[2012/12/27 - 18:41:45] Sa lem has edited HouseID 42's Custom Exterior.
[2012/12/27 - 18:41:47] Sa lem has edited HouseID 43's Custom Exterior.
[2012/12/27 - 18:41:49] Sa lem has edited HouseID 44's Custom Exterior.
[2012/12/27 - 18:41:50] Sa lem has edited HouseID 43's Custom Exterior.
[2012/12/30 - 7:22:20] Sa lem has edited HouseID 500000's Price to $.
[2012/12/30 - 7:22:23] Sa lem has edited HouseID 500000's Price to $.
[2012/12/30 - 7:22:26] Sa lem has edited HouseID 500000's Price to $.
[2012/12/30 - 7:22:29] Sa lem has edited HouseID 500000's Price to $.
[2012/12/30 - 7:22:32] Sa lem has edited HouseID 500000's Price to $.
[2012/12/30 - 7:22:36] Sa lem has edited HouseID 500000's Price to $.
[2012/12/30 - 7:22:39] Sa lem has edited HouseID 500000's Price to $.
[2012/12/30 - 7:22:42] Sa lem has edited HouseID 500000's Price to $.
[2012/12/30 - 7:22:46] Sa lem has edited HouseID 500000's Price to $.
[2012/12/30 - 7:26:43] Sa lem has edited HouseID 50000's Price to $.
[2012/12/30 - 7:26:47] Sa lem has edited HouseID 50000's Price to $.
[2012/12/30 - 7:26:51] Sa lem has edited HouseID 50000's Price to $.
[2012/12/30 - 7:26:53] Sa lem has edited HouseID 50000's Price to $.
[2012/12/30 - 7:26:55] Sa lem has edited HouseID 50000's Price to $.
[2012/12/30 - 7:26:59] Sa lem has edited HouseID 50000's Price to $.
[2012/12/30 - 7:27:1] Sa lem has edited HouseID 50000's Price to $.
[2012/12/30 - 7:27:4] Sa lem has edited HouseID 50000's Price to $.
[2012/12/30 - 7:29:18] Sa lem has edited HouseID 50000's Price to $.
[2012/12/30 - 7:29:21] Sa lem has edited HouseID 50000's Price to $.
[2012/12/30 - 7:29:23] Sa lem has edited HouseID 50000's Price to $.
[2012/12/30 - 7:29:26] Sa lem has edited HouseID 50000's Price to $.
[2012/12/30 - 7:29:29] Sa lem has edited HouseID 50000's Price to $.
[2012/12/30 - 7:29:32] Sa lem has edited HouseID 50000's Price to $.
[2012/12/30 - 7:29:35] Sa lem has edited HouseID 50000's Price to $.
[2012/12/30 - 7:29:37] Sa lem has edited HouseID 50000's Price to $.
[2012/12/30 - 7:29:39] Sa lem has edited HouseID 50000's Price to $.
[2012/12/30 - 7:29:42] Sa lem has edited HouseID 50000's Price to $.
[2012/12/30 - 7:29:46] Sa lem has edited HouseID 50000's Price to $.
[2012/12/30 - 7:29:50] Sa lem has edited HouseID 50000's Price to $.
[2012/12/30 - 7:29:52] Sa lem has edited HouseID 50000's Price to $.
[2012/12/30 - 7:29:55] Sa lem has edited HouseID 50000's Price to $.
[2012/12/30 - 7:29:58] Sa lem has edited HouseID 50000's Price to $.
[2012/12/30 - 7:30:3] Sa lem has edited HouseID 50000's Price to $.
[2012/12/30 - 7:30:9] Sa lem has edited HouseID 50000's Price to $.
[2012/12/30 - 7:30:13] Sa lem has edited HouseID 50000's Price to $.
[2012/12/30 - 7:30:16] Sa lem has edited HouseID 50000's Price to $.
[2012/12/30 - 7:30:18] Sa lem has edited HouseID 50000's Price to $.
[2012/12/30 - 7:30:27] Sa lem has edited HouseID 50000's Price to $.
[2012/12/30 - 7:30:30] Sa lem has edited HouseID 50000's Price to $.
[2012/12/30 - 7:30:34] Sa lem has edited HouseID 50000's Price to $.
[2012/12/30 - 7:30:37] Sa lem has edited HouseID 50000's Price to $.
[2012/12/30 - 7:30:42] Sa lem has edited HouseID 50000's Price to $.
[2012/12/30 - 7:30:42] Sa lem has edited HouseID 50000's Price to $.
[2012/12/30 - 7:30:46] Sa lem has edited HouseID 50000's Price to $.
[2012/12/30 - 7:30:50] Sa lem has edited HouseID 50000's Price to $.
[2012/12/30 - 7:30:52] Sa lem has edited HouseID 50000's Price to $.
[2012/12/30 - 7:30:55] Sa lem has edited HouseID 50000's Price to $.
[2012/12/30 - 7:30:58] Sa lem has edited HouseID 50000's Price to $.
[2012/12/30 - 7:31:1] Sa lem has edited HouseID 50000's Price to $.
[2012/12/30 - 7:31:3] Sa lem has edited HouseID 50000's Price to $.
[2012/12/30 - 7:31:6] Sa lem has edited HouseID 50000's Price to $.
[2012/12/30 - 7:31:9] Sa lem has edited HouseID 50000's Price to $.
[2012/12/30 - 7:31:11] Sa lem has edited HouseID 50000's Price to $.
[2012/12/30 - 7:31:15] Sa lem has edited HouseID 50000's Price to $.
[2012/12/30 - 7:31:30] Sa lem has edited HouseID 50000's Price to $.
[2012/12/30 - 7:31:32] Sa lem has edited HouseID 50000's Price to $.
[2012/12/30 - 7:31:35] Sa lem has edited HouseID 50000's Price to $.
[2012/12/30 - 7:31:38] Sa lem has edited HouseID 50000's Price to $.
[2012/12/30 - 8:27:17] Sa lem has edited HouseID 500000's Price to $.
[2012/12/30 - 8:27:20] Sa lem has edited HouseID 500000's Price to $.
[2012/12/30 - 8:27:25] Sa lem has edited HouseID 500000's Price to $.
[2012/12/30 - 8:27:27] Sa lem has edited HouseID 500000's Price to $.
[2012/12/30 - 8:27:30] Sa lem has edited HouseID 500000's Price to $.
[2012/12/30 - 8:27:33] Sa lem has edited HouseID 500000's Price to $.
[2012/12/30 - 8:27:37] Sa lem has edited HouseID 500000's Price to $.
[2012/12/30 - 8:27:40] Sa lem has edited HouseID 500000's Price to $.
[2012/12/30 - 8:27:42] Sa lem has edited HouseID 500000's Price to $.
[2012/12/30 - 8:27:45] Sa lem has edited HouseID 500000's Price to $.
[2012/12/30 - 8:27:48] Sa lem has edited HouseID 500000's Price to $.
[2012/12/30 - 8:27:51] Sa lem has edited HouseID 500000's Price to $.
[2012/12/30 - 8:27:56] Sa lem has edited HouseID 500000's Price to $.
[2012/12/30 - 8:27:59] Sa lem has edited HouseID 500000's Price to $.
[2012/12/30 - 8:28:2] Sa lem has edited HouseID 500000's Price to $.
[2012/12/30 - 8:28:5] Sa lem has edited HouseID 500000's Price to $.
[2012/12/30 - 8:28:8] Sa lem has edited HouseID 500000's Price to $.
[2012/12/30 - 8:28:12] Sa lem has edited HouseID 500000's Price to $.
[2012/12/30 - 8:28:16] Sa lem has edited HouseID 500000's Price to $.
[2012/12/30 - 8:28:19] Sa lem has edited HouseID 500000's Price to $.
[2012/12/30 - 8:28:22] Sa lem has edited HouseID 500000's Price to $.
[2012/12/30 - 8:28:25] Sa lem has edited HouseID 500000's Price to $.
[2012/12/30 - 8:28:29] Sa lem has edited HouseID 500000's Price to $.
[2012/12/30 - 8:28:32] Sa lem has edited HouseID 500000's Price to $.
[2012/12/30 - 8:28:34] Sa lem has edited HouseID 500000's Price to $.
[2012/12/30 - 8:28:38] Sa lem has edited HouseID 500000's Price to $.
[2012/12/30 - 8:28:41] Sa lem has edited HouseID 500000's Price to $.
[2012/12/30 - 8:28:44] Sa lem has edited HouseID 500000's Price to $.
[2012/12/30 - 8:28:47] Sa lem has edited HouseID 500000's Price to $.
[2012/12/30 - 8:28:53] Sa lem has edited HouseID 500000's Price to $.
[2012/12/30 - 8:28:57] Sa lem has edited HouseID 500000's Price to $.
[2012/12/30 - 8:29:1] Sa lem has edited HouseID 500000's Price to $.
[2012/12/30 - 8:29:4] Sa lem has edited HouseID 500000's Price to $.
[2012/12/30 - 8:29:7] Sa lem has edited HouseID 500000's Price to $.
[2012/12/30 - 8:29:13] Sa lem has edited HouseID 500000's Price to $.
[2012/12/30 - 8:29:18] Sa lem has edited HouseID 500000's Price to $.
[2012/12/30 - 8:29:21] Sa lem has edited HouseID 500000's Price to $.
[2012/12/30 - 8:29:24] Sa lem has edited HouseID 500000's Price to $.
[2012/12/30 - 8:29:27] Sa lem has edited HouseID 500000's Price to $.
[2012/12/30 - 8:29:30] Sa lem has edited HouseID 500000's Price to $.
[2012/12/30 - 8:29:33] Sa lem has edited HouseID 500000's Price to $.
[2012/12/30 - 8:29:36] Sa lem has edited HouseID 500000's Price to $.
[2012/12/30 - 8:29:39] Sa lem has edited HouseID 500000's Price to $.
[2012/12/30 - 8:29:42] Sa lem has edited HouseID 500000's Price to $.
[2012/12/30 - 8:29:44] Sa lem has edited HouseID 500000's Price to $.
[2012/12/30 - 8:29:48] Sa lem has edited HouseID 500000's Price to $.
[2012/12/30 - 8:29:51] Sa lem has edited HouseID 500000's Price to $.
[2012/12/30 - 8:29:54] Sa lem has edited HouseID 500000's Price to $.
[2012/12/30 - 8:29:57] Sa lem has edited HouseID 500000's Price to $.
[2012/12/30 - 8:30:1] Sa lem has edited HouseID 500000's Price to $.
[2012/12/30 - 8:30:7] Sa lem has edited HouseID 500000's Price to $.
[2012/12/30 - 8:30:10] Sa lem has edited HouseID 500000's Price to $.
[2012/12/30 - 8:30:14] Sa lem has edited HouseID 500000's Price to $.
[2012/12/30 - 8:30:17] Sa lem has edited HouseID 500000's Price to $.
[2012/12/30 - 8:30:22] Sa lem has edited HouseID 500000's Price to $.
[2012/12/30 - 8:30:27] Sa lem has edited HouseID 500000's Price to $.
[2012/12/30 - 10:40:29] Sa lem has edited HouseID 49's Custom Exterior.
[2012/12/30 - 10:40:32] Sa lem has edited HouseID 48's Custom Exterior.
[2012/12/30 - 10:40:35] Sa lem has edited HouseID 50's Custom Exterior.
[2012/12/30 - 10:40:37] Sa lem has edited HouseID 51's Custom Exterior.
[2012/12/30 - 10:40:38] Sa lem has edited HouseID 512's Custom Exterior.
[2012/12/30 - 10:40:41] Sa lem has edited HouseID 52's Custom Exterior.
[2012/12/30 - 10:40:43] Sa lem has edited HouseID 53's Custom Exterior.
[2012/12/30 - 10:40:45] Sa lem has edited HouseID 54's Custom Exterior.
[2013/1/3 - 13:3:1] Sa lem has edited HouseID 1's Exterior.
[2013/1/13 - 8:13:24] Sa lem has edited HouseID 52's Exterior.
[2013/1/13 - 8:13:32] Sa lem has edited HouseID 53's Exterior.
[2013/1/13 - 8:13:44] Sa lem has edited HouseID 500000's Price to $.
[2013/1/13 - 8:13:46] Sa lem has edited HouseID 500000's Price to $.
[2013/1/13 - 8:13:51] Sa lem has edited HouseID 500000's Price to $.
[2013/1/13 - 8:13:54] Sa lem has edited HouseID 500000's Price to $.
[2013/1/13 - 8:13:56] Sa lem has edited HouseID 500000's Price to $.
[2013/1/13 - 8:13:58] Sa lem has edited HouseID 500000's Price to $.
[2013/1/13 - 8:14:1] Sa lem has edited HouseID 500000's Price to $.
[2013/1/13 - 8:14:4] Sa lem has edited HouseID 500000's Price to $.
[2013/1/13 - 8:14:6] Sa lem has edited HouseID 500000's Price to $.
[2013/1/13 - 8:14:10] Sa lem has edited HouseID 500000's Price to $.
[2013/1/13 - 8:14:13] Sa lem has edited HouseID 500000's Price to $.
[2013/1/13 - 8:14:16] Sa lem has edited HouseID 500000's Price to $.
[2013/1/13 - 8:14:18] Sa lem has edited HouseID 500000's Price to $.
[2013/1/13 - 8:14:22] Sa lem has edited HouseID 500000's Price to $.
[2013/1/13 - 8:14:24] Sa lem has edited HouseID 500000's Price to $.
[2013/1/13 - 8:14:27] Sa lem has edited HouseID 500000's Price to $.
[2013/1/13 - 8:14:30] Sa lem has edited HouseID 500000's Price to $.
[2013/1/13 - 8:14:32] Sa lem has edited HouseID 500000's Price to $.
[2013/1/13 - 8:14:38] Sa lem has edited HouseID 500000's Price to $.
[2013/1/13 - 8:14:45] Sa lem has edited HouseID 54's Exterior.
[2013/1/13 - 8:14:55] Sa lem has edited HouseID 55's Exterior.
[2013/1/13 - 8:15:4] Sa lem has edited HouseID 56's Exterior.
[2013/1/13 - 8:15:13] Sa lem has edited HouseID 57's Exterior.
[2013/1/13 - 8:15:20] Sa lem has edited HouseID 58's Exterior.
[2013/1/13 - 8:15:31] Sa lem has edited HouseID 59's Exterior.
[2013/1/13 - 8:15:40] Sa lem has edited HouseID 60's Exterior.
[2013/1/13 - 8:16:13] Sa lem has edited HouseID 61's Exterior.
[2013/1/13 - 8:16:22] Sa lem has edited HouseID 62's Exterior.
[2013/1/13 - 8:16:34] Sa lem has edited HouseID 63's Exterior.
[2013/1/13 - 8:16:41] Sa lem has edited HouseID 64's Exterior.
[2013/1/13 - 8:16:56] Sa lem has edited HouseID 65's Exterior.
[2013/1/13 - 8:17:5] Sa lem has edited HouseID 66's Exterior.
[2013/1/13 - 8:17:26] Sa lem has edited HouseID 67's Exterior.
[2013/1/13 - 8:17:46] Sa lem has edited HouseID 68's Exterior.
[2013/1/13 - 8:17:55] Sa lem has edited HouseID 69's Exterior.
[2013/1/13 - 8:18:6] Sa lem has edited HouseID 70's Exterior.
[2013/1/13 - 8:30:57] Sa lem has edited HouseID 52's Interior.
[2013/1/13 - 8:30:59] Sa lem has edited HouseID 53's Interior.
[2013/1/13 - 8:31:1] Sa lem has edited HouseID 54's Interior.
[2013/1/13 - 8:31:2] Sa lem has edited HouseID 55's Interior.
[2013/1/13 - 8:31:4] Sa lem has edited HouseID 56's Interior.
[2013/1/13 - 8:31:6] Sa lem has edited HouseID 57's Interior.
[2013/1/13 - 8:31:9] Sa lem has edited HouseID 58's Interior.
[2013/1/13 - 8:31:11] Sa lem has edited HouseID 59's Interior.
[2013/1/13 - 8:31:14] Sa lem has edited HouseID 60's Interior.
[2013/1/13 - 8:31:16] Sa lem has edited HouseID 61's Interior.
[2013/1/13 - 8:31:17] Sa lem has edited HouseID 62's Interior.
[2013/1/13 - 8:31:19] Sa lem has edited HouseID 63's Interior.
[2013/1/13 - 8:31:20] Sa lem has edited HouseID 64's Interior.
[2013/1/13 - 8:31:22] Sa lem has edited HouseID 65's Interior.
[2013/1/13 - 8:31:24] Sa lem has edited HouseID 66's Interior.
[2013/1/13 - 8:31:40] Sa lem has edited HouseID 67's Interior.
[2013/1/13 - 8:31:42] Sa lem has edited HouseID 68's Interior.
[2013/1/13 - 8:31:47] Sa lem has edited HouseID 69's Interior.
[2013/1/13 - 8:31:49] Sa lem has edited HouseID 70's Interior.
[2013/1/13 - 8:31:53] Sa lem has edited HouseID 71's Interior.
[2013/1/13 - 8:31:55] Sa lem has edited HouseID 72's Interior.
[2013/1/13 - 8:31:57] Sa lem has edited HouseID 73's Interior.
[2013/1/13 - 8:31:58] Sa lem has edited HouseID 74's Interior.
[2013/1/13 - 8:31:59] Sa lem has edited HouseID 75's Interior.
[2013/1/13 - 8:32:0] Sa lem has edited HouseID 76's Interior.
[2013/1/13 - 8:32:3] Sa lem has edited HouseID 77's Interior.
[2013/1/13 - 18:29:53] Sa lem has edited HouseID 56's Exterior.
[2013/1/14 - 13:49:43] Sa lem has edited HouseID 45's Exterior.
[2013/1/14 - 13:49:48] Sa lem has edited HouseID 0's Price to $.
[2013/1/14 - 13:50:57] Sa lem has edited HouseID 45's Interior.
[2013/1/14 - 14:12:18] Sa lem has edited HouseID 13's Interior.
[2013/1/18 - 12:29:17] Sa lem has edited HouseID 56's Interior.
[2013/1/18 - 17:11:54] David Chase has edited HouseID 999's Interior.
[2013/1/18 - 17:12:15] David Chase has edited HouseID 999's Exterior.
[2013/1/18 - 17:12:34] David Chase has edited HouseID 500's Exterior.
[2013/1/18 - 17:14:25] Sa lem has edited HouseID 500's Exterior.
[2013/1/18 - 17:14:30] Sa lem has edited HouseID 500's Exterior.
[2013/1/18 - 17:15:45] Sa lem has edited HouseID 500's Interior.
[2013/1/20 - 10:34:22] Sa lem has edited HouseID 49's Interior.
[2013/1/20 - 10:35:37] Sa lem has edited HouseID 49's Interior.
[2013/1/20 - 10:39:0] Sa lem has edited HouseID 155's Interior.
[2013/1/20 - 16:0:7] Sa lem has edited HouseID 500's Exterior.
[2013/1/20 - 16:0:22] Sa lem has edited HouseID 999's Exterior.
[2013/1/20 - 16:6:17] Sa lem has edited HouseID 516's Exterior.
[2013/1/22 - 13:47:53] Ed Sheeran has edited HouseID 233's Level to 3.
[2013/1/25 - 18:5:52] Mickey Mouse has edited HouseID 400's Exterior.
[2013/1/25 - 18:6:8] Mickey Mouse has edited HouseID 400's Class to 3.
[2013/1/25 - 18:6:17] Mickey Mouse has edited HouseID 400's Level to 1.
[2013/1/25 - 18:6:32] Mickey Mouse has edited HouseID 1000's Price to $.
[2013/1/25 - 18:8:22] Mickey Mouse has edited HouseID 122's Exterior.
[2013/1/25 - 18:8:34] Mickey Mouse has edited HouseID 400's Interior.
[2013/1/25 - 18:10:8] Mickey Mouse has edited HouseID 400's Interior.
[2013/1/26 - 11:51:36] Mickey Mouse has edited HouseID 101's Exterior.
[2013/1/26 - 11:51:39] Mickey Mouse has edited HouseID 101's Exterior.
[2013/1/26 - 11:52:13] Mickey Mouse has edited HouseID 101's Class to 3.
[2013/1/26 - 11:52:22] Mickey Mouse has edited HouseID 101's Level to 2.
[2013/1/26 - 11:52:30] Mickey Mouse has edited HouseID 2000's Price to $.
[2013/1/26 - 11:54:10] Mickey Mouse has edited HouseID 101's Interior.
[2013/1/27 - 19:56:56] Mickey Mouse has edited HouseID 90's Exterior.
[2013/1/27 - 19:57:17] Mickey Mouse has edited HouseID 90's Class to 3.
[2013/1/27 - 19:57:23] Mickey Mouse has edited HouseID 90's Level to 2.
[2013/1/27 - 19:57:43] Mickey Mouse has edited HouseID 2000's Price to $.
[2013/1/27 - 19:59:38] Mickey Mouse has edited HouseID 90's Interior.
[2013/2/3 - 17:22:19] Sa lem has deleted HouseID 46.
[2013/2/3 - 17:23:30] Sa lem has deleted HouseID 2.
[2013/2/3 - 17:23:32] Sa lem has deleted HouseID 43.
[2013/2/3 - 17:23:42] Sa lem has deleted HouseID 44.
[2013/2/4 - 6:44:17] Sa lem has deleted HouseID 48.
[2013/2/4 - 6:44:25] Sa lem has deleted HouseID 49.
[2013/2/4 - 6:44:29] Sa lem has deleted HouseID 51.
[2013/2/4 - 6:44:30] Sa lem has deleted HouseID 50.
[2013/2/4 - 6:46:33] Sa lem has deleted HouseID 47.
[2013/2/4 - 8:50:18] Sa lem has edited HouseID 55's Exterior.
[2013/2/4 - 8:50:25] Sa lem has edited HouseID 55's Exterior.
[2013/2/4 - 8:50:31] Sa lem has edited HouseID 100's Exterior.
[2013/2/4 - 8:50:38] Sa lem has edited HouseID 100's Exterior.
[2013/2/4 - 8:51:2] Sa lem has edited HouseID 102's Exterior.
[2013/2/4 - 8:52:44] Sa lem has edited HouseID 102's Interior.
[2013/2/5 - 14:56:32] Sa lem has edited HouseID 57's Exterior.
[2013/2/5 - 21:9:0] Sa lem has deleted HouseID 450.
[2013/2/7 - 15:28:14] Sa lem has edited HouseID 42's Exterior.
[2013/2/8 - 11:45:37] Hugo Balasi has edited HouseID 90's Exterior.
[2013/2/8 - 17:43:44] Sa lem has edited HouseID 70's Interior.
[2013/2/8 - 17:43:47] Sa lem has edited HouseID 71's Interior.
[2013/2/8 - 17:43:52] Sa lem has edited HouseID 72's Interior.
[2013/2/8 - 17:43:53] Sa lem has edited HouseID 73's Interior.
[2013/2/8 - 17:43:56] Sa lem has edited HouseID 74's Interior.
[2013/2/8 - 17:43:57] Sa lem has edited HouseID 75's Interior.
[2013/2/8 - 17:43:58] Sa lem has edited HouseID 76's Interior.
[2013/2/8 - 17:44:0] Sa lem has edited HouseID 77's Interior.
[2013/2/8 - 17:44:1] Sa lem has edited HouseID 78's Interior.
[2013/2/8 - 17:44:4] Sa lem has edited HouseID 79's Interior.
[2013/2/8 - 17:44:6] Sa lem has edited HouseID 80's Interior.
[2013/2/8 - 17:44:8] Sa lem has edited HouseID 81's Interior.
[2013/2/8 - 17:44:10] Sa lem has edited HouseID 82's Interior.
[2013/2/8 - 17:44:12] Sa lem has edited HouseID 83's Interior.
[2013/2/8 - 17:44:13] Sa lem has edited HouseID 84's Interior.
[2013/2/8 - 17:44:16] Sa lem has edited HouseID 85's Interior.
[2013/2/8 - 17:44:18] Sa lem has edited HouseID 86's Interior.
[2013/2/8 - 17:44:20] Sa lem has edited HouseID 87's Interior.
[2013/2/8 - 17:44:22] Sa lem has edited HouseID 88's Interior.
[2013/2/8 - 17:44:24] Sa lem has edited HouseID 89's Interior.
[2013/2/8 - 17:44:27] Sa lem has edited HouseID 90's Interior.
[2013/2/8 - 17:44:29] Sa lem has edited HouseID 91's Interior.
[2013/2/8 - 17:44:31] Sa lem has edited HouseID 92's Interior.
[2013/2/8 - 17:44:32] Sa lem has edited HouseID 93's Interior.
[2013/2/8 - 17:44:34] Sa lem has edited HouseID 94's Interior.
[2013/2/8 - 17:44:37] Sa lem has edited HouseID 95's Interior.
[2013/2/8 - 17:44:39] Sa lem has edited HouseID 96's Interior.
[2013/2/8 - 17:44:42] Sa lem has edited HouseID 97's Interior.
[2013/2/8 - 17:44:43] Sa lem has edited HouseID 98's Interior.
[2013/2/8 - 17:44:46] Sa lem has edited HouseID 99's Interior.
[2013/2/8 - 17:44:48] Sa lem has edited HouseID 100's Interior.
[2013/2/8 - 17:44:50] Sa lem has edited HouseID 101's Interior.
[2013/2/8 - 17:44:51] Sa lem has edited HouseID 102's Interior.
[2013/2/8 - 17:44:53] Sa lem has edited HouseID 103's Interior.
[2013/2/8 - 17:44:55] Sa lem has edited HouseID 104's Interior.
[2013/2/8 - 17:44:56] Sa lem has edited HouseID 105's Interior.
[2013/2/8 - 17:44:57] Sa lem has edited HouseID 106's Interior.
[2013/2/8 - 17:44:59] Sa lem has edited HouseID 107's Interior.
[2013/2/8 - 17:45:0] Sa lem has edited HouseID 108's Interior.
[2013/2/8 - 17:45:2] Sa lem has edited HouseID 109's Interior.
[2013/2/8 - 17:45:5] Sa lem has edited HouseID 110's Interior.
[2013/2/8 - 17:45:7] Sa lem has edited HouseID 111's Interior.
[2013/2/8 - 17:45:8] Sa lem has edited HouseID 112's Interior.
[2013/2/8 - 17:45:9] Sa lem has edited HouseID 113's Interior.
[2013/2/8 - 17:45:11] Sa lem has edited HouseID 114's Interior.
[2013/2/8 - 17:45:14] Sa lem has edited HouseID 115's Interior.
[2013/2/8 - 17:45:16] Sa lem has edited HouseID 116's Interior.
[2013/2/8 - 17:45:17] Sa lem has edited HouseID 117's Interior.
[2013/2/8 - 17:45:19] Sa lem has edited HouseID 118's Interior.
[2013/2/8 - 17:45:21] Sa lem has edited HouseID 119's Interior.
[2013/2/8 - 17:45:24] Sa lem has edited HouseID 120's Interior.
[2013/2/8 - 17:45:25] Sa lem has edited HouseID 121's Interior.
[2013/2/8 - 17:45:26] Sa lem has edited HouseID 122's Interior.
[2013/2/8 - 17:45:28] Sa lem has edited HouseID 123's Interior.
[2013/2/8 - 17:45:30] Sa lem has edited HouseID 124's Interior.
[2013/2/8 - 17:45:31] Sa lem has edited HouseID 125's Interior.
[2013/2/8 - 17:45:33] Sa lem has edited HouseID 126's Interior.
[2013/2/8 - 17:45:35] Sa lem has edited HouseID 127's Interior.
[2013/2/8 - 17:45:37] Sa lem has edited HouseID 128's Interior.
[2013/2/8 - 17:45:39] Sa lem has edited HouseID 129's Interior.
[2013/2/8 - 17:45:41] Sa lem has edited HouseID 130's Interior.
[2013/2/8 - 17:45:43] Sa lem has edited HouseID 131's Interior.
[2013/2/8 - 17:45:44] Sa lem has edited HouseID 132's Interior.
[2013/2/8 - 17:45:47] Sa lem has edited HouseID 133's Interior.
[2013/2/8 - 17:45:55] Sa lem has edited HouseID 134's Interior.
[2013/2/8 - 17:45:56] Sa lem has edited HouseID 135's Interior.
[2013/2/8 - 17:45:58] Sa lem has edited HouseID 136's Interior.
[2013/2/8 - 17:46:0] Sa lem has edited HouseID 137's Interior.
[2013/2/8 - 17:46:1] Sa lem has edited HouseID 138's Interior.
[2013/2/8 - 17:46:4] Sa lem has edited HouseID 139's Interior.
[2013/2/8 - 17:46:7] Sa lem has edited HouseID 140's Interior.
[2013/2/8 - 17:46:9] Sa lem has edited HouseID 141's Interior.
[2013/2/8 - 17:46:10] Sa lem has edited HouseID 142's Interior.
[2013/2/8 - 17:46:11] Sa lem has edited HouseID 143's Interior.
[2013/2/8 - 17:46:15] Sa lem has edited HouseID 144's Interior.
[2013/2/8 - 17:46:16] Sa lem has edited HouseID 145's Interior.
[2013/2/8 - 17:46:17] Sa lem has edited HouseID 146's Interior.
[2013/2/8 - 17:46:20] Sa lem has edited HouseID 147's Interior.
[2013/2/8 - 17:46:21] Sa lem has edited HouseID 148's Interior.
[2013/2/8 - 17:46:24] Sa lem has edited HouseID 149's Interior.
[2013/2/8 - 17:46:27] Sa lem has edited HouseID 150's Interior.
[2013/2/8 - 17:46:28] Sa lem has edited HouseID 151's Interior.
[2013/2/8 - 17:46:31] Sa lem has edited HouseID 152's Interior.
[2013/2/8 - 17:46:33] Sa lem has edited HouseID 153's Interior.
[2013/2/8 - 17:46:37] Sa lem has edited HouseID 154's Interior.
[2013/2/8 - 17:46:39] Sa lem has edited HouseID 155's Interior.
[2013/2/8 - 17:46:41] Sa lem has edited HouseID 156's Interior.
[2013/2/8 - 17:46:44] Sa lem has edited HouseID 157's Interior.
[2013/2/8 - 17:46:46] Sa lem has edited HouseID 157's Interior.
[2013/2/8 - 17:46:48] Sa lem has edited HouseID 158's Interior.
[2013/2/8 - 17:46:50] Sa lem has edited HouseID 159's Interior.
[2013/2/8 - 17:46:52] Sa lem has edited HouseID 160's Interior.
[2013/2/8 - 17:46:54] Sa lem has edited HouseID 161's Interior.
[2013/2/8 - 17:46:55] Sa lem has edited HouseID 162's Interior.
[2013/2/8 - 17:46:57] Sa lem has edited HouseID 163's Interior.
[2013/2/8 - 17:46:59] Sa lem has edited HouseID 164's Interior.
[2013/2/8 - 17:47:1] Sa lem has edited HouseID 165's Interior.
[2013/2/8 - 17:47:3] Sa lem has edited HouseID 166's Interior.
[2013/2/8 - 17:47:5] Sa lem has edited HouseID 167's Interior.
[2013/2/8 - 17:47:6] Sa lem has edited HouseID 168's Interior.
[2013/2/8 - 17:47:8] Sa lem has edited HouseID 169's Interior.
[2013/2/8 - 17:47:11] Sa lem has edited HouseID 170's Interior.
[2013/2/8 - 17:47:12] Sa lem has edited HouseID 171's Interior.
[2013/2/8 - 17:47:14] Sa lem has edited HouseID 172's Interior.
[2013/2/8 - 17:47:15] Sa lem has edited HouseID 173's Interior.
[2013/2/8 - 17:47:17] Sa lem has edited HouseID 174's Interior.
[2013/2/8 - 17:47:18] Sa lem has edited HouseID 175's Interior.
[2013/2/8 - 17:47:20] Sa lem has edited HouseID 176's Interior.
[2013/2/8 - 17:47:21] Sa lem has edited HouseID 177's Interior.
[2013/2/8 - 17:47:23] Sa lem has edited HouseID 178's Interior.
[2013/2/8 - 17:47:24] Sa lem has edited HouseID 179's Interior.
[2013/2/8 - 17:47:27] Sa lem has edited HouseID 180's Interior.
[2013/2/8 - 17:47:29] Sa lem has edited HouseID 181's Interior.
[2013/2/8 - 17:47:31] Sa lem has edited HouseID 182's Interior.
[2013/2/8 - 17:47:32] Sa lem has edited HouseID 183's Interior.
[2013/2/8 - 17:47:33] Sa lem has edited HouseID 184's Interior.
[2013/2/8 - 17:47:35] Sa lem has edited HouseID 185's Interior.
[2013/2/8 - 17:47:38] Sa lem has edited HouseID 186's Interior.
[2013/2/8 - 17:47:40] Sa lem has edited HouseID 187's Interior.
[2013/2/8 - 17:47:41] Sa lem has edited HouseID 188's Interior.
[2013/2/8 - 17:47:43] Sa lem has edited HouseID 189's Interior.
[2013/2/8 - 17:47:47] Sa lem has edited HouseID 190's Interior.
[2013/2/8 - 17:47:49] Sa lem has edited HouseID 191's Interior.
[2013/2/8 - 17:47:51] Sa lem has edited HouseID 192's Interior.
[2013/2/8 - 17:47:53] Sa lem has edited HouseID 193's Interior.
[2013/2/8 - 17:47:54] Sa lem has edited HouseID 194's Interior.
[2013/2/8 - 17:47:56] Sa lem has edited HouseID 195's Interior.
[2013/2/8 - 17:47:58] Sa lem has edited HouseID 196's Interior.
[2013/2/8 - 17:48:0] Sa lem has edited HouseID 197's Interior.
[2013/2/8 - 17:48:1] Sa lem has edited HouseID 198's Interior.
[2013/2/8 - 17:48:3] Sa lem has edited HouseID 199's Interior.
[2013/2/8 - 17:48:6] Sa lem has edited HouseID 200's Interior.
[2013/2/8 - 17:48:25] Sa lem has edited HouseID 70's Exterior.
[2013/2/8 - 17:48:31] Sa lem has edited HouseID 70's Exterior.
[2013/2/8 - 17:48:40] Sa lem has edited HouseID 71's Exterior.
[2013/2/8 - 17:48:44] Sa lem has edited HouseID 71's Exterior.
[2013/2/8 - 17:50:9] Sa lem has edited HouseID 72's Exterior.
[2013/2/8 - 17:52:26] Sa lem has edited HouseID 73's Exterior.
[2013/2/8 - 17:52:39] Sa lem has edited HouseID 74's Exterior.
[2013/2/8 - 17:52:53] Sa lem has edited HouseID 75's Exterior.
[2013/2/8 - 17:53:13] Sa lem has edited HouseID 76's Exterior.
[2013/2/8 - 17:53:35] Sa lem has edited HouseID 77's Exterior.
[2013/2/8 - 17:53:40] Sa lem has edited HouseID 77's Exterior.
[2013/2/8 - 17:57:14] Sa lem has edited HouseID 78's Exterior.
[2013/2/8 - 17:57:42] Sa lem has edited HouseID 78's Interior.
[2013/2/8 - 17:59:39] Sa lem has edited HouseID 79's Exterior.
[2013/2/8 - 18:0:2] Sa lem has edited HouseID 80's Exterior.
[2013/2/8 - 18:0:9] Sa lem has edited HouseID 80's Exterior.
[2013/2/8 - 18:0:19] Sa lem has edited HouseID 81's Exterior.
[2013/2/8 - 18:0:30] Sa lem has edited HouseID 82's Exterior.
[2013/2/8 - 18:0:49] Sa lem has edited HouseID 83's Exterior.
[2013/2/8 - 18:1:1] Sa lem has edited HouseID 84's Exterior.
[2013/2/8 - 18:1:12] Sa lem has edited HouseID 85's Exterior.
[2013/2/8 - 18:1:33] Sa lem has edited HouseID 86's Exterior.
[2013/2/8 - 18:1:47] Sa lem has edited HouseID 87's Exterior.
[2013/2/8 - 18:1:58] Sa lem has edited HouseID 88's Exterior.
[2013/2/8 - 18:2:17] Sa lem has edited HouseID 89's Exterior.
[2013/2/8 - 18:2:26] Sa lem has edited HouseID 90's Exterior.
[2013/2/8 - 18:2:47] Sa lem has edited HouseID 91's Exterior.
[2013/2/8 - 18:2:55] Sa lem has edited HouseID 92's Exterior.
[2013/2/8 - 18:3:22] Sa lem has edited HouseID 93's Exterior.
[2013/2/8 - 18:3:28] Sa lem has edited HouseID 93's Exterior.
[2013/2/8 - 18:3:46] Sa lem has edited HouseID 94's Exterior.
[2013/2/8 - 18:4:7] Sa lem has edited HouseID 95's Exterior.
[2013/2/8 - 18:4:20] Sa lem has edited HouseID 96's Exterior.
[2013/2/8 - 18:4:38] Sa lem has edited HouseID 97's Exterior.
[2013/2/8 - 18:4:48] Sa lem has edited HouseID 98's Exterior.
[2013/2/8 - 18:5:1] Sa lem has edited HouseID 99's Exterior.
[2013/2/8 - 18:5:53] Sa lem has edited HouseID 100's Exterior.
[2013/2/8 - 18:6:22] Sa lem has edited HouseID 101's Exterior.
[2013/2/8 - 18:7:13] Sa lem has edited HouseID 102's Exterior.
[2013/2/8 - 18:7:24] Sa lem has edited HouseID 103's Exterior.
[2013/2/8 - 18:7:31] Sa lem has edited HouseID 104's Exterior.
[2013/2/8 - 18:7:38] Sa lem has edited HouseID 104's Exterior.
[2013/2/8 - 18:7:40] Sa lem has edited HouseID 104's Exterior.
[2013/2/8 - 18:7:59] Sa lem has edited HouseID 105's Exterior.
[2013/2/8 - 18:8:7] Sa lem has edited HouseID 106's Exterior.
[2013/2/8 - 18:8:16] Sa lem has edited HouseID 107's Exterior.
[2013/2/8 - 18:8:23] Sa lem has edited HouseID 107's Exterior.
[2013/2/8 - 18:8:27] Sa lem has edited HouseID 107's Exterior.
[2013/2/8 - 18:8:34] Sa lem has edited HouseID 108's Exterior.
[2013/2/8 - 18:8:43] Sa lem has edited HouseID 108's Exterior.
[2013/2/8 - 18:8:52] Sa lem has edited HouseID 109's Exterior.
[2013/2/8 - 18:8:58] Sa lem has edited HouseID 110's Exterior.
[2013/2/8 - 18:9:4] Sa lem has edited HouseID 111's Exterior.
[2013/2/8 - 18:9:19] Sa lem has edited HouseID 112's Exterior.
[2013/2/8 - 18:9:24] Sa lem has edited HouseID 112's Exterior.
[2013/2/8 - 18:9:33] Sa lem has edited HouseID 113's Exterior.
[2013/2/8 - 18:9:45] Sa lem has edited HouseID 114's Exterior.
[2013/2/8 - 18:10:26] Sa lem has edited HouseID 115's Exterior.
[2013/2/8 - 18:10:35] Sa lem has edited HouseID 116's Exterior.
[2013/2/8 - 18:10:44] Sa lem has edited HouseID 117's Exterior.
[2013/2/8 - 18:11:23] Sa lem has edited HouseID 118's Exterior.
[2013/2/8 - 18:11:30] Sa lem has edited HouseID 118's Exterior.
[2013/2/8 - 18:11:49] Sa lem has edited HouseID 119's Exterior.
[2013/2/8 - 18:12:45] Sa lem has edited HouseID 120's Exterior.
[2013/2/8 - 18:12:59] Sa lem has edited HouseID 121's Exterior.
[2013/2/8 - 18:13:39] Sa lem has edited HouseID 122's Exterior.
[2013/2/8 - 18:13:45] Sa lem has edited HouseID 123's Exterior.
[2013/2/8 - 18:13:56] Sa lem has edited HouseID 124's Exterior.
[2013/2/8 - 18:14:21] Sa lem has edited HouseID 125's Exterior.
[2013/2/8 - 18:14:39] Sa lem has edited HouseID 126's Exterior.
[2013/2/8 - 18:14:48] Sa lem has edited HouseID 127's Exterior.
[2013/2/8 - 18:36:49] Sa lem has edited HouseID 128's Exterior.
[2013/2/8 - 18:36:59] Sa lem has edited HouseID 129's Exterior.
[2013/2/8 - 18:37:11] Sa lem has edited HouseID 130's Exterior.
[2013/2/8 - 18:37:22] Sa lem has edited HouseID 131's Exterior.
[2013/2/8 - 18:37:39] Sa lem has edited HouseID 132's Exterior.
[2013/2/8 - 18:37:55] Sa lem has edited HouseID 133's Exterior.
[2013/2/8 - 18:38:2] Sa lem has edited HouseID 134's Exterior.
[2013/2/8 - 18:38:25] Sa lem has edited HouseID 135's Exterior.
[2013/2/8 - 18:38:31] Sa lem has edited HouseID 136's Exterior.
[2013/2/8 - 18:38:58] Sa lem has edited HouseID 137's Exterior.
[2013/2/8 - 18:39:13] Sa lem has edited HouseID 138's Exterior.
[2013/2/8 - 18:39:18] Sa lem has edited HouseID 138's Exterior.
[2013/2/8 - 18:40:6] Sa lem has edited HouseID 139's Exterior.
[2013/2/8 - 18:40:19] Sa lem has edited HouseID 140's Exterior.
[2013/2/8 - 18:40:30] Sa lem has edited HouseID 141's Exterior.
[2013/2/8 - 18:40:43] Sa lem has edited HouseID 142's Exterior.
[2013/2/8 - 18:40:58] Sa lem has edited HouseID 143's Exterior.
[2013/2/8 - 18:41:11] Sa lem has edited HouseID 144's Exterior.
[2013/2/8 - 18:41:19] Sa lem has edited HouseID 145's Exterior.
[2013/2/8 - 18:41:39] Sa lem has edited HouseID 146's Exterior.
[2013/2/8 - 18:41:48] Sa lem has edited HouseID 147's Exterior.
[2013/2/8 - 18:42:9] Sa lem has edited HouseID 148's Exterior.
[2013/2/8 - 18:42:24] Sa lem has edited HouseID 149's Exterior.
[2013/2/8 - 18:42:44] Sa lem has edited HouseID 150's Exterior.
[2013/2/8 - 18:42:52] Sa lem has edited HouseID 151's Exterior.
[2013/2/8 - 18:43:16] Sa lem has edited HouseID 152's Exterior.
[2013/2/8 - 18:43:25] Sa lem has edited HouseID 153's Exterior.
[2013/2/8 - 18:43:38] Sa lem has edited HouseID 154's Exterior.
[2013/2/8 - 18:49:38] Sa lem has edited HouseID 158's Exterior.
[2013/2/8 - 18:51:36] Sa lem has edited HouseID 159's Exterior.
[2013/2/8 - 18:52:11] Sa lem has edited HouseID 160's Exterior.
[2013/2/8 - 18:52:45] Sa lem has edited HouseID 161's Exterior.
[2013/2/8 - 18:53:22] Sa lem has edited HouseID 162's Exterior.
[2013/2/8 - 18:53:36] Sa lem has edited HouseID 163's Exterior.
[2013/2/8 - 18:53:55] Sa lem has edited HouseID 164's Exterior.
[2013/2/8 - 18:54:44] Sa lem has edited HouseID 165's Exterior.
[2013/2/8 - 18:54:51] Sa lem has edited HouseID 166's Exterior.
[2013/2/8 - 18:55:12] Sa lem has edited HouseID 167's Exterior.
[2013/2/8 - 18:55:21] Sa lem has edited HouseID 168's Exterior.
[2013/2/8 - 18:55:27] Sa lem has edited HouseID 169's Exterior.
[2013/2/8 - 18:55:33] Sa lem has edited HouseID 170's Exterior.
[2013/2/8 - 18:55:44] Sa lem has edited HouseID 171's Exterior.
[2013/2/8 - 18:56:44] Sa lem has edited HouseID 172's Exterior.
[2013/2/8 - 18:56:50] Sa lem has edited HouseID 173's Exterior.
[2013/2/8 - 18:56:56] Sa lem has edited HouseID 174's Exterior.
[2013/2/8 - 18:57:4] Sa lem has edited HouseID 175's Exterior.
[2013/2/8 - 18:57:13] Sa lem has edited HouseID 176's Exterior.
[2013/2/8 - 18:57:20] Sa lem has edited HouseID 177's Exterior.
[2013/2/8 - 18:57:27] Sa lem has edited HouseID 178's Exterior.
[2013/2/8 - 18:57:51] Sa lem has edited HouseID 179's Exterior.
[2013/2/8 - 19:1:49] Sa lem has edited HouseID 180's Exterior.
[2013/2/8 - 19:2:59] Sa lem has edited HouseID 180's Interior.
[2013/2/8 - 19:5:7] Sa lem has edited HouseID 181's Exterior.
[2013/2/8 - 19:5:30] Sa lem has edited HouseID 182's Exterior.
[2013/2/8 - 19:6:17] Sa lem has edited HouseID 183's Exterior.
[2013/2/8 - 19:6:37] Sa lem has edited HouseID 184's Exterior.
[2013/2/8 - 19:6:55] Sa lem has edited HouseID 185's Exterior.
[2013/2/8 - 19:7:12] Sa lem has edited HouseID 185's Exterior.
[2013/2/8 - 19:7:46] Sa lem has edited HouseID 185's Exterior.
[2013/2/8 - 19:8:22] Sa lem has deleted HouseID 233.
[2013/2/8 - 19:8:31] Sa lem has edited HouseID 186's Exterior.
[2013/2/8 - 19:10:42] Sa lem has edited HouseID 186's Interior.
[2013/2/8 - 19:11:27] Sa lem has edited HouseID 186's Exterior.
[2013/2/8 - 19:11:48] Sa lem has edited HouseID 187's Exterior.
[2013/2/8 - 19:12:34] Sa lem has edited HouseID 187's Interior.
[2013/2/8 - 19:13:10] Sa lem has edited HouseID 188's Exterior.
[2013/2/8 - 19:13:48] Sa lem has edited HouseID 188's Interior.
[2013/2/8 - 19:16:41] Sa lem has edited HouseID 189's Exterior.
[2013/2/11 - 8:28:6] Sa lem has deleted HouseID 1.
[2013/2/11 - 8:28:19] Sa lem has edited HouseID 1's Exterior.
[2013/2/11 - 8:28:37] Sa lem has deleted HouseID 1.
[2013/2/11 - 8:29:4] Sa lem has edited HouseID 1's Exterior.
[2013/2/11 - 8:29:23] Sa lem has deleted HouseID 1.
[2013/2/11 - 8:29:36] Sa lem has edited HouseID 500's Exterior.
[2013/2/11 - 8:29:50] Sa lem has edited HouseID 4999's Exterior.
[2013/2/11 - 8:29:54] Sa lem has deleted HouseID 500.
[2013/2/11 - 8:29:57] Sa lem has deleted HouseID 4999.
[2013/2/11 - 8:31:33] Sa lem has edited HouseID 1's Exterior.
[2013/2/12 - 13:36:2] Sa lem has edited HouseID 86's Exterior.
[2013/2/12 - 13:36:22] Sa lem has edited HouseID 86's Custom Exterior.
[2013/2/12 - 13:36:36] Sa lem has edited HouseID 86's Exterior.
[2013/2/12 - 15:50:36] Sa lem has edited HouseID 86's Interior.
[2013/2/13 - 10:55:48] Sa lem has deleted HouseID 162.
[2013/2/13 - 15:25:40] Sa lem has edited HouseID 130's Interior.
[2013/2/16 - 11:33:10] Sa lem has edited HouseID 1's Exterior.
[2013/2/24 - 17:56:20] Lao Hac has deleted HouseID 86.
[2013/3/10 - 13:15:25] Follow Me has edited HouseID 216's Exterior.
[2013/3/10 - 13:15:45] Follow Me has edited HouseID 217's Exterior.
[2013/3/10 - 13:17:26] Follow Me has edited HouseID 1200000's Price to $.
[2013/3/10 - 13:17:31] Follow Me has edited HouseID 1200000's Price to $.
[2013/3/10 - 13:17:50] Follow Me has edited HouseID 218's Exterior.
[2013/3/10 - 13:18:7] Follow Me has edited HouseID 219's Exterior.
[2013/3/10 - 13:18:22] Follow Me has edited HouseID 220's Exterior.
[2013/3/10 - 13:18:36] Follow Me has edited HouseID 221's Exterior.
[2013/3/10 - 13:18:50] Follow Me has edited HouseID 222's Exterior.
[2013/3/10 - 13:19:2] Follow Me has edited HouseID 1200000's Price to $.
[2013/3/10 - 13:19:5] Follow Me has edited HouseID 1200000's Price to $.
[2013/3/10 - 13:19:8] Follow Me has edited HouseID 1200000's Price to $.
[2013/3/10 - 13:19:11] Follow Me has edited HouseID 1200000's Price to $.
[2013/3/10 - 13:19:15] Follow Me has edited HouseID 1200000's Price to $.
[2013/3/10 - 13:19:18] Follow Me has edited HouseID 1200000's Price to $.
[2013/3/10 - 13:20:23] Follow Me has edited HouseID 216's Exterior.
[2013/3/10 - 13:20:27] Follow Me has edited HouseID 218's Exterior.
[2013/3/10 - 13:20:30] Follow Me has edited HouseID 220's Exterior.
[2013/3/10 - 13:20:31] Follow Me has edited HouseID 222's Exterior.
[2013/3/10 - 13:21:33] Follow Me has edited HouseID 219's Exterior.
[2013/3/10 - 13:21:37] Follow Me has edited HouseID 221's Exterior.
[2013/3/10 - 13:21:39] Follow Me has edited HouseID 217's Exterior.
[2013/3/10 - 13:30:28] Follow Me has edited HouseID 216's Exterior.
[2013/3/10 - 13:30:54] Follow Me has edited HouseID 217's Exterior.
[2013/3/10 - 13:31:14] Follow Me has edited HouseID 218's Exterior.
[2013/3/10 - 13:31:29] Follow Me has edited HouseID 219's Exterior.
[2013/3/10 - 13:31:44] Follow Me has edited HouseID 220's Exterior.
[2013/3/10 - 13:32:35] Follow Me has edited HouseID 221's Exterior.
[2013/3/10 - 13:32:59] Follow Me has edited HouseID 222's Exterior.
[2013/3/10 - 13:34:25] Follow Me has edited HouseID 216's Exterior.
[2013/3/10 - 13:34:28] Follow Me has edited HouseID 218's Exterior.
[2013/3/10 - 13:34:31] Follow Me has edited HouseID 220's Exterior.
[2013/3/10 - 13:34:34] Follow Me has edited HouseID 222's Exterior.
[2013/3/10 - 13:37:38] Follow Me has edited HouseID 222's Exterior.
[2013/3/10 - 13:38:30] Follow Me has edited HouseID 216's Exterior.
[2013/3/10 - 13:39:10] Follow Me has edited HouseID 218's Exterior.
[2013/3/10 - 13:39:37] Follow Me has edited HouseID 220's Exterior.
[2013/3/10 - 13:41:8] Follow Me has edited HouseID 216's Exterior.
[2013/3/10 - 13:41:33] Follow Me has edited HouseID 216's Exterior.
[2013/3/10 - 13:41:55] Follow Me has edited HouseID 216's Interior.
[2013/3/10 - 13:41:58] Follow Me has edited HouseID 218's Interior.
[2013/3/10 - 13:41:59] Follow Me has edited HouseID 21's Interior.
[2013/3/10 - 13:42:5] Follow Me has edited HouseID 218's Interior.
[2013/3/10 - 13:42:7] Follow Me has edited HouseID 220's Interior.
[2013/3/10 - 13:42:8] Follow Me has edited HouseID 222's Interior.
[2013/3/10 - 13:42:54] Follow Me has edited HouseID 217's Interior.
[2013/3/10 - 13:42:55] Follow Me has edited HouseID 219's Interior.
[2013/3/10 - 13:42:58] Follow Me has edited HouseID 221's Interior.
[2013/3/10 - 13:43:1] Follow Me has edited HouseID 217's Interior.
[2013/3/10 - 13:43:39] Follow Me has edited HouseID 216's Level to 1.
[2013/3/10 - 13:43:47] Follow Me has edited HouseID 217's Level to 1.
[2013/3/10 - 13:43:50] Follow Me has edited HouseID 218's Level to 1.
[2013/3/10 - 13:43:52] Follow Me has edited HouseID 219's Level to 1.
[2013/3/10 - 13:43:54] Follow Me has edited HouseID 220's Level to 1.
[2013/3/10 - 13:43:57] Follow Me has edited HouseID 221's Level to 1.
[2013/3/10 - 13:43:59] Follow Me has edited HouseID 222's Level to 1.
[2013/3/10 - 20:29:25] Follow Me has edited HouseID 218's Exterior.
[2013/3/10 - 20:29:53] Follow Me has edited HouseID 212's Exterior.
[2013/3/10 - 20:31:25] Follow Me has edited HouseID 223's Exterior.
[2013/3/10 - 20:31:33] Follow Me has edited HouseID 50000's Price to $.
[2013/3/10 - 20:31:46] Follow Me has edited HouseID 500000's Price to $.
[2013/3/10 - 20:32:54] Follow Me has edited HouseID 223's Interior.
[2013/3/10 - 20:34:57] Follow Me has edited HouseID 224's Exterior.
[2013/3/10 - 20:35:6] Follow Me has edited HouseID 1200000's Price to $.
[2013/3/10 - 20:35:14] Follow Me has edited HouseID 224's Level to 1.
[2013/3/10 - 20:35:45] Follow Me has edited HouseID 224's Interior.
[2013/3/10 - 21:12:58] Follow Me has edited HouseID 215's Exterior.
[2013/3/10 - 21:13:21] Follow Me has edited HouseID 216's Exterior.
[2013/3/10 - 21:13:40] Follow Me has edited HouseID 216's Exterior.
[2013/3/10 - 21:22:46] Follow Me has edited HouseID 225's Exterior.
[2013/3/10 - 21:22:50] Follow Me has edited HouseID 225's Exterior.
[2013/3/10 - 21:23:2] Follow Me has edited HouseID 1200000's Price to $.
[2013/3/10 - 21:23:9] Follow Me has edited HouseID 225's Level to 1.
[2013/3/10 - 21:28:26] Follow Me has edited HouseID 225's Interior.
[2013/3/10 - 22:11:8] Follow Me has edited HouseID 226's Exterior.
[2013/3/10 - 22:12:21] Follow Me has edited HouseID 1500000's Price to $.
[2013/3/10 - 22:12:29] Follow Me has edited HouseID 226's Level to 3.
[2013/3/10 - 22:13:14] Follow Me has edited HouseID 226's Interior.
[2013/3/10 - 22:35:51] Follow Me has edited HouseID 226's Interior.
[2013/3/10 - 22:41:47] Follow Me has edited HouseID 226's Interior.
[2013/3/10 - 22:43:29] Follow Me has edited HouseID 215's Exterior.
[2013/3/11 - 14:51:50] Follow Me has edited HouseID 125's Interior.
[2013/3/11 - 22:39:30] Follow Me has edited HouseID 1's Price to $.
[2013/3/11 - 22:48:3] Follow Me has edited HouseID 145's Interior.
[2013/3/11 - 23:16:36] Follow Me has edited HouseID 227's Exterior.
[2013/3/11 - 23:16:43] Follow Me has edited HouseID 227's Exterior.
[2013/3/11 - 23:17:25] Follow Me has edited HouseID 500000's Price to $.
[2013/3/11 - 23:17:30] Follow Me has edited HouseID 5000000's Price to $.
[2013/3/11 - 23:17:33] Follow Me has edited HouseID 50000000's Price to $.
[2013/3/11 - 23:17:41] Follow Me has edited HouseID 50000000's Price to $.
[2013/3/11 - 23:17:52] Follow Me has edited HouseID 227's Level to 20.
[2013/3/11 - 23:23:16] Follow Me has edited HouseID 227's Interior.
[2013/3/11 - 23:39:4] Follow Me has edited HouseID 228's Exterior.
[2013/3/11 - 23:39:14] Follow Me has edited HouseID 100000000's Price to $.
[2013/3/11 - 23:41:51] Follow Me has edited HouseID 228's Exterior.
[2013/3/12 - 18:21:25] Follow Me has edited HouseID 228's Interior.
[2013/3/12 - 18:21:34] Follow Me has edited HouseID 228's Level to 20.
[2013/3/12 - 18:21:37] Follow Me has edited HouseID 228's Level to 15.
[2013/3/12 - 18:21:44] Follow Me has edited HouseID 228's Class to 4.
[2013/3/12 - 18:21:47] Follow Me has edited HouseID 228's Class to 3.
[2013/3/12 - 21:19:56] Follow Me has edited HouseID 289's Exterior.
[2013/3/12 - 21:20:5] Follow Me has edited HouseID 800000's Price to $.
[2013/3/12 - 21:20:18] Follow Me has edited HouseID 800000's Price to $.
[2013/3/12 - 21:20:24] Follow Me has edited HouseID 290's Exterior.
[2013/3/12 - 21:21:48] Follow Me has edited HouseID 289's Exterior.
[2013/3/12 - 21:21:51] Follow Me has edited HouseID 290's Exterior.
[2013/3/12 - 21:21:57] Follow Me has edited HouseID 289's Level to 1.
[2013/3/12 - 21:22:0] Follow Me has edited HouseID 290's Level to 1.
[2013/3/12 - 21:22:41] Follow Me has edited HouseID 289's Exterior.
[2013/3/12 - 21:22:49] Follow Me has edited HouseID 290's Exterior.
[2013/3/12 - 21:23:21] Follow Me has edited HouseID 289's Interior.
[2013/3/12 - 21:23:24] Follow Me has edited HouseID 290's Interior.
[2013/3/12 - 21:39:55] Follow Me has edited HouseID 290's Exterior.
[2013/3/12 - 21:40:9] Follow Me has edited HouseID 226's Exterior.
[2013/3/14 - 12:37:48] Jeff Rygaard has edited HouseID 20000000's Price to $.
[2013/3/14 - 23:58:3] Follow Me has edited HouseID 291's Exterior.
[2013/3/14 - 23:58:11] Follow Me has edited HouseID 291's Exterior.
[2013/3/14 - 23:58:58] Follow Me has edited HouseID 8000000's Price to $.
[2013/3/14 - 23:59:6] Follow Me has edited HouseID 291's Level to 3.
[2013/3/15 - 0:0:6] Follow Me has edited HouseID 291's Interior.
