[2013/2/13 - 13:50:1] Sa lem created a Perennial (404) for Sa lem.
[2013/2/13 - 13:50:44] Sa lem created a Remington (534) for Sa lem.
[2013/2/13 - 13:54:52] Sa lem created a Remington (534) for Sa lem.
[2013/2/13 - 13:56:24] Sa lem created a Slamvan (535) for Sa lem.
[2013/2/13 - 13:57:27] Sa lem created a Slamvan (535) for Sa lem.
[2013/2/13 - 13:58:56] Sa lem created a Uranus (558) for Sa lem.
[2013/2/13 - 13:59:32] Sa lem created a Uranus (558) for Sa lem.
[2013/2/13 - 15:13:2] Sa lem created a Maverick (487) for chris ted.
[2013/2/14 - 19:52:4] Sa lem created a Maverick (487) for Binh Smith.
[2013/2/15 - 20:14:56] Sa lem created a Phoenix (603) for Sa lem.
[2013/2/17 - 6:14:3] Sa lem created a Maverick (487) for Sub Crazy.
[2013/2/18 - 17:11:23] Sa lem created a FCR-900 (521) for Tommy Nguyen.
[2013/2/23 - 9:0:54] Sa lem created a Maverick (487) for Heinz Doofenshmirtz.
[2013/2/24 - 20:27:37] Sa lem created a NRG-500 (522) for Tommy Duy.
[2013/2/25 - 21:16:31] Lao Hac created a Skimmer (460) for audi pro.
[2013/2/27 - 21:5:0] Sa lem created a Tahoma (566) for Fantasy Wakka.
[2013/3/10 - 12:44:17] Sa lem created a NRG-500 (522) for Harry Jack.
[2013/3/11 - 14:37:30] Sa lem created a NRG-500 (522) for Sant Martin.
[2013/3/12 - 20:36:26] Sa lem created a NRG-500 (522) for Derek Johnson.
[2013/3/13 - 12:29:51] Sa lem created a NRG-500 (522) for William Johnson.
[2013/3/13 - 12:41:58] Sa lem created a NRG-500 (522) for William Johnson.
[2013/3/14 - 0:7:54] Khung B0 created a FBI Truck (528) for Khung B0.
