[2013/1/10 - 19:3:31] [SHOPOBJECTS] Sa lem gave Sa lem object 335 in slot 4 - Invoice 1
[2013/1/10 - 19:4:58] [SHOPOBJECTS] Sa lem gave Sa lem object 335 in slot 5 - Invoice 1
[2013/1/11 - 21:1:11] [SHOPOBJECTS] Sa lem gave Sa lem object 365 in slot 4 - Invoice 1
[2013/1/11 - 21:2:17] [SHOPOBJECTS] Sa lem gave Sa lem object 365 in slot 5 - Invoice 1
[2013/1/11 - 21:6:20] [SHOPOBJECTS] Sa lem gave Sa lem object 3028 in slot 6 - Invoice 1
[2013/1/11 - 21:8:26] [SHOPOBJECTS] Sa lem gave Sa lem object 1279 in slot 7 - Invoice 1
[2013/1/13 - 6:52:32] [SHOPOBJECTS] Sa lem gave Sa lem object 1279 in slot 0 - Invoice 1
[2013/1/13 - 6:53:31] [SHOPOBJECTS] Sa lem gave Sa lem object 1279 in slot 1 - Invoice 1
[2013/1/13 - 6:54:31] [SHOPOBJECTS] Sa lem gave Sa lem object 1279 in slot 2 - Invoice 1
[2013/1/13 - 6:56:59] [SHOPOBJECTS] Sa lem gave Sa lem object 371 in slot 3 - Invoice 1
[2013/1/13 - 15:8:4] [SHOPOBJECTS] Sa lem gave Sa lem object 18648 in slot 5 - Invoice 
[2013/1/13 - 15:8:13] [SHOPOBJECTS] Sa lem gave Sa lem object 18648 in slot 6 - Invoice 1
[2013/1/17 - 19:41:14] [SHOPOBJECTS] Sa lem gave Sa lem object 373 in slot 6 - Invoice 1
[2013/1/19 - 9:17:43] [SHOPOBJECTS] Sa lem gave Sa lem object 352 in slot 7 - Invoice 
[2013/1/19 - 9:18:47] [SHOPOBJECTS] Sa lem gave Sa lem object 355 in slot 8 - Invoice 13
[2013/1/19 - 9:59:38] [SHOPOBJECTS] Sa lem gave Sa lem object 349 in slot 0 - Invoice 
[2013/1/19 - 10:1:11] [SHOPOBJECTS] Sa lem gave Sa lem object 373 in slot 0 - Invoice 
[2013/1/19 - 10:3:0] [SHOPOBJECTS] Sa lem gave Sa lem object 19352 in slot 1 - Invoice 
[2013/1/19 - 10:5:25] [SHOPOBJECTS] Sa lem gave Sa lem object 19487 in slot 1 - Invoice 1
[2013/1/19 - 14:29:20] [SHOPOBJECTS] Sa lem gave Sa lem object 3028 in slot 0 - Invoice 1
[2013/1/19 - 15:22:38] [SHOPOBJECTS] Sa lem gave Jonny Blade object 3028 in slot 3 - Invoice 1
[2013/1/27 - 8:35:49] [SHOPOBJECTS] Sa lem gave Sa lem object 1550 in slot 0 - Invoice 5
[2013/1/27 - 8:38:58] [SHOPOBJECTS] Sa lem gave Sa lem object 1274 in slot 1 - Invoice 
[2013/1/27 - 8:41:8] [SHOPOBJECTS] Sa lem gave Sa lem object 1274 in slot 2 - Invoice 5
[2013/1/27 - 8:42:40] [SHOPOBJECTS] Sa lem gave Sa lem object 1238 in slot 3 - Invoice 5
[2013/1/27 - 8:44:16] [SHOPOBJECTS] Sa lem gave Sa lem object 1354 in slot 4 - Invoice 5
[2013/1/27 - 8:45:26] [SHOPOBJECTS] Sa lem gave Sa lem object 19163 in slot 4 - Invoice 5
[2013/1/27 - 8:46:32] [SHOPOBJECTS] Sa lem gave Sa lem object 19470 in slot 4 - Invoice 5
[2013/1/27 - 8:48:10] [SHOPOBJECTS] Sa lem gave Sa lem object 1453 in slot 5 - Invoice 5
[2013/1/27 - 8:52:29] [SHOPOBJECTS] Sa lem gave Sa lem object 18963 in slot 5 - Invoice 5
[2013/1/27 - 16:44:23] [SHOPOBJECTS] Sa lem gave Rick Tran object 18963 in slot 3 - Invoice 45
[2013/1/27 - 16:51:3] [SHOPOBJECTS] Sa lem gave Sa lem object 1454 in slot 3 - Invoice 3
[2013/1/27 - 16:53:44] [SHOPOBJECTS] Sa lem gave Sa lem object 19163 in slot 3 - Invoice 3
[2013/1/28 - 19:0:59] [SHOPVEST] Sa lem has given Sa lem a police vest toy - Invoice 1
[2013/1/28 - 19:2:25] [SHOPLASER] Sa lem has given Sa lem a laser toy - Invoice 1
[2013/1/28 - 19:3:36] [SHOPLASER] Sa lem has given Sa lem a laser toy - Invoice 1
[2013/1/28 - 19:38:33] [SHOPVEST] Sa lem has given Ed Sheeran a police vest toy - Invoice 1
[2013/1/28 - 20:36:29] [SHOPOBJECTS] Sa lem gave Sa lem object 1486 in slot 6 - Invoice 37
[2013/1/29 - 16:10:28] [SHOPOBJECTS] Sa lem gave Sa lem object 325 in slot 7 - Invoice 12
[2013/1/29 - 16:14:57] [SHOPOBJECTS] Sa lem gave Sa lem object 1279 in slot 0 - Invoice 12
[2013/1/29 - 16:21:53] [SHOPOBJECTS] Sa lem gave Sa lem object 343 in slot 1 - Invoice 12
[2013/1/29 - 16:37:12] [SHOPOBJECTS] Sa lem gave Sa lem object 1550 in slot 0 - Invoice 12
[2013/1/29 - 18:53:36] [SHOPOBJECTS] Thomas Lee gave Thomas Lee object 19471 in slot 0 - Invoice 7
[2013/1/29 - 18:54:6] [SHOPOBJECTS] Thomas Lee gave Thomas Lee object 19470 in slot 0 - Invoice 7
[2013/1/29 - 19:0:38] [SHOPVEST] Thomas Lee has given Thomas Lee a police vest toy - Invoice 1
[2013/1/29 - 19:17:26] [SHOPOBJECTS] Thomas Lee gave Thomas Lee object 1486 in slot 0 - Invoice 7
[2013/1/31 - 18:27:1] [SHOPOBJECTS] Sa lem gave Trieu Dz object 371 in slot 0 - Invoice 55
[2013/1/31 - 18:28:11] [SHOPOBJECTS] Sa lem gave Trieu Dz object 19472 in slot 1 - Invoice 55
[2013/1/31 - 18:28:19] [SHOPOBJECTS] Sa lem gave Trieu Dz object 3028 in slot 3 - Invoice 55
[2013/1/31 - 18:28:38] [SHOPOBJECTS] Sa lem gave Trieu Dz object 1550 in slot 4 - Invoice 55
[2013/2/1 - 9:15:33] [SHOPVEST] Sa lem has given Bon Kuro a police vest toy - Invoice 1
[2013/2/1 - 10:14:55] [SHOPOBJECTS] Sa lem gave Sa lem object 19472 in slot 0 - Invoice 23
[2013/2/3 - 15:1:28] [SHOPOBJECTS] Sa lem gave Sa lem object 1609 in slot 1 - Invoice 31
[2013/2/3 - 15:4:19] [SHOPOBJECTS] Sa lem gave Sa lem object 1607 in slot 3 - Invoice 31
[2013/2/4 - 15:35:5] [SHOPOBJECTS] Sa lem gave Sa lem object 1955 in slot 0 - Invoice 33
[2013/2/4 - 15:37:50] [SHOPOBJECTS] Sa lem gave Sa lem object 2045 in slot 0 - Invoice 33
[2013/2/5 - 11:41:15] [SHOPOBJECTS] Sa lem gave Sa lem object 19566 in slot 1 - Invoice 73
[2013/2/5 - 16:25:24] [SHOPOBJECTS] Sa lem gave Sa lem object 2045 in slot 1 - Invoice 34
[2013/2/6 - 20:38:8] [SHOPEXP] Sa lem given Sa lem, 5 Double EXP Token(s) - Invoice 1
[2013/2/6 - 20:38:36] [SHOPEXP] Sa lem given Sa lem, 5 Double EXP Token(s) - Invoice 1
[2013/2/7 - 15:54:39] [SHOPLASER] Sa lem has given Andree Su a laser toy - Invoice 1
[2013/2/8 - 8:19:7] [SHOPOBJECTS] Sa lem gave Sa lem object 2916 in slot 2 - Invoice 11
[2013/2/8 - 9:50:38] [SHOPOBJECTS] Sa lem gave Sa lem object 1608 in slot 3 - Invoice 
[2013/2/8 - 9:52:12] [SHOPOBJECTS] Sa lem gave Sa lem object 1607 in slot 3 - Invoice 
[2013/2/8 - 9:55:4] [SHOPOBJECTS] Sa lem gave Sa lem object 1851 in slot 4 - Invoice 42
[2013/2/8 - 9:56:41] [SHOPOBJECTS] Sa lem gave Sa lem object 1855 in slot 5 - Invoice 42
[2013/2/8 - 9:57:36] [SHOPOBJECTS] Sa lem gave Lam Sid object 2916 in slot 6 - Invoice 67
[2013/2/8 - 10:0:0] [SHOPOBJECTS] Sa lem gave Bon Kuro object 2916 in slot 5 - Invoice 25
[2013/2/8 - 10:2:54] [SHOPOBJECTS] Sa lem gave Bon Kuro object 18963 in slot 6 - Invoice 25
[2013/2/8 - 15:25:40] [SHOPOBJECTS] Sa lem gave Sa lem object 356 in slot 3 - Invoice 103
[2013/2/9 - 12:17:2] [SHOPOBJECTS] Brug Laky gave Brug Laky object 1650 in slot 4 - Invoice 2
[2013/2/9 - 15:28:12] [SHOPOBJECTS] Sa lem gave Lam Sid object 355 in slot 7 - Invoice 27
[2013/2/9 - 18:32:38] [SHOPOBJECTS] Sa lem gave Sa lem object 2219 in slot 6 - Invoice 44
[2013/2/9 - 18:36:42] [SHOPOBJECTS] Sa lem gave Sa lem object 1607 in slot 7 - Invoice 44
[2013/2/9 - 18:58:52] [SHOPOBJECTS] Sa lem gave Sa lem object 1609 in slot 8 - Invoice 32
[2013/2/9 - 19:27:58] [SHOPOBJECTS] Sa lem gave Lam Sid object 1608 in slot 8 - Invoice 12
[2013/2/9 - 21:55:54] [SHOPOBJECTS] Sa lem gave Sa lem object 325 in slot 8 - Invoice 10
[2013/2/11 - 11:11:7] [SHOPLASER] sa lem has given sa lem a laser toy - Invoice 1
[2013/2/11 - 11:21:54] [SHOPLASER] sa lem has given sa lem a laser toy - Invoice 1
[2013/2/13 - 12:15:41] [SHOPOBJECTS] Sa lem gave Sa lem object 326 in slot 0 - Invoice 15
[2013/2/13 - 12:20:8] [SHOPOBJECTS] Sa lem gave Sa lem object 19352 in slot 1 - Invoice 15
[2013/2/13 - 12:25:26] [SHOPOBJECTS] Sa lem gave Sa lem object 1607 in slot 2 - Invoice 15
[2013/2/13 - 15:4:30] [SHOPOBJECTS] Sa lem gave Sa lem object 1609 in slot 3 - Invoice 43
[2013/2/13 - 18:53:31] [SHOPOBJECTS] Sa lem gave Sa lem object 1550 in slot 4 - Invoice 49
[2013/2/14 - 7:25:51] [SHOPOBJECTS] Sa lem gave Sa lem object 2705 in slot 5 - Invoice 7
[2013/2/14 - 7:31:53] [SHOPOBJECTS] Sa lem gave Sa lem object 6865 in slot 5 - Invoice 7
[2013/2/14 - 7:35:34] [SHOPOBJECTS] Sa lem gave Sa lem object 19347 in slot 6 - Invoice 7
[2013/2/14 - 7:39:4] [SHOPOBJECTS] Sa lem gave Sa lem object 19351 in slot 7 - Invoice 7
[2013/2/14 - 8:27:36] [SHOPOBJECTS] Sa lem gave Sa lem object 19341 in slot 8 - Invoice 7
[2013/2/14 - 8:29:27] [SHOPOBJECTS] Sa lem gave Sa lem object 19421 in slot 3 - Invoice 7
[2013/2/14 - 8:38:25] [SHOPOBJECTS] Sa lem gave Sa lem object 19011 in slot 7 - Invoice 7
[2013/2/17 - 6:15:37] [SHOPEXP] Sa lem given Sa lem, 1000 Double EXP Token(s) - Invoice 123
[2013/2/17 - 10:50:56] [SHOPEXP] Sa lem given Duc Smith, 1 Double EXP Token(s) - Invoice 1
[2013/2/17 - 13:59:35] [SHOPEXP] Sa lem given huy bonano, 1 Double EXP Token(s) - Invoice 1
[2013/2/20 - 18:8:52] [SHOPOBJECTS] Galaxy Teno gave Galaxy Teno object 19341 in slot 1 - Invoice 61
[2013/2/20 - 18:20:24] [SHOPOBJECTS] Galaxy Teno gave Galaxy Teno object 6865 in slot 2 - Invoice 34
[2013/2/20 - 18:29:42] [SHOPOBJECTS] Galaxy Teno gave Galaxy Teno object 19011 in slot 3 - Invoice 34
[2013/2/20 - 18:32:52] [SHOPLASER] Galaxy Teno has given Galaxy Teno a laser toy - Invoice 1
[2013/2/20 - 18:34:47] [SHOPLASER] Galaxy Teno has given Galaxy Teno a laser toy - Invoice 1
[2013/2/21 - 20:29:42] [SHOPOBJECTS] Sa lem gave Sa lem object 1955 in slot 8 - Invoice 23
[2013/2/23 - 10:57:1] [SHOPOBJECTS] Sa lem gave Utorrent idm object 2916 in slot 0 - Invoice 43
[2013/2/23 - 10:58:40] [SHOPOBJECTS] Sa lem gave Utorrent idm object 2916 in slot 0 - Invoice 43
[2013/2/23 - 16:22:33] [SHOPOBJECTS] Sa lem gave Sa lem object 1854 in slot 0 - Invoice 32
[2013/2/23 - 16:23:7] [SHOPOBJECTS] Sa lem gave Sa lem object 1851 in slot 0 - Invoice 32
[2013/2/23 - 16:24:5] [SHOPOBJECTS] Sa lem gave Sa lem object 1650 in slot 9 - Invoice 32
[2013/2/23 - 16:26:0] [SHOPOBJECTS] Sa lem gave Trieu Bob object 18963 in slot 0 - Invoice 50
[2013/2/23 - 16:27:44] [SHOPOBJECTS] Sa lem gave Sa lem object 2045 in slot 0 - Invoice 32
[2013/2/23 - 16:30:33] [SHOPOBJECTS] Sa lem gave Trieu Bob object 2045 in slot 1 - Invoice 50
[2013/2/24 - 18:31:33] [SHOPLASER] Lao Hac has given An Bailey a laser toy - Invoice 1
[2013/2/25 - 12:25:31] [SHOPOBJECTS] Sa lem gave Jeff Rygaard object 1607 in slot 0 - Invoice jeff
[2013/3/14 - 16:7:20] [SHOPOBJECTS] Sa lem gave Steve Smjth object 355 in slot 1 - Invoice 0
