Build started 19/12/2554 21:50:35.
     1>Project "C:\Users\ziiz\Desktop\sscanf\sscanf.vcxproj" on node 2 (build target(s)).
     1>InitializeBuildStatus:
         Creating "Release\sscanf.unsuccessfulbuild" because "AlwaysCreate" was specified.
       ClCompile:
         C:\Program Files (x86)\Microsoft Visual Studio 10.0\VC\bin\CL.exe /c /Zi /nologo /W3 /WX- /O2 /Ob2 /Ot /Oy- /GL /D WIN32 /D NDEBUG /D _WINDOWS /D _USRDLL /D SSCANF_EXPORTS /D _CRT_SECURE_NO_DEPRECATE /D _WINDLL /Gm- /EHsc /MD /GS /fp:strict /Zc:wchar_t /Zc:forScope /GR- /Fo"Release\\" /Fd"Release\vc100.pdb" /Gd /TP /wd4995 /analyze- /errorReport:prompt array.cpp data.cpp enum.cpp specifiers.cpp sscanf.cpp utils.cpp
         array.cpp
         data.cpp
         enum.cpp
         specifiers.cpp
         sscanf.cpp
         utils.cpp
         All outputs are up-to-date.
     1>C:\Program Files (x86)\MSBuild\Microsoft.Cpp\v4.0\Microsoft.CppBuild.targets(990,5): warning MSB8012: TargetPath(C:\Users\ziiz\Desktop\sscanf\Release\sscanf.dll) does not match the Linker's OutputFile property value (C:\Users\ziiz\Desktop\Plugins\sscanf.dll). This may cause your project to build incorrectly. To correct this, please make sure that $(OutDir), $(TargetName) and $(TargetExt) property values match the value specified in %(Link.OutputFile).
       Link:
         C:\Program Files (x86)\Microsoft Visual Studio 10.0\VC\bin\link.exe /ERRORREPORT:PROMPT /OUT:"..\Plugins\sscanf.dll" /INCREMENTAL:NO /NOLOGO kernel32.lib user32.lib gdi32.lib winspool.lib comdlg32.lib advapi32.lib shell32.lib ole32.lib oleaut32.lib uuid.lib odbc32.lib odbccp32.lib /DEF:"sscanf.def" /MANIFEST /ManifestFile:"Release\sscanf.dll.intermediate.manifest" /MANIFESTUAC:"level='asInvoker' uiAccess='false'" /DEBUG /PDB:"C:\Users\ziiz\Desktop\sscanf\Release\sscanf.pdb" /SUBSYSTEM:WINDOWS /OPT:REF /OPT:ICF /LTCG /TLBID:1 /DYNAMICBASE:NO /IMPLIB:"C:\Users\ziiz\Desktop\sscanf\Release\sscanf.lib" /MACHINE:X86 /DLL Release\amxplugin.obj
         Release\getch.obj
         Release\array.obj
         Release\data.obj
         Release\enum.obj
         Release\specifiers.obj
         Release\sscanf.obj
         Release\utils.obj
            Creating library C:\Users\ziiz\Desktop\sscanf\Release\sscanf.lib and object C:\Users\ziiz\Desktop\sscanf\Release\sscanf.exp
         Generating code
         Finished generating code
         sscanf.vcxproj -> C:\Users\ziiz\Desktop\sscanf\Release\sscanf.dll
       Manifest:
         C:\Program Files (x86)\Microsoft SDKs\Windows\v7.0A\bin\mt.exe /nologo /verbose /outputresource:"..\Plugins\sscanf.dll;#2" /manifest Release\sscanf.dll.intermediate.manifest
       FinalizeBuildStatus:
         Deleting file "Release\sscanf.unsuccessfulbuild".
         Touching "Release\sscanf.lastbuildstate".
     1>Done Building Project "C:\Users\ziiz\Desktop\sscanf\sscanf.vcxproj" (build target(s)).

Build succeeded.

Time Elapsed 00:00:01.02
